/!\ FAILSAFE /!\  Sat May 01 17:08:30 +0700 2010
  Status: 500 Internal Server Error
  uninitialized constant Encoding
    /home/spl/.gem/ruby/1.8/gems/activesupport-2.3.5/lib/active_support/dependencies.rb:443:in `load_missing_constant'
    /home/spl/.gem/ruby/1.8/gems/activesupport-2.3.5/lib/active_support/dependencies.rb:80:in `const_missing'
    /home/spl/.gem/ruby/1.8/gems/activesupport-2.3.5/lib/active_support/dependencies.rb:92:in `const_missing'
    /usr/lib/ruby/gems/1.8/gems/sqlite3-0.0.5/lib/sqlite3/encoding.rb:9:in `find'
    /usr/lib/ruby/gems/1.8/gems/sqlite3-0.0.5/lib/sqlite3/database.rb:69:in `initialize'
    /home/spl/.gem/ruby/1.8/gems/activerecord-2.3.5/lib/active_record/connection_adapters/sqlite3_adapter.rb:13:in `new'
    /home/spl/.gem/ruby/1.8/gems/activerecord-2.3.5/lib/active_record/connection_adapters/sqlite3_adapter.rb:13:in `sqlite3_connection'
    /home/spl/.gem/ruby/1.8/gems/activerecord-2.3.5/lib/active_record/connection_adapters/abstract/connection_pool.rb:223:in `send'
    /home/spl/.gem/ruby/1.8/gems/activerecord-2.3.5/lib/active_record/connection_adapters/abstract/connection_pool.rb:223:in `new_connection'
    /home/spl/.gem/ruby/1.8/gems/activerecord-2.3.5/lib/active_record/connection_adapters/abstract/connection_pool.rb:245:in `checkout_new_connection'
    /home/spl/.gem/ruby/1.8/gems/activerecord-2.3.5/lib/active_record/connection_adapters/abstract/connection_pool.rb:188:in `checkout'
    /home/spl/.gem/ruby/1.8/gems/activerecord-2.3.5/lib/active_record/connection_adapters/abstract/connection_pool.rb:184:in `loop'
    /home/spl/.gem/ruby/1.8/gems/activerecord-2.3.5/lib/active_record/connection_adapters/abstract/connection_pool.rb:184:in `checkout'
    /usr/lib/ruby/1.8/monitor.rb:242:in `synchronize'
    /home/spl/.gem/ruby/1.8/gems/activerecord-2.3.5/lib/active_record/connection_adapters/abstract/connection_pool.rb:183:in `checkout'
    /home/spl/.gem/ruby/1.8/gems/activerecord-2.3.5/lib/active_record/connection_adapters/abstract/connection_pool.rb:98:in `connection'
    /home/spl/.gem/ruby/1.8/gems/activerecord-2.3.5/lib/active_record/connection_adapters/abstract/connection_pool.rb:326:in `retrieve_connection'
    /home/spl/.gem/ruby/1.8/gems/activerecord-2.3.5/lib/active_record/connection_adapters/abstract/connection_specification.rb:123:in `retrieve_connection'
    /home/spl/.gem/ruby/1.8/gems/activerecord-2.3.5/lib/active_record/connection_adapters/abstract/connection_specification.rb:115:in `connection'
    /home/spl/.gem/ruby/1.8/gems/activerecord-2.3.5/lib/active_record/query_cache.rb:9:in `cache'
    /home/spl/.gem/ruby/1.8/gems/activerecord-2.3.5/lib/active_record/query_cache.rb:28:in `call'
    /home/spl/.gem/ruby/1.8/gems/activerecord-2.3.5/lib/active_record/connection_adapters/abstract/connection_pool.rb:361:in `call'
    /home/spl/.gem/ruby/1.8/gems/actionpack-2.3.5/lib/action_controller/string_coercion.rb:25:in `call'
    /usr/lib/ruby/gems/1.8/gems/rack-1.0.1/lib/rack/head.rb:9:in `call'
    /usr/lib/ruby/gems/1.8/gems/rack-1.0.1/lib/rack/methodoverride.rb:24:in `call'
    /home/spl/.gem/ruby/1.8/gems/actionpack-2.3.5/lib/action_controller/params_parser.rb:15:in `call'
    /home/spl/.gem/ruby/1.8/gems/actionpack-2.3.5/lib/action_controller/session/cookie_store.rb:93:in `call'
    /home/spl/.gem/ruby/1.8/gems/actionpack-2.3.5/lib/action_controller/failsafe.rb:26:in `call'
    /usr/lib/ruby/gems/1.8/gems/rack-1.0.1/lib/rack/lock.rb:11:in `call'
    /usr/lib/ruby/gems/1.8/gems/rack-1.0.1/lib/rack/lock.rb:11:in `synchronize'
    /usr/lib/ruby/gems/1.8/gems/rack-1.0.1/lib/rack/lock.rb:11:in `call'
    /home/spl/.gem/ruby/1.8/gems/actionpack-2.3.5/lib/action_controller/dispatcher.rb:114:in `call'
    /home/spl/.gem/ruby/1.8/gems/actionpack-2.3.5/lib/action_controller/reloader.rb:34:in `run'
    /home/spl/.gem/ruby/1.8/gems/actionpack-2.3.5/lib/action_controller/dispatcher.rb:108:in `call'
    /home/spl/.gem/ruby/1.8/gems/rails-2.3.5/lib/rails/rack/static.rb:31:in `call'
    /usr/lib/ruby/gems/1.8/gems/rack-1.0.1/lib/rack/urlmap.rb:46:in `call'
    /usr/lib/ruby/gems/1.8/gems/rack-1.0.1/lib/rack/urlmap.rb:40:in `each'
    /usr/lib/ruby/gems/1.8/gems/rack-1.0.1/lib/rack/urlmap.rb:40:in `call'
    /home/spl/.gem/ruby/1.8/gems/rails-2.3.5/lib/rails/rack/log_tailer.rb:17:in `call'
    /usr/lib/ruby/gems/1.8/gems/rack-1.0.1/lib/rack/content_length.rb:13:in `call'
    /usr/lib/ruby/gems/1.8/gems/rack-1.0.1/lib/rack/handler/webrick.rb:50:in `service'
    /usr/lib/ruby/1.8/webrick/httpserver.rb:104:in `service'
    /usr/lib/ruby/1.8/webrick/httpserver.rb:65:in `run'
    /usr/lib/ruby/1.8/webrick/server.rb:173:in `start_thread'
    /usr/lib/ruby/1.8/webrick/server.rb:162:in `start'
    /usr/lib/ruby/1.8/webrick/server.rb:162:in `start_thread'
    /usr/lib/ruby/1.8/webrick/server.rb:95:in `start'
    /usr/lib/ruby/1.8/webrick/server.rb:92:in `each'
    /usr/lib/ruby/1.8/webrick/server.rb:92:in `start'
    /usr/lib/ruby/1.8/webrick/server.rb:23:in `start'
    /usr/lib/ruby/1.8/webrick/server.rb:82:in `start'
    /usr/lib/ruby/gems/1.8/gems/rack-1.0.1/lib/rack/handler/webrick.rb:14:in `run'
    /home/spl/.gem/ruby/1.8/gems/rails-2.3.5/lib/commands/server.rb:111
    /usr/local/lib/site_ruby/1.8/rubygems/custom_require.rb:31:in `gem_original_require'
    /usr/local/lib/site_ruby/1.8/rubygems/custom_require.rb:31:in `require'
    script/server:3
  [4;36;1mSQL (0.2ms)[0m   [0;1mSET SQL_AUTO_IS_NULL=0[0m
  [4;35;1mSQL (0.3ms)[0m   [0mSHOW TABLES[0m
  [4;36;1mSQL (88.2ms)[0m   [0;1mCREATE TABLE `schema_migrations` (`version` varchar(255) NOT NULL) ENGINE=InnoDB[0m
  [4;35;1mSQL (22.3ms)[0m   [0mCREATE UNIQUE INDEX `unique_schema_migrations` ON `schema_migrations` (`version`)[0m
  [4;36;1mSQL (0.3ms)[0m   [0;1mSHOW TABLES[0m
  [4;35;1mSQL (0.4ms)[0m   [0mSELECT version FROM schema_migrations[0m
Migrating to CreateStatics (20100501101010)
  [4;36;1mSQL (3.4ms)[0m   [0;1mCREATE TABLE `statics` (`id` int(11) DEFAULT NULL auto_increment PRIMARY KEY, `created_at` datetime, `updated_at` datetime) ENGINE=InnoDB[0m
  [4;35;1mSQL (12.5ms)[0m   [0mINSERT INTO schema_migrations (version) VALUES ('20100501101010')[0m
  [4;36;1mSQL (0.4ms)[0m   [0;1mSHOW TABLES[0m
  [4;35;1mSQL (0.3ms)[0m   [0mSELECT version FROM schema_migrations[0m
  [4;36;1mSQL (0.3ms)[0m   [0;1mSHOW TABLES[0m
  [4;35;1mSQL (1.0ms)[0m   [0mSHOW FIELDS FROM `statics`[0m
  [4;36;1mSQL (0.8ms)[0m   [0;1mdescribe `statics`[0m
  [4;35;1mSQL (0.4ms)[0m   [0mSHOW KEYS FROM `statics`[0m
/!\ FAILSAFE /!\  Sat May 01 17:29:00 +0700 2010
  Status: 500 Internal Server Error
  uninitialized constant Encoding
    /home/spl/.gem/ruby/1.8/gems/activesupport-2.3.5/lib/active_support/dependencies.rb:443:in `load_missing_constant'
    /home/spl/.gem/ruby/1.8/gems/activesupport-2.3.5/lib/active_support/dependencies.rb:80:in `const_missing'
    /home/spl/.gem/ruby/1.8/gems/activesupport-2.3.5/lib/active_support/dependencies.rb:92:in `const_missing'
    /usr/lib/ruby/gems/1.8/gems/sqlite3-0.0.5/lib/sqlite3/encoding.rb:9:in `find'
    /usr/lib/ruby/gems/1.8/gems/sqlite3-0.0.5/lib/sqlite3/database.rb:69:in `initialize'
    /home/spl/.gem/ruby/1.8/gems/activerecord-2.3.5/lib/active_record/connection_adapters/sqlite3_adapter.rb:13:in `new'
    /home/spl/.gem/ruby/1.8/gems/activerecord-2.3.5/lib/active_record/connection_adapters/sqlite3_adapter.rb:13:in `sqlite3_connection'
    /home/spl/.gem/ruby/1.8/gems/activerecord-2.3.5/lib/active_record/connection_adapters/abstract/connection_pool.rb:223:in `send'
    /home/spl/.gem/ruby/1.8/gems/activerecord-2.3.5/lib/active_record/connection_adapters/abstract/connection_pool.rb:223:in `new_connection'
    /home/spl/.gem/ruby/1.8/gems/activerecord-2.3.5/lib/active_record/connection_adapters/abstract/connection_pool.rb:245:in `checkout_new_connection'
    /home/spl/.gem/ruby/1.8/gems/activerecord-2.3.5/lib/active_record/connection_adapters/abstract/connection_pool.rb:188:in `checkout'
    /home/spl/.gem/ruby/1.8/gems/activerecord-2.3.5/lib/active_record/connection_adapters/abstract/connection_pool.rb:184:in `loop'
    /home/spl/.gem/ruby/1.8/gems/activerecord-2.3.5/lib/active_record/connection_adapters/abstract/connection_pool.rb:184:in `checkout'
    /usr/lib/ruby/1.8/monitor.rb:242:in `synchronize'
    /home/spl/.gem/ruby/1.8/gems/activerecord-2.3.5/lib/active_record/connection_adapters/abstract/connection_pool.rb:183:in `checkout'
    /home/spl/.gem/ruby/1.8/gems/activerecord-2.3.5/lib/active_record/connection_adapters/abstract/connection_pool.rb:98:in `connection'
    /home/spl/.gem/ruby/1.8/gems/activerecord-2.3.5/lib/active_record/connection_adapters/abstract/connection_pool.rb:326:in `retrieve_connection'
    /home/spl/.gem/ruby/1.8/gems/activerecord-2.3.5/lib/active_record/connection_adapters/abstract/connection_specification.rb:123:in `retrieve_connection'
    /home/spl/.gem/ruby/1.8/gems/activerecord-2.3.5/lib/active_record/connection_adapters/abstract/connection_specification.rb:115:in `connection'
    /home/spl/.gem/ruby/1.8/gems/activerecord-2.3.5/lib/active_record/query_cache.rb:9:in `cache'
    /home/spl/.gem/ruby/1.8/gems/activerecord-2.3.5/lib/active_record/query_cache.rb:28:in `call'
    /home/spl/.gem/ruby/1.8/gems/activerecord-2.3.5/lib/active_record/connection_adapters/abstract/connection_pool.rb:361:in `call'
    /home/spl/.gem/ruby/1.8/gems/actionpack-2.3.5/lib/action_controller/string_coercion.rb:25:in `call'
    /usr/lib/ruby/gems/1.8/gems/rack-1.0.1/lib/rack/head.rb:9:in `call'
    /usr/lib/ruby/gems/1.8/gems/rack-1.0.1/lib/rack/methodoverride.rb:24:in `call'
    /home/spl/.gem/ruby/1.8/gems/actionpack-2.3.5/lib/action_controller/params_parser.rb:15:in `call'
    /home/spl/.gem/ruby/1.8/gems/actionpack-2.3.5/lib/action_controller/session/cookie_store.rb:93:in `call'
    /home/spl/.gem/ruby/1.8/gems/actionpack-2.3.5/lib/action_controller/failsafe.rb:26:in `call'
    /usr/lib/ruby/gems/1.8/gems/rack-1.0.1/lib/rack/lock.rb:11:in `call'
    /usr/lib/ruby/gems/1.8/gems/rack-1.0.1/lib/rack/lock.rb:11:in `synchronize'
    /usr/lib/ruby/gems/1.8/gems/rack-1.0.1/lib/rack/lock.rb:11:in `call'
    /home/spl/.gem/ruby/1.8/gems/actionpack-2.3.5/lib/action_controller/dispatcher.rb:114:in `call'
    /home/spl/.gem/ruby/1.8/gems/actionpack-2.3.5/lib/action_controller/reloader.rb:34:in `run'
    /home/spl/.gem/ruby/1.8/gems/actionpack-2.3.5/lib/action_controller/dispatcher.rb:108:in `call'
    /home/spl/.gem/ruby/1.8/gems/rails-2.3.5/lib/rails/rack/static.rb:31:in `call'
    /usr/lib/ruby/gems/1.8/gems/rack-1.0.1/lib/rack/urlmap.rb:46:in `call'
    /usr/lib/ruby/gems/1.8/gems/rack-1.0.1/lib/rack/urlmap.rb:40:in `each'
    /usr/lib/ruby/gems/1.8/gems/rack-1.0.1/lib/rack/urlmap.rb:40:in `call'
    /home/spl/.gem/ruby/1.8/gems/rails-2.3.5/lib/rails/rack/log_tailer.rb:17:in `call'
    /usr/lib/ruby/gems/1.8/gems/rack-1.0.1/lib/rack/content_length.rb:13:in `call'
    /usr/lib/ruby/gems/1.8/gems/rack-1.0.1/lib/rack/handler/webrick.rb:50:in `service'
    /usr/lib/ruby/1.8/webrick/httpserver.rb:104:in `service'
    /usr/lib/ruby/1.8/webrick/httpserver.rb:65:in `run'
    /usr/lib/ruby/1.8/webrick/server.rb:173:in `start_thread'
    /usr/lib/ruby/1.8/webrick/server.rb:162:in `start'
    /usr/lib/ruby/1.8/webrick/server.rb:162:in `start_thread'
    /usr/lib/ruby/1.8/webrick/server.rb:95:in `start'
    /usr/lib/ruby/1.8/webrick/server.rb:92:in `each'
    /usr/lib/ruby/1.8/webrick/server.rb:92:in `start'
    /usr/lib/ruby/1.8/webrick/server.rb:23:in `start'
    /usr/lib/ruby/1.8/webrick/server.rb:82:in `start'
    /usr/lib/ruby/gems/1.8/gems/rack-1.0.1/lib/rack/handler/webrick.rb:14:in `run'
    /home/spl/.gem/ruby/1.8/gems/rails-2.3.5/lib/commands/server.rb:111
    /usr/local/lib/site_ruby/1.8/rubygems/custom_require.rb:31:in `gem_original_require'
    /usr/local/lib/site_ruby/1.8/rubygems/custom_require.rb:31:in `require'
    script/server:3
  [4;36;1mSQL (0.2ms)[0m   [0;1mSET SQL_AUTO_IS_NULL=0[0m


Processing Rails::InfoController#properties (for 127.0.0.1 at 2010-05-01 17:29:20) [GET]
  [4;35;1mSQL (0.5ms)[0m   [0mSHOW TABLES[0m
  [4;36;1mSQL (0.2ms)[0m   [0;1mSELECT version FROM schema_migrations[0m
Completed in 70ms (View: 16, DB: 1) | 200 OK [http://localhost/rails/info/properties]
  [4;35;1mSQL (0.2ms)[0m   [0mSET SQL_AUTO_IS_NULL=0[0m


Processing ApplicationController#index (for 127.0.0.1 at 2010-05-01 17:29:35) [GET]

ActionController::RoutingError (No route matches "/static" with {:method=>:get}):
  /usr/lib/ruby/1.8/webrick/httpserver.rb:104:in `service'
  /usr/lib/ruby/1.8/webrick/httpserver.rb:65:in `run'
  /usr/lib/ruby/1.8/webrick/server.rb:173:in `start_thread'
  /usr/lib/ruby/1.8/webrick/server.rb:162:in `start'
  /usr/lib/ruby/1.8/webrick/server.rb:162:in `start_thread'
  /usr/lib/ruby/1.8/webrick/server.rb:95:in `start'
  /usr/lib/ruby/1.8/webrick/server.rb:92:in `each'
  /usr/lib/ruby/1.8/webrick/server.rb:92:in `start'
  /usr/lib/ruby/1.8/webrick/server.rb:23:in `start'
  /usr/lib/ruby/1.8/webrick/server.rb:82:in `start'

Rendering rescues/layout (not_found)
  [4;36;1mSQL (0.1ms)[0m   [0;1mSET SQL_AUTO_IS_NULL=0[0m


Processing StaticsController#index (for 127.0.0.1 at 2010-05-01 17:29:37) [GET]
  [4;35;1mStatic Load (0.7ms)[0m   [0mSELECT * FROM `statics` [0m
Rendering template within layouts/statics
Rendering statics/index
Completed in 141ms (View: 132, DB: 1) | 200 OK [http://localhost/statics]
  [4;36;1mSQL (0.1ms)[0m   [0;1mSET SQL_AUTO_IS_NULL=0[0m


Processing StaticsController#index (for 127.0.0.1 at 2010-05-01 17:34:55) [GET]
  [4;35;1mStatic Load (0.3ms)[0m   [0mSELECT * FROM `statics` [0m
Rendering template within layouts/statics
Rendering statics/index
Completed in 37ms (View: 26, DB: 0) | 200 OK [http://localhost/statics]
  [4;36;1mSQL (0.1ms)[0m   [0;1mSET SQL_AUTO_IS_NULL=0[0m


Processing StaticsController#index (for 127.0.0.1 at 2010-05-01 17:35:03) [GET]
  [4;35;1mStatic Load (0.3ms)[0m   [0mSELECT * FROM `statics` [0m
Rendering template within layouts/statics
Rendering statics/index
Completed in 16ms (View: 4, DB: 0) | 200 OK [http://localhost/statics]
  [4;36;1mSQL (0.1ms)[0m   [0;1mSET SQL_AUTO_IS_NULL=0[0m


Processing StaticsController#index (for 127.0.0.1 at 2010-05-01 17:35:12) [GET]
  [4;35;1mStatic Load (0.3ms)[0m   [0mSELECT * FROM `statics` [0m
Rendering template within layouts/statics
Rendering statics/index
Completed in 27ms (View: 17, DB: 0) | 200 OK [http://localhost/statics]
  [4;36;1mSQL (0.1ms)[0m   [0;1mSET SQL_AUTO_IS_NULL=0[0m


Processing StaticsController#index (for 127.0.0.1 at 2010-05-01 17:38:16) [GET]
  [4;35;1mStatic Load (0.2ms)[0m   [0mSELECT * FROM `statics` [0m
Rendering template within layouts/statics
Rendering statics/index
Completed in 23ms (View: 15, DB: 0) | 200 OK [http://localhost/statics]
  [4;36;1mSQL (0.2ms)[0m   [0;1mSET SQL_AUTO_IS_NULL=0[0m


Processing StaticsController#index (for 127.0.0.1 at 2010-05-01 17:39:38) [GET]
  [4;35;1mStatic Load (0.4ms)[0m   [0mSELECT * FROM `statics` [0m
Rendering template within layouts/statics
Rendering statics/index
Completed in 27ms (View: 16, DB: 1) | 200 OK [http://localhost/statics]
  [4;36;1mSQL (0.1ms)[0m   [0;1mSET SQL_AUTO_IS_NULL=0[0m


Processing StaticsController#index (for 127.0.0.1 at 2010-05-01 17:40:23) [GET]
  [4;35;1mStatic Load (0.3ms)[0m   [0mSELECT * FROM `statics` [0m
Rendering template within layouts/statics
Rendering statics/index
Completed in 25ms (View: 16, DB: 0) | 200 OK [http://localhost/statics]
  [4;36;1mSQL (0.3ms)[0m   [0;1mSET SQL_AUTO_IS_NULL=0[0m


Processing StaticsController#new (for 127.0.0.1 at 2010-05-01 17:40:26) [GET]
  [4;35;1mStatic Columns (28.9ms)[0m   [0mSHOW FIELDS FROM `statics`[0m
Rendering template within layouts/statics
Rendering statics/new
Completed in 103ms (View: 38, DB: 29) | 200 OK [http://localhost/statics/new]
  [4;36;1mSQL (0.1ms)[0m   [0;1mSET SQL_AUTO_IS_NULL=0[0m


Processing StaticsController#create (for 127.0.0.1 at 2010-05-01 17:40:28) [POST]
  Parameters: {"commit"=>"Create", "authenticity_token"=>"mWBPnGbjjQPgHDhvOJYYmrukryFeMo1XJmgMLvt7fGE="}
  [4;35;1mStatic Columns (0.8ms)[0m   [0mSHOW FIELDS FROM `statics`[0m
  [4;36;1mSQL (0.1ms)[0m   [0;1mBEGIN[0m
  [4;35;1mStatic Create (0.6ms)[0m   [0mINSERT INTO `statics` (`updated_at`, `created_at`) VALUES('2010-05-01 10:40:28', '2010-05-01 10:40:28')[0m
  [4;36;1mSQL (12.0ms)[0m   [0;1mCOMMIT[0m
Redirected to http://localhost:3000/statics/1
Completed in 33ms (DB: 14) | 302 Found [http://localhost/statics]
  [4;35;1mSQL (0.1ms)[0m   [0mSET SQL_AUTO_IS_NULL=0[0m


Processing StaticsController#show (for 127.0.0.1 at 2010-05-01 17:40:28) [GET]
  Parameters: {"id"=>"1"}
  [4;36;1mStatic Columns (1.0ms)[0m   [0;1mSHOW FIELDS FROM `statics`[0m
  [4;35;1mStatic Load (14.9ms)[0m   [0mSELECT * FROM `statics` WHERE (`statics`.`id` = 1) [0m
Rendering template within layouts/statics
Rendering statics/show
Completed in 34ms (View: 9, DB: 16) | 200 OK [http://localhost/statics/1]
  [4;36;1mSQL (0.1ms)[0m   [0;1mSET SQL_AUTO_IS_NULL=0[0m


Processing StaticsController#index (for 127.0.0.1 at 2010-05-01 17:40:29) [GET]
  [4;35;1mStatic Load (1.1ms)[0m   [0mSELECT * FROM `statics` [0m
Rendering template within layouts/statics
Rendering statics/index
  [4;36;1mStatic Columns (1.2ms)[0m   [0;1mSHOW FIELDS FROM `statics`[0m
Completed in 25ms (View: 11, DB: 2) | 200 OK [http://localhost/statics]
  [4;35;1mSQL (0.1ms)[0m   [0mSET SQL_AUTO_IS_NULL=0[0m


Processing StaticsController#destroy (for 127.0.0.1 at 2010-05-01 17:40:33) [DELETE]
  Parameters: {"authenticity_token"=>"mWBPnGbjjQPgHDhvOJYYmrukryFeMo1XJmgMLvt7fGE=", "id"=>"1"}
  [4;36;1mStatic Columns (1.4ms)[0m   [0;1mSHOW FIELDS FROM `statics`[0m
  [4;35;1mStatic Load (0.2ms)[0m   [0mSELECT * FROM `statics` WHERE (`statics`.`id` = 1) [0m
  [4;36;1mSQL (0.1ms)[0m   [0;1mBEGIN[0m
  [4;35;1mStatic Destroy (14.1ms)[0m   [0mDELETE FROM `statics` WHERE `id` = 1[0m
  [4;36;1mSQL (9.2ms)[0m   [0;1mCOMMIT[0m
Redirected to http://localhost:3000/statics
Completed in 39ms (DB: 25) | 302 Found [http://localhost/statics/1]
  [4;35;1mSQL (0.1ms)[0m   [0mSET SQL_AUTO_IS_NULL=0[0m


Processing StaticsController#index (for 127.0.0.1 at 2010-05-01 17:40:34) [GET]
  [4;36;1mStatic Load (0.7ms)[0m   [0;1mSELECT * FROM `statics` [0m
Rendering template within layouts/statics
Rendering statics/index
Completed in 15ms (View: 4, DB: 1) | 200 OK [http://localhost/statics]
  [4;35;1mSQL (0.1ms)[0m   [0mSET SQL_AUTO_IS_NULL=0[0m


Processing StaticsController#index (for 127.0.0.1 at 2010-05-01 17:40:37) [GET]
  [4;36;1mStatic Load (0.3ms)[0m   [0;1mSELECT * FROM `statics` [0m
Rendering template within layouts/statics
Rendering statics/index
Completed in 16ms (View: 4, DB: 0) | 200 OK [http://localhost/statics]
  [4;35;1mSQL (0.1ms)[0m   [0mSET SQL_AUTO_IS_NULL=0[0m


Processing StaticsController#index (for 127.0.0.1 at 2010-05-01 17:41:00) [GET]
  [4;36;1mStatic Load (0.2ms)[0m   [0;1mSELECT * FROM `statics` [0m
Rendering template within layouts/statics
Rendering statics/index
Completed in 12ms (View: 3, DB: 0) | 200 OK [http://localhost/statics]
  [4;35;1mSQL (0.1ms)[0m   [0mSET SQL_AUTO_IS_NULL=0[0m


Processing StaticsController#index (for 127.0.0.1 at 2010-05-01 17:41:04) [GET]
  [4;36;1mStatic Load (0.3ms)[0m   [0;1mSELECT * FROM `statics` [0m
Rendering template within layouts/statics
Rendering statics/index
Completed in 16ms (View: 5, DB: 0) | 200 OK [http://localhost/statics]
  [4;35;1mSQL (0.1ms)[0m   [0mSET SQL_AUTO_IS_NULL=0[0m


Processing StaticsController#index (for 127.0.0.1 at 2010-05-01 17:42:19) [GET]
  [4;36;1mStatic Load (1.7ms)[0m   [0;1mSELECT * FROM `statics` [0m
Rendering template within layouts/statics
Rendering statics/index
Completed in 23ms (View: 13, DB: 2) | 200 OK [http://localhost/statics]
  [4;35;1mSQL (0.1ms)[0m   [0mSET SQL_AUTO_IS_NULL=0[0m


Processing StaticsController#index (for 127.0.0.1 at 2010-05-01 17:42:23) [GET]
  [4;36;1mStatic Load (0.2ms)[0m   [0;1mSELECT * FROM `statics` [0m
Rendering template within layouts/statics
Rendering statics/index
Completed in 12ms (View: 3, DB: 0) | 200 OK [http://localhost/statics]
  [4;35;1mSQL (0.1ms)[0m   [0mSET SQL_AUTO_IS_NULL=0[0m


Processing StaticsController#index (for 127.0.0.1 at 2010-05-01 17:42:40) [GET]
  [4;36;1mStatic Load (0.2ms)[0m   [0;1mSELECT * FROM `statics` [0m
Rendering template within layouts/statics
Rendering statics/index
Completed in 22ms (View: 14, DB: 0) | 200 OK [http://localhost/statics]
  [4;35;1mSQL (0.3ms)[0m   [0mSET SQL_AUTO_IS_NULL=0[0m


Processing StaticsController#index (for 127.0.0.1 at 2010-05-01 17:43:04) [GET]
  [4;36;1mStatic Load (6.3ms)[0m   [0;1mSELECT * FROM `statics` [0m
Rendering template within layouts/statics
Rendering statics/index
Completed in 68ms (View: 40, DB: 7) | 200 OK [http://localhost/statics]
  [4;35;1mSQL (11.8ms)[0m   [0mSET SQL_AUTO_IS_NULL=0[0m


Processing StaticsController#index (for 127.0.0.1 at 2010-05-01 17:44:44) [GET]
  [4;36;1mStatic Load (0.4ms)[0m   [0;1mSELECT * FROM `statics` [0m
Rendering template within layouts/statics
Rendering statics/index
Completed in 145ms (View: 134, DB: 12) | 200 OK [http://localhost/statics]
  [4;35;1mSQL (0.1ms)[0m   [0mSET SQL_AUTO_IS_NULL=0[0m


Processing StaticsController#index (for 127.0.0.1 at 2010-05-01 17:45:10) [GET]
  [4;36;1mStatic Load (0.3ms)[0m   [0;1mSELECT * FROM `statics` [0m
Rendering template within layouts/statics
Rendering statics/index
Completed in 25ms (View: 15, DB: 0) | 200 OK [http://localhost/statics]
  [4;35;1mSQL (0.1ms)[0m   [0mSET SQL_AUTO_IS_NULL=0[0m


Processing StaticsController#index (for 127.0.0.1 at 2010-05-01 17:46:34) [GET]
  [4;36;1mStatic Load (7.0ms)[0m   [0;1mSELECT * FROM `statics` [0m
Rendering template within layouts/statics
Rendering statics/index
Completed in 41ms (View: 20, DB: 7) | 200 OK [http://localhost/statics]
  [4;35;1mSQL (0.1ms)[0m   [0mSET SQL_AUTO_IS_NULL=0[0m


Processing StaticsController#index (for 127.0.0.1 at 2010-05-01 17:47:00) [GET]
  [4;36;1mStatic Load (0.2ms)[0m   [0;1mSELECT * FROM `statics` [0m
Rendering template within layouts/statics
Rendering statics/index
Completed in 172ms (View: 162, DB: 0) | 200 OK [http://localhost/statics]
  [4;35;1mSQL (0.1ms)[0m   [0mSET SQL_AUTO_IS_NULL=0[0m


Processing StaticsController#index (for 127.0.0.1 at 2010-05-01 18:09:59) [GET]
  [4;36;1mStatic Load (0.4ms)[0m   [0;1mSELECT * FROM `statics` [0m
Rendering template within layouts/statics
Rendering statics/index
Completed in 29ms (View: 19, DB: 1) | 200 OK [http://localhost/statics]
  [4;35;1mSQL (0.2ms)[0m   [0mSET SQL_AUTO_IS_NULL=0[0m


Processing StaticsController#index (for 127.0.0.1 at 2010-05-01 18:10:04) [GET]
  [4;36;1mStatic Load (0.5ms)[0m   [0;1mSELECT * FROM `statics` [0m
Rendering template within layouts/statics
Rendering statics/index
Completed in 48ms (View: 9, DB: 1) | 200 OK [http://localhost/statics]
  [4;35;1mSQL (0.3ms)[0m   [0mSET SQL_AUTO_IS_NULL=0[0m


Processing StaticsController#index (for 127.0.0.1 at 2010-05-01 18:10:09) [GET]
  [4;36;1mStatic Load (0.9ms)[0m   [0;1mSELECT * FROM `statics` [0m
Rendering template within layouts/statics
Rendering statics/index
Completed in 38ms (View: 12, DB: 1) | 200 OK [http://localhost/statics]
  [4;35;1mSQL (0.1ms)[0m   [0mSET SQL_AUTO_IS_NULL=0[0m


Processing StaticsController#index (for 127.0.0.1 at 2010-05-01 18:10:43) [GET]
  [4;36;1mStatic Load (0.2ms)[0m   [0;1mSELECT * FROM `statics` [0m
Rendering template within layouts/statics
Rendering statics/index
Completed in 138ms (View: 130, DB: 0) | 200 OK [http://localhost/statics]
  [4;35;1mSQL (0.1ms)[0m   [0mSET SQL_AUTO_IS_NULL=0[0m


Processing StaticsController#index (for 127.0.0.1 at 2010-05-01 18:11:17) [GET]
  [4;36;1mStatic Load (0.4ms)[0m   [0;1mSELECT * FROM `statics` [0m
Rendering template within layouts/statics
Rendering statics/index
Completed in 16ms (View: 4, DB: 1) | 200 OK [http://localhost/statics]
  [4;35;1mSQL (0.1ms)[0m   [0mSET SQL_AUTO_IS_NULL=0[0m


Processing StaticsController#index (for 127.0.0.1 at 2010-05-01 18:12:00) [GET]
  [4;36;1mStatic Load (0.3ms)[0m   [0;1mSELECT * FROM `statics` [0m
Rendering template within layouts/statics
Rendering statics/index
Completed in 23ms (View: 14, DB: 0) | 200 OK [http://localhost/statics]
  [4;35;1mSQL (0.1ms)[0m   [0mSET SQL_AUTO_IS_NULL=0[0m


Processing StaticsController#index (for 127.0.0.1 at 2010-05-01 18:14:04) [GET]
  [4;36;1mStatic Load (0.2ms)[0m   [0;1mSELECT * FROM `statics` [0m
Rendering template within layouts/statics
Rendering statics/index
Completed in 12ms (View: 3, DB: 0) | 200 OK [http://localhost/statics]
  [4;35;1mSQL (0.6ms)[0m   [0mSET SQL_AUTO_IS_NULL=0[0m


Processing StaticsController#index (for 127.0.0.1 at 2010-05-01 18:23:14) [GET]
  [4;36;1mStatic Load (0.2ms)[0m   [0;1mSELECT * FROM `statics` [0m
Rendering template within layouts/statics
Rendering statics/index
Completed in 12ms (View: 3, DB: 1) | 200 OK [http://localhost/statics]
  [4;35;1mSQL (0.1ms)[0m   [0mSET SQL_AUTO_IS_NULL=0[0m


Processing StaticsController#index (for 127.0.0.1 at 2010-05-01 21:36:28) [GET]
  [4;36;1mStatic Load (6.0ms)[0m   [0;1mSELECT * FROM `statics` [0m
Rendering template within layouts/statics
Rendering statics/index
Completed in 28ms (View: 12, DB: 6) | 200 OK [http://localhost/statics]
  [4;35;1mSQL (0.1ms)[0m   [0mSET SQL_AUTO_IS_NULL=0[0m


Processing StaticsController#index (for 127.0.0.1 at 2010-05-01 21:36:42) [GET]
  [4;36;1mStatic Load (0.2ms)[0m   [0;1mSELECT * FROM `statics` [0m
Rendering template within layouts/statics
Rendering statics/index
Completed in 12ms (View: 3, DB: 0) | 200 OK [http://localhost/statics]
  [4;35;1mSQL (0.1ms)[0m   [0mSET SQL_AUTO_IS_NULL=0[0m


Processing StaticsController#index (for 127.0.0.1 at 2010-05-01 21:37:24) [GET]
  [4;36;1mStatic Load (0.4ms)[0m   [0;1mSELECT * FROM `statics` [0m
Rendering template within layouts/statics
Rendering statics/index
Completed in 29ms (View: 18, DB: 1) | 200 OK [http://localhost/statics]
  [4;35;1mSQL (0.1ms)[0m   [0mSET SQL_AUTO_IS_NULL=0[0m


Processing StaticsController#index (for 127.0.0.1 at 2010-05-01 21:37:50) [GET]
  [4;36;1mStatic Load (0.2ms)[0m   [0;1mSELECT * FROM `statics` [0m
Rendering template within layouts/statics
Rendering statics/index
Completed in 26ms (View: 16, DB: 0) | 200 OK [http://localhost/statics]
  [4;35;1mSQL (0.1ms)[0m   [0mSET SQL_AUTO_IS_NULL=0[0m


Processing StaticsController#index (for 127.0.0.1 at 2010-05-01 21:38:44) [GET]
  [4;36;1mStatic Load (0.4ms)[0m   [0;1mSELECT * FROM `statics` [0m
Rendering template within layouts/statics
Rendering statics/index
Completed in 30ms (View: 19, DB: 1) | 200 OK [http://localhost/statics]
  [4;35;1mSQL (0.1ms)[0m   [0mSET SQL_AUTO_IS_NULL=0[0m


Processing StaticsController#index (for 127.0.0.1 at 2010-05-01 21:39:48) [GET]
  [4;36;1mStatic Load (0.5ms)[0m   [0;1mSELECT * FROM `statics` [0m
Rendering template within layouts/statics
Rendering statics/index
Completed in 36ms (View: 21, DB: 1) | 200 OK [http://localhost/statics]
  [4;35;1mSQL (0.1ms)[0m   [0mSET SQL_AUTO_IS_NULL=0[0m


Processing StaticsController#index (for 127.0.0.1 at 2010-05-01 21:40:01) [GET]
  [4;36;1mStatic Load (0.3ms)[0m   [0;1mSELECT * FROM `statics` [0m
Rendering template within layouts/statics
Rendering statics/index
Completed in 17ms (View: 4, DB: 0) | 200 OK [http://localhost/statics]
  [4;35;1mSQL (0.1ms)[0m   [0mSET SQL_AUTO_IS_NULL=0[0m


Processing StaticsController#index (for 127.0.0.1 at 2010-05-01 21:40:46) [GET]
  [4;36;1mStatic Load (0.2ms)[0m   [0;1mSELECT * FROM `statics` [0m
Rendering template within layouts/statics
Rendering statics/index
Completed in 26ms (View: 18, DB: 0) | 200 OK [http://localhost/statics]
  [4;35;1mSQL (0.2ms)[0m   [0mSET SQL_AUTO_IS_NULL=0[0m


Processing StaticsController#index (for 127.0.0.1 at 2010-05-01 21:45:05) [GET]
  [4;36;1mStatic Load (0.3ms)[0m   [0;1mSELECT * FROM `statics` [0m
Rendering template within layouts/statics
Rendering statics/index
Completed in 14ms (View: 4, DB: 0) | 200 OK [http://localhost/statics]
  [4;35;1mSQL (0.1ms)[0m   [0mSET SQL_AUTO_IS_NULL=0[0m


Processing StaticsController#index (for 127.0.0.1 at 2010-05-01 22:08:43) [GET]
  [4;36;1mStatic Load (7.6ms)[0m   [0;1mSELECT * FROM `statics` [0m
Rendering template within layouts/statics
Rendering statics/index
Completed in 162ms (View: 19, DB: 8) | 200 OK [http://localhost/statics]
  [4;35;1mSQL (0.2ms)[0m   [0mSET SQL_AUTO_IS_NULL=0[0m


Processing StaticsController#index (for 127.0.0.1 at 2010-05-01 22:34:36) [GET]
  [4;36;1mStatic Load (13.3ms)[0m   [0;1mSELECT * FROM `statics` [0m
Rendering template within layouts/statics
Rendering statics/index
Completed in 50ms (View: 29, DB: 13) | 200 OK [http://localhost/statics]
  [4;35;1mSQL (0.1ms)[0m   [0mSET SQL_AUTO_IS_NULL=0[0m


Processing StaticsController#index (for 127.0.0.1 at 2010-05-01 22:35:02) [GET]
  [4;36;1mStatic Load (0.2ms)[0m   [0;1mSELECT * FROM `statics` [0m
Rendering template within layouts/statics
Rendering statics/index
Completed in 10ms (View: 3, DB: 0) | 200 OK [http://localhost/statics]
  [4;35;1mSQL (0.2ms)[0m   [0mSET SQL_AUTO_IS_NULL=0[0m


Processing StaticsController#index (for 127.0.0.1 at 2010-05-01 22:36:39) [GET]
  [4;36;1mStatic Load (0.4ms)[0m   [0;1mSELECT * FROM `statics` [0m
Rendering template within layouts/statics
Rendering statics/index
Completed in 33ms (View: 22, DB: 1) | 200 OK [http://localhost/statics]
  [4;35;1mSQL (0.1ms)[0m   [0mSET SQL_AUTO_IS_NULL=0[0m


Processing StaticsController#index (for 127.0.0.1 at 2010-05-01 22:38:41) [GET]
  [4;36;1mStatic Load (0.2ms)[0m   [0;1mSELECT * FROM `statics` [0m
Rendering template within layouts/statics
Rendering statics/index
Completed in 162ms (View: 154, DB: 0) | 200 OK [http://localhost/statics]
  [4;36;1mSQL (0.2ms)[0m   [0;1mSET SQL_AUTO_IS_NULL=0[0m


Processing StaticsController#index (for 127.0.0.1 at 2010-05-02 13:47:16) [GET]
  [4;35;1mStatic Load (0.6ms)[0m   [0mSELECT * FROM `statics` [0m
Rendering template within layouts/statics
Rendering statics/index
Completed in 90ms (View: 82, DB: 1) | 200 OK [http://localhost/statics]
  [4;36;1mSQL (0.2ms)[0m   [0;1mSET SQL_AUTO_IS_NULL=0[0m


Processing StaticsController#index (for 127.0.0.1 at 2010-05-02 14:33:33) [GET]
  [4;35;1mStatic Load (0.6ms)[0m   [0mSELECT * FROM `statics` [0m
Rendering template within layouts/statics
Rendering statics/index
Completed in 97ms (View: 87, DB: 1) | 200 OK [http://localhost/statics]
  [4;36;1mSQL (0.2ms)[0m   [0;1mSET SQL_AUTO_IS_NULL=0[0m


Processing Rails::InfoController#properties (for 127.0.0.1 at 2010-05-03 11:59:51) [GET]
  [4;35;1mSQL (0.5ms)[0m   [0mSHOW TABLES[0m
  [4;36;1mSQL (0.5ms)[0m   [0;1mSELECT version FROM schema_migrations[0m
Completed in 68ms (View: 9, DB: 1) | 200 OK [http://localhost/rails/info/properties]
  [4;35;1mSQL (0.2ms)[0m   [0mSET SQL_AUTO_IS_NULL=0[0m


Processing ApplicationController#index (for 127.0.0.1 at 2010-05-03 12:00:11) [GET]

ActionController::RoutingError (No route matches "/" with {:method=>:get}):
  /usr/lib/ruby/1.8/webrick/httpserver.rb:104:in `service'
  /usr/lib/ruby/1.8/webrick/httpserver.rb:65:in `run'
  /usr/lib/ruby/1.8/webrick/server.rb:173:in `start_thread'
  /usr/lib/ruby/1.8/webrick/server.rb:162:in `start'
  /usr/lib/ruby/1.8/webrick/server.rb:162:in `start_thread'
  /usr/lib/ruby/1.8/webrick/server.rb:95:in `start'
  /usr/lib/ruby/1.8/webrick/server.rb:92:in `each'
  /usr/lib/ruby/1.8/webrick/server.rb:92:in `start'
  /usr/lib/ruby/1.8/webrick/server.rb:23:in `start'
  /usr/lib/ruby/1.8/webrick/server.rb:82:in `start'

Rendering rescues/layout (not_found)
  [4;36;1mSQL (0.7ms)[0m   [0;1mSET SQL_AUTO_IS_NULL=0[0m


Processing StaticsController#index (for 127.0.0.1 at 2010-05-03 12:01:11) [GET]
  [4;35;1mStatic Load (2.6ms)[0m   [0mSELECT * FROM `statics` [0m
Rendering template within layouts/statics
Rendering statics/index
Completed in 278ms (View: 253, DB: 3) | 200 OK [http://localhost/]
  [4;36;1mSQL (0.1ms)[0m   [0;1mSET SQL_AUTO_IS_NULL=0[0m


Processing StaticsController#index (for 127.0.0.1 at 2010-05-03 12:54:33) [GET]
  [4;35;1mStatic Load (0.2ms)[0m   [0mSELECT * FROM `statics` [0m
Rendering template within layouts/statics
Rendering statics/index
Completed in 32ms (View: 20, DB: 0) | 200 OK [http://localhost/]
  [4;36;1mSQL (0.3ms)[0m   [0;1mSET SQL_AUTO_IS_NULL=0[0m


Processing StaticsController#index (for 127.0.0.1 at 2010-05-03 12:54:48) [GET]
  [4;35;1mStatic Load (0.4ms)[0m   [0mSELECT * FROM `statics` [0m
Rendering template within layouts/statics
Rendering statics/index
Completed in 57ms (View: 36, DB: 1) | 200 OK [http://localhost/]
  [4;36;1mSQL (0.3ms)[0m   [0;1mSET SQL_AUTO_IS_NULL=0[0m


Processing StaticsController#index (for 127.0.0.1 at 2010-05-03 12:55:19) [GET]
  [4;35;1mStatic Load (0.2ms)[0m   [0mSELECT * FROM `statics` [0m
Rendering template within layouts/statics
Rendering statics/index
Completed in 168ms (View: 152, DB: 0) | 200 OK [http://localhost/]
  [4;36;1mSQL (0.1ms)[0m   [0;1mSET SQL_AUTO_IS_NULL=0[0m


Processing StaticsController#index (for 127.0.0.1 at 2010-05-03 12:55:41) [GET]
  [4;35;1mStatic Load (0.2ms)[0m   [0mSELECT * FROM `statics` [0m
Rendering template within layouts/statics
Rendering statics/index
Completed in 30ms (View: 21, DB: 0) | 200 OK [http://localhost/]
  [4;36;1mSQL (0.1ms)[0m   [0;1mSET SQL_AUTO_IS_NULL=0[0m


Processing StaticsController#index (for 127.0.0.1 at 2010-05-03 12:55:43) [GET]
  [4;35;1mStatic Load (0.3ms)[0m   [0mSELECT * FROM `statics` [0m
Rendering template within layouts/statics
Rendering statics/index
Completed in 12ms (View: 3, DB: 0) | 200 OK [http://localhost/]
  [4;36;1mSQL (0.1ms)[0m   [0;1mSET SQL_AUTO_IS_NULL=0[0m


Processing StaticsController#index (for 127.0.0.1 at 2010-05-03 12:56:03) [GET]
  [4;35;1mStatic Load (0.2ms)[0m   [0mSELECT * FROM `statics` [0m
Rendering template within layouts/statics
Rendering statics/index
Completed in 10ms (View: 3, DB: 0) | 200 OK [http://localhost/]
  [4;36;1mSQL (0.2ms)[0m   [0;1mSET SQL_AUTO_IS_NULL=0[0m


Processing StaticsController#index (for 127.0.0.1 at 2010-05-03 13:19:08) [GET]
  [4;35;1mStatic Load (0.3ms)[0m   [0mSELECT * FROM `statics` [0m
Rendering template within layouts/statics
Rendering statics/index
Completed in 90ms (View: 81, DB: 0) | 200 OK [http://localhost/]
  [4;36;1mSQL (0.1ms)[0m   [0;1mSET SQL_AUTO_IS_NULL=0[0m


Processing StaticsController#index (for 127.0.0.1 at 2010-05-03 13:19:45) [GET]
  [4;35;1mStatic Load (0.2ms)[0m   [0mSELECT * FROM `statics` [0m
Rendering template within layouts/statics
Rendering statics/index
Completed in 25ms (View: 17, DB: 0) | 200 OK [http://localhost/]
  [4;36;1mSQL (0.2ms)[0m   [0;1mSET SQL_AUTO_IS_NULL=0[0m


Processing StaticsController#index (for 127.0.0.1 at 2010-05-03 13:23:01) [GET]
  [4;35;1mStatic Load (0.4ms)[0m   [0mSELECT * FROM `statics` [0m
Rendering template within layouts/statics
Rendering statics/index
Completed in 41ms (View: 29, DB: 1) | 200 OK [http://localhost/]
  [4;36;1mSQL (0.2ms)[0m   [0;1mSET SQL_AUTO_IS_NULL=0[0m


Processing StaticsController#index (for 127.0.0.1 at 2010-05-03 13:39:44) [GET]
  [4;35;1mStatic Load (0.3ms)[0m   [0mSELECT * FROM `statics` [0m
Rendering template within layouts/statics
Rendering statics/index
Completed in 155ms (View: 146, DB: 0) | 200 OK [http://localhost/]
  [4;36;1mSQL (0.1ms)[0m   [0;1mSET SQL_AUTO_IS_NULL=0[0m


Processing StaticsController#index (for 127.0.0.1 at 2010-05-03 13:49:26) [GET]
  [4;35;1mStatic Load (1.3ms)[0m   [0mSELECT * FROM `statics` [0m
Rendering template within layouts/statics
Rendering statics/index
Completed in 35ms (View: 25, DB: 1) | 200 OK [http://localhost/]
  [4;36;1mSQL (0.1ms)[0m   [0;1mSET SQL_AUTO_IS_NULL=0[0m


Processing StaticsController#index (for 127.0.0.1 at 2010-05-03 14:02:09) [GET]
  [4;35;1mStatic Load (0.3ms)[0m   [0mSELECT * FROM `statics` [0m
Rendering template within layouts/statics
Rendering statics/index
Completed in 11ms (View: 4, DB: 0) | 200 OK [http://localhost/]
  [4;36;1mSQL (0.2ms)[0m   [0;1mSET SQL_AUTO_IS_NULL=0[0m


Processing StaticsController#index (for 127.0.0.1 at 2010-05-03 14:02:57) [GET]
  [4;35;1mStatic Load (0.3ms)[0m   [0mSELECT * FROM `statics` [0m
Rendering template within layouts/statics
Rendering statics/index
Completed in 38ms (View: 24, DB: 0) | 200 OK [http://localhost/]
  [4;36;1mSQL (0.3ms)[0m   [0;1mSET SQL_AUTO_IS_NULL=0[0m


Processing StaticsController#index (for 127.0.0.1 at 2010-05-03 14:14:27) [GET]
  [4;35;1mStatic Load (0.4ms)[0m   [0mSELECT * FROM `statics` [0m
Rendering template within layouts/statics
Rendering statics/index
Completed in 34ms (View: 11, DB: 1) | 200 OK [http://localhost/]
  [4;36;1mSQL (0.1ms)[0m   [0;1mSET SQL_AUTO_IS_NULL=0[0m


Processing StaticsController#index (for 127.0.0.1 at 2010-05-03 14:22:09) [GET]
  [4;35;1mStatic Load (0.3ms)[0m   [0mSELECT * FROM `statics` [0m
Rendering template within layouts/statics
Rendering statics/index
Completed in 17ms (View: 7, DB: 0) | 200 OK [http://localhost/]
  [4;36;1mSQL (0.1ms)[0m   [0;1mSET SQL_AUTO_IS_NULL=0[0m


Processing StaticsController#index (for 127.0.0.1 at 2010-05-03 14:22:13) [GET]
  [4;35;1mStatic Load (0.2ms)[0m   [0mSELECT * FROM `statics` [0m
Rendering template within layouts/statics
Rendering statics/index
Completed in 20ms (View: 10, DB: 0) | 200 OK [http://localhost/]
  [4;36;1mSQL (0.1ms)[0m   [0;1mSET SQL_AUTO_IS_NULL=0[0m


Processing StaticsController#index (for 127.0.0.1 at 2010-05-03 14:25:53) [GET]
  [4;35;1mStatic Load (0.2ms)[0m   [0mSELECT * FROM `statics` [0m
Rendering template within layouts/statics
Rendering statics/index
Completed in 13ms (View: 4, DB: 0) | 200 OK [http://localhost/]
  [4;36;1mSQL (0.2ms)[0m   [0;1mSET SQL_AUTO_IS_NULL=0[0m
  [4;35;1mSQL (0.4ms)[0m   [0mSHOW TABLES[0m
  [4;36;1mSQL (0.2ms)[0m   [0;1mSELECT version FROM schema_migrations[0m
Migrating to CreateStatics (20100501101010)
Migrating to AddColumnsToStatic (20100503073949)
  [4;35;1mSQL (224.7ms)[0m   [0mALTER TABLE `statics` ADD `skey` varchar(255)[0m
  [4;36;1mSQL (7.9ms)[0m   [0;1mALTER TABLE `statics` ADD `svalue` varchar(255)[0m
  [4;35;1mSQL (6.2ms)[0m   [0mALTER TABLE `statics` ADD `stype` varchar(255)[0m
  [4;36;1mSQL (34.1ms)[0m   [0;1mINSERT INTO schema_migrations (version) VALUES ('20100503073949')[0m
  [4;36;1mSQL (0.3ms)[0m   [0;1mSET SQL_AUTO_IS_NULL=0[0m


Processing StaticsController#index (for 127.0.0.1 at 2010-05-03 14:46:31) [GET]
  [4;35;1mStatic Load (0.0ms)[0m   [0mMysql::Error: Unknown column 'skeysvalue' in 'field list': SELECT skeysvalue FROM `statics` WHERE (stype = NULL) [0m

ActiveRecord::StatementInvalid (Mysql::Error: Unknown column 'skeysvalue' in 'field list': SELECT skeysvalue FROM `statics` WHERE (stype = NULL) ):
  app/controllers/statics_controller.rb:88:in `get_statistic'
  app/controllers/statics_controller.rb:5:in `index'
  /usr/lib/ruby/1.8/webrick/httpserver.rb:104:in `service'
  /usr/lib/ruby/1.8/webrick/httpserver.rb:65:in `run'
  /usr/lib/ruby/1.8/webrick/server.rb:173:in `start_thread'
  /usr/lib/ruby/1.8/webrick/server.rb:162:in `start'
  /usr/lib/ruby/1.8/webrick/server.rb:162:in `start_thread'
  /usr/lib/ruby/1.8/webrick/server.rb:95:in `start'
  /usr/lib/ruby/1.8/webrick/server.rb:92:in `each'
  /usr/lib/ruby/1.8/webrick/server.rb:92:in `start'
  /usr/lib/ruby/1.8/webrick/server.rb:23:in `start'
  /usr/lib/ruby/1.8/webrick/server.rb:82:in `start'

Rendered rescues/_trace (132.5ms)
Rendered rescues/_request_and_response (7.5ms)
Rendering rescues/layout (internal_server_error)
  [4;36;1mSQL (0.3ms)[0m   [0;1mSET SQL_AUTO_IS_NULL=0[0m


Processing StaticsController#index (for 127.0.0.1 at 2010-05-03 14:46:49) [GET]
  [4;35;1mStatic Load (0.0ms)[0m   [0mMysql::Error: Unknown column 'skeysvalue' in 'field list': SELECT skeysvalue FROM `statics` WHERE (stype = NULL) [0m

ActiveRecord::StatementInvalid (Mysql::Error: Unknown column 'skeysvalue' in 'field list': SELECT skeysvalue FROM `statics` WHERE (stype = NULL) ):
  app/controllers/statics_controller.rb:88:in `get_statistic'
  app/controllers/statics_controller.rb:5:in `index'
  /usr/lib/ruby/1.8/webrick/httpserver.rb:104:in `service'
  /usr/lib/ruby/1.8/webrick/httpserver.rb:65:in `run'
  /usr/lib/ruby/1.8/webrick/server.rb:173:in `start_thread'
  /usr/lib/ruby/1.8/webrick/server.rb:162:in `start'
  /usr/lib/ruby/1.8/webrick/server.rb:162:in `start_thread'
  /usr/lib/ruby/1.8/webrick/server.rb:95:in `start'
  /usr/lib/ruby/1.8/webrick/server.rb:92:in `each'
  /usr/lib/ruby/1.8/webrick/server.rb:92:in `start'
  /usr/lib/ruby/1.8/webrick/server.rb:23:in `start'
  /usr/lib/ruby/1.8/webrick/server.rb:82:in `start'

Rendered rescues/_trace (212.4ms)
Rendered rescues/_request_and_response (0.6ms)
Rendering rescues/layout (internal_server_error)
  [4;36;1mSQL (0.3ms)[0m   [0;1mSET SQL_AUTO_IS_NULL=0[0m


Processing StaticsController#index (for 127.0.0.1 at 2010-05-03 14:47:04) [GET]
  [4;35;1mStatic Load (1.5ms)[0m   [0mSELECT * FROM `statics` WHERE (stype = NULL) [0m
Rendering template within layouts/statics
Rendering statics/index
Completed in 133ms (View: 95, DB: 2) | 200 OK [http://localhost/]
  [4;36;1mSQL (0.2ms)[0m   [0;1mSET SQL_AUTO_IS_NULL=0[0m


Processing StaticsController#index (for 127.0.0.1 at 2010-05-03 14:47:40) [GET]
  [4;35;1mStatic Load (0.5ms)[0m   [0mSELECT * FROM `statics` WHERE (stype = NULL) [0m
Rendering template within layouts/statics
Rendering statics/index
Completed in 75ms (View: 53, DB: 1) | 200 OK [http://localhost/]
  [4;36;1mSQL (0.1ms)[0m   [0;1mSET SQL_AUTO_IS_NULL=0[0m


Processing StaticsController#index (for 127.0.0.1 at 2010-05-03 14:48:01) [GET]
  [4;35;1mStatic Load (0.2ms)[0m   [0mSELECT * FROM `statics` WHERE (stype = NULL) [0m
Rendering template within layouts/statics
Rendering statics/index
Completed in 13ms (View: 4, DB: 0) | 200 OK [http://localhost/statics]
  [4;36;1mSQL (0.2ms)[0m   [0;1mSET SQL_AUTO_IS_NULL=0[0m


Processing StaticsController#new (for 127.0.0.1 at 2010-05-03 14:48:06) [GET]
  [4;35;1mStatic Columns (54.4ms)[0m   [0mSHOW FIELDS FROM `statics`[0m
Rendering template within layouts/statics
Rendering statics/new
Completed in 133ms (View: 56, DB: 55) | 200 OK [http://localhost/statics/new]
  [4;36;1mSQL (0.1ms)[0m   [0;1mSET SQL_AUTO_IS_NULL=0[0m


Processing StaticsController#new (for 127.0.0.1 at 2010-05-03 14:49:53) [GET]
  [4;35;1mStatic Columns (2.7ms)[0m   [0mSHOW FIELDS FROM `statics`[0m
Rendering template within layouts/statics
Rendering statics/new
Completed in 32ms (View: 17, DB: 3) | 200 OK [http://localhost/statics/new]
  [4;36;1mSQL (0.2ms)[0m   [0;1mSET SQL_AUTO_IS_NULL=0[0m


Processing StaticsController#create (for 127.0.0.1 at 2010-05-03 14:50:09) [POST]
  Parameters: {"commit"=>"Create", "authenticity_token"=>"xf/qwdF0cBxr3/As9f6O73gL0DqroXK6eZF0dgDWEtI=", "static"=>{"skey"=>"1956", "stype"=>"graduates", "svalue"=>"60"}}
  [4;35;1mStatic Columns (13.2ms)[0m   [0mSHOW FIELDS FROM `statics`[0m
  [4;36;1mSQL (0.8ms)[0m   [0;1mBEGIN[0m
  [4;35;1mStatic Create (1.6ms)[0m   [0mINSERT INTO `statics` (`updated_at`, `skey`, `stype`, `svalue`, `created_at`) VALUES('2010-05-03 07:50:09', '1956', 'graduates', '60', '2010-05-03 07:50:09')[0m
  [4;36;1mSQL (3.6ms)[0m   [0;1mCOMMIT[0m
Redirected to http://localhost:3000/statics/1
Completed in 93ms (DB: 19) | 302 Found [http://localhost/statics]
  [4;35;1mSQL (0.3ms)[0m   [0mSET SQL_AUTO_IS_NULL=0[0m


Processing StaticsController#show (for 127.0.0.1 at 2010-05-03 14:50:09) [GET]
  Parameters: {"id"=>"1"}
  [4;36;1mStatic Columns (5.9ms)[0m   [0;1mSHOW FIELDS FROM `statics`[0m
  [4;35;1mStatic Load (25.9ms)[0m   [0mSELECT * FROM `statics` WHERE (`statics`.`id` = 1) [0m
Rendering template within layouts/statics
Rendering statics/show
Completed in 116ms (View: 50, DB: 32) | 200 OK [http://localhost/statics/1]
  [4;36;1mSQL (0.3ms)[0m   [0;1mSET SQL_AUTO_IS_NULL=0[0m


Processing StaticsController#index (for 127.0.0.1 at 2010-05-03 14:50:11) [GET]
  [4;35;1mStatic Load (1.7ms)[0m   [0mSELECT * FROM `statics` WHERE (stype = NULL) [0m
Rendering template within layouts/statics
Rendering statics/index
Completed in 40ms (View: 10, DB: 2) | 200 OK [http://localhost/statics]
  [4;36;1mSQL (0.3ms)[0m   [0;1mSET SQL_AUTO_IS_NULL=0[0m


Processing StaticsController#new (for 127.0.0.1 at 2010-05-03 14:50:18) [GET]
  [4;35;1mStatic Columns (3.0ms)[0m   [0mSHOW FIELDS FROM `statics`[0m
Rendering template within layouts/statics
Rendering statics/new
Completed in 60ms (View: 33, DB: 3) | 200 OK [http://localhost/statics/new]
  [4;36;1mSQL (0.3ms)[0m   [0;1mSET SQL_AUTO_IS_NULL=0[0m


Processing StaticsController#create (for 127.0.0.1 at 2010-05-03 14:50:28) [POST]
  Parameters: {"commit"=>"Create", "authenticity_token"=>"xf/qwdF0cBxr3/As9f6O73gL0DqroXK6eZF0dgDWEtI=", "static"=>{"skey"=>"1957", "stype"=>"graduates", "svalue"=>"130"}}
  [4;35;1mStatic Columns (2.9ms)[0m   [0mSHOW FIELDS FROM `statics`[0m
  [4;36;1mSQL (0.5ms)[0m   [0;1mBEGIN[0m
  [4;35;1mStatic Create (0.8ms)[0m   [0mINSERT INTO `statics` (`updated_at`, `skey`, `stype`, `svalue`, `created_at`) VALUES('2010-05-03 07:50:28', '1957', 'graduates', '130', '2010-05-03 07:50:28')[0m
  [4;36;1mSQL (4.2ms)[0m   [0;1mCOMMIT[0m
Redirected to http://localhost:3000/statics/2
Completed in 48ms (DB: 9) | 302 Found [http://localhost/statics]
  [4;35;1mSQL (0.4ms)[0m   [0mSET SQL_AUTO_IS_NULL=0[0m


Processing StaticsController#show (for 127.0.0.1 at 2010-05-03 14:50:28) [GET]
  Parameters: {"id"=>"2"}
  [4;36;1mStatic Columns (3.4ms)[0m   [0;1mSHOW FIELDS FROM `statics`[0m
  [4;35;1mStatic Load (1.4ms)[0m   [0mSELECT * FROM `statics` WHERE (`statics`.`id` = 2) [0m
Rendering template within layouts/statics
Rendering statics/show
Completed in 42ms (View: 13, DB: 5) | 200 OK [http://localhost/statics/2]
  [4;36;1mSQL (0.4ms)[0m   [0;1mSET SQL_AUTO_IS_NULL=0[0m


Processing StaticsController#create (for 127.0.0.1 at 2010-05-03 14:50:35) [POST]
  Parameters: {"commit"=>"Create", "authenticity_token"=>"xf/qwdF0cBxr3/As9f6O73gL0DqroXK6eZF0dgDWEtI=", "static"=>{"skey"=>"1958", "stype"=>"graduates", "svalue"=>"135"}}
  [4;35;1mStatic Columns (11.4ms)[0m   [0mSHOW FIELDS FROM `statics`[0m
  [4;36;1mSQL (7.4ms)[0m   [0;1mBEGIN[0m
  [4;35;1mStatic Create (1.1ms)[0m   [0mINSERT INTO `statics` (`updated_at`, `skey`, `stype`, `svalue`, `created_at`) VALUES('2010-05-03 07:50:35', '1958', 'graduates', '135', '2010-05-03 07:50:35')[0m
  [4;36;1mSQL (4.8ms)[0m   [0;1mCOMMIT[0m
Redirected to http://localhost:3000/statics/3
Completed in 77ms (DB: 25) | 302 Found [http://localhost/statics]
  [4;35;1mSQL (0.2ms)[0m   [0mSET SQL_AUTO_IS_NULL=0[0m


Processing StaticsController#show (for 127.0.0.1 at 2010-05-03 14:50:36) [GET]
  Parameters: {"id"=>"3"}
  [4;36;1mStatic Columns (3.5ms)[0m   [0;1mSHOW FIELDS FROM `statics`[0m
  [4;35;1mStatic Load (1.5ms)[0m   [0mSELECT * FROM `statics` WHERE (`statics`.`id` = 3) [0m
Rendering template within layouts/statics
Rendering statics/show
Completed in 61ms (View: 20, DB: 5) | 200 OK [http://localhost/statics/3]
  [4;36;1mSQL (0.2ms)[0m   [0;1mSET SQL_AUTO_IS_NULL=0[0m


Processing StaticsController#index (for 127.0.0.1 at 2010-05-03 14:50:37) [GET]
  [4;35;1mStatic Load (1.9ms)[0m   [0mSELECT * FROM `statics` WHERE (stype = NULL) [0m
Rendering template within layouts/statics
Rendering statics/index
Completed in 26ms (View: 5, DB: 2) | 200 OK [http://localhost/statics]
  [4;36;1mSQL (0.3ms)[0m   [0;1mSET SQL_AUTO_IS_NULL=0[0m


Processing StaticsController#create (for 127.0.0.1 at 2010-05-03 14:50:48) [POST]
  Parameters: {"commit"=>"Create", "authenticity_token"=>"xf/qwdF0cBxr3/As9f6O73gL0DqroXK6eZF0dgDWEtI=", "static"=>{"skey"=>"1959", "stype"=>"graduates", "svalue"=>"210"}}
  [4;35;1mStatic Columns (2.6ms)[0m   [0mSHOW FIELDS FROM `statics`[0m
  [4;36;1mSQL (0.3ms)[0m   [0;1mBEGIN[0m
  [4;35;1mStatic Create (1.0ms)[0m   [0mINSERT INTO `statics` (`updated_at`, `skey`, `stype`, `svalue`, `created_at`) VALUES('2010-05-03 07:50:48', '1959', 'graduates', '210', '2010-05-03 07:50:48')[0m
  [4;36;1mSQL (5.1ms)[0m   [0;1mCOMMIT[0m
Redirected to http://localhost:3000/statics/4
Completed in 45ms (DB: 9) | 302 Found [http://localhost/statics]
  [4;35;1mSQL (0.3ms)[0m   [0mSET SQL_AUTO_IS_NULL=0[0m


Processing StaticsController#show (for 127.0.0.1 at 2010-05-03 14:50:49) [GET]
  Parameters: {"id"=>"4"}
  [4;36;1mStatic Columns (4.3ms)[0m   [0;1mSHOW FIELDS FROM `statics`[0m
  [4;35;1mStatic Load (2.6ms)[0m   [0mSELECT * FROM `statics` WHERE (`statics`.`id` = 4) [0m
Rendering template within layouts/statics
Rendering statics/show
Completed in 39ms (View: 9, DB: 7) | 200 OK [http://localhost/statics/4]
  [4;36;1mSQL (0.2ms)[0m   [0;1mSET SQL_AUTO_IS_NULL=0[0m


Processing StaticsController#create (for 127.0.0.1 at 2010-05-03 14:50:58) [POST]
  Parameters: {"commit"=>"Create", "authenticity_token"=>"xf/qwdF0cBxr3/As9f6O73gL0DqroXK6eZF0dgDWEtI=", "static"=>{"skey"=>"1960", "stype"=>"graduates", "svalue"=>"211"}}
  [4;35;1mStatic Columns (1.0ms)[0m   [0mSHOW FIELDS FROM `statics`[0m
  [4;36;1mSQL (1.9ms)[0m   [0;1mBEGIN[0m
  [4;35;1mStatic Create (0.4ms)[0m   [0mINSERT INTO `statics` (`updated_at`, `skey`, `stype`, `svalue`, `created_at`) VALUES('2010-05-03 07:50:58', '1960', 'graduates', '211', '2010-05-03 07:50:58')[0m
  [4;36;1mSQL (2.2ms)[0m   [0;1mCOMMIT[0m
Redirected to http://localhost:3000/statics/5
Completed in 23ms (DB: 6) | 302 Found [http://localhost/statics]
  [4;35;1mSQL (0.1ms)[0m   [0mSET SQL_AUTO_IS_NULL=0[0m


Processing StaticsController#show (for 127.0.0.1 at 2010-05-03 14:50:58) [GET]
  Parameters: {"id"=>"5"}
  [4;36;1mStatic Columns (1.3ms)[0m   [0;1mSHOW FIELDS FROM `statics`[0m
  [4;35;1mStatic Load (0.3ms)[0m   [0mSELECT * FROM `statics` WHERE (`statics`.`id` = 5) [0m
Rendering template within layouts/statics
Rendering statics/show
Completed in 14ms (View: 4, DB: 2) | 200 OK [http://localhost/statics/5]
  [4;36;1mSQL (0.4ms)[0m   [0;1mSET SQL_AUTO_IS_NULL=0[0m


Processing StaticsController#create (for 127.0.0.1 at 2010-05-03 14:51:07) [POST]
  Parameters: {"commit"=>"Create", "authenticity_token"=>"xf/qwdF0cBxr3/As9f6O73gL0DqroXK6eZF0dgDWEtI=", "static"=>{"skey"=>"1961", "stype"=>"graduates", "svalue"=>"214"}}
  [4;35;1mStatic Columns (2.9ms)[0m   [0mSHOW FIELDS FROM `statics`[0m
  [4;36;1mSQL (0.9ms)[0m   [0;1mBEGIN[0m
  [4;35;1mStatic Create (1.1ms)[0m   [0mINSERT INTO `statics` (`updated_at`, `skey`, `stype`, `svalue`, `created_at`) VALUES('2010-05-03 07:51:07', '1961', 'graduates', '214', '2010-05-03 07:51:07')[0m
  [4;36;1mSQL (4.8ms)[0m   [0;1mCOMMIT[0m
Redirected to http://localhost:3000/statics/6
Completed in 56ms (DB: 10) | 302 Found [http://localhost/statics]
  [4;35;1mSQL (0.2ms)[0m   [0mSET SQL_AUTO_IS_NULL=0[0m


Processing StaticsController#show (for 127.0.0.1 at 2010-05-03 14:51:07) [GET]
  Parameters: {"id"=>"6"}
  [4;36;1mStatic Columns (1.1ms)[0m   [0;1mSHOW FIELDS FROM `statics`[0m
  [4;35;1mStatic Load (0.4ms)[0m   [0mSELECT * FROM `statics` WHERE (`statics`.`id` = 6) [0m
Rendering template within layouts/statics
Rendering statics/show
Completed in 16ms (View: 5, DB: 2) | 200 OK [http://localhost/statics/6]
  [4;36;1mSQL (0.3ms)[0m   [0;1mSET SQL_AUTO_IS_NULL=0[0m


Processing StaticsController#create (for 127.0.0.1 at 2010-05-03 14:51:15) [POST]
  Parameters: {"commit"=>"Create", "authenticity_token"=>"xf/qwdF0cBxr3/As9f6O73gL0DqroXK6eZF0dgDWEtI=", "static"=>{"skey"=>"1962", "stype"=>"graduates", "svalue"=>"211"}}
  [4;35;1mStatic Columns (3.8ms)[0m   [0mSHOW FIELDS FROM `statics`[0m
  [4;36;1mSQL (0.3ms)[0m   [0;1mBEGIN[0m
  [4;35;1mStatic Create (1.1ms)[0m   [0mINSERT INTO `statics` (`updated_at`, `skey`, `stype`, `svalue`, `created_at`) VALUES('2010-05-03 07:51:15', '1962', 'graduates', '211', '2010-05-03 07:51:15')[0m
  [4;36;1mSQL (5.4ms)[0m   [0;1mCOMMIT[0m
Redirected to http://localhost:3000/statics/7
Completed in 52ms (DB: 11) | 302 Found [http://localhost/statics]
  [4;35;1mSQL (0.3ms)[0m   [0mSET SQL_AUTO_IS_NULL=0[0m


Processing StaticsController#show (for 127.0.0.1 at 2010-05-03 14:51:15) [GET]
  Parameters: {"id"=>"7"}
  [4;36;1mStatic Columns (4.0ms)[0m   [0;1mSHOW FIELDS FROM `statics`[0m
  [4;35;1mStatic Load (9.5ms)[0m   [0mSELECT * FROM `statics` WHERE (`statics`.`id` = 7) [0m
Rendering template within layouts/statics
Rendering statics/show
Completed in 78ms (View: 22, DB: 14) | 200 OK [http://localhost/statics/7]
  [4;36;1mSQL (0.1ms)[0m   [0;1mSET SQL_AUTO_IS_NULL=0[0m


Processing StaticsController#index (for 127.0.0.1 at 2010-05-03 14:51:16) [GET]
  [4;35;1mStatic Load (0.7ms)[0m   [0mSELECT * FROM `statics` WHERE (stype = NULL) [0m
Rendering template within layouts/statics
Rendering statics/index
Completed in 19ms (View: 6, DB: 1) | 200 OK [http://localhost/statics]
  [4;36;1mSQL (0.3ms)[0m   [0;1mSET SQL_AUTO_IS_NULL=0[0m


Processing StaticsController#create (for 127.0.0.1 at 2010-05-03 14:51:24) [POST]
  Parameters: {"commit"=>"Create", "authenticity_token"=>"xf/qwdF0cBxr3/As9f6O73gL0DqroXK6eZF0dgDWEtI=", "static"=>{"skey"=>"1963", "stype"=>"graduates", "svalue"=>"201"}}
  [4;35;1mStatic Columns (3.2ms)[0m   [0mSHOW FIELDS FROM `statics`[0m
  [4;36;1mSQL (0.5ms)[0m   [0;1mBEGIN[0m
  [4;35;1mStatic Create (0.9ms)[0m   [0mINSERT INTO `statics` (`updated_at`, `skey`, `stype`, `svalue`, `created_at`) VALUES('2010-05-03 07:51:24', '1963', 'graduates', '201', '2010-05-03 07:51:24')[0m
  [4;36;1mSQL (5.1ms)[0m   [0;1mCOMMIT[0m
Redirected to http://localhost:3000/statics/8
Completed in 46ms (DB: 10) | 302 Found [http://localhost/statics]
  [4;35;1mSQL (0.3ms)[0m   [0mSET SQL_AUTO_IS_NULL=0[0m


Processing StaticsController#show (for 127.0.0.1 at 2010-05-03 14:51:24) [GET]
  Parameters: {"id"=>"8"}
  [4;36;1mStatic Columns (1.4ms)[0m   [0;1mSHOW FIELDS FROM `statics`[0m
  [4;35;1mStatic Load (0.6ms)[0m   [0mSELECT * FROM `statics` WHERE (`statics`.`id` = 8) [0m
Rendering template within layouts/statics
Rendering statics/show
Completed in 16ms (View: 4, DB: 2) | 200 OK [http://localhost/statics/8]
  [4;36;1mSQL (0.1ms)[0m   [0;1mSET SQL_AUTO_IS_NULL=0[0m


Processing StaticsController#index (for 127.0.0.1 at 2010-05-03 14:51:25) [GET]
  [4;35;1mStatic Load (4.4ms)[0m   [0mSELECT * FROM `statics` WHERE (stype = NULL) [0m
Rendering template within layouts/statics
Rendering statics/index
Completed in 19ms (View: 5, DB: 4) | 200 OK [http://localhost/statics]
  [4;36;1mSQL (0.4ms)[0m   [0;1mSET SQL_AUTO_IS_NULL=0[0m


Processing StaticsController#create (for 127.0.0.1 at 2010-05-03 14:51:32) [POST]
  Parameters: {"commit"=>"Create", "authenticity_token"=>"xf/qwdF0cBxr3/As9f6O73gL0DqroXK6eZF0dgDWEtI=", "static"=>{"skey"=>"1964", "stype"=>"graduates", "svalue"=>"190"}}
  [4;35;1mStatic Columns (3.3ms)[0m   [0mSHOW FIELDS FROM `statics`[0m
  [4;36;1mSQL (0.7ms)[0m   [0;1mBEGIN[0m
  [4;35;1mStatic Create (0.9ms)[0m   [0mINSERT INTO `statics` (`updated_at`, `skey`, `stype`, `svalue`, `created_at`) VALUES('2010-05-03 07:51:32', '1964', 'graduates', '190', '2010-05-03 07:51:32')[0m
  [4;36;1mSQL (6.2ms)[0m   [0;1mCOMMIT[0m
Redirected to http://localhost:3000/statics/9
Completed in 57ms (DB: 12) | 302 Found [http://localhost/statics]
  [4;35;1mSQL (0.2ms)[0m   [0mSET SQL_AUTO_IS_NULL=0[0m


Processing StaticsController#show (for 127.0.0.1 at 2010-05-03 14:51:32) [GET]
  Parameters: {"id"=>"9"}
  [4;36;1mStatic Columns (11.9ms)[0m   [0;1mSHOW FIELDS FROM `statics`[0m
  [4;35;1mStatic Load (4.3ms)[0m   [0mSELECT * FROM `statics` WHERE (`statics`.`id` = 9) [0m
Rendering template within layouts/statics
Rendering statics/show
Completed in 49ms (View: 10, DB: 17) | 200 OK [http://localhost/statics/9]
  [4;36;1mSQL (0.3ms)[0m   [0;1mSET SQL_AUTO_IS_NULL=0[0m


Processing StaticsController#create (for 127.0.0.1 at 2010-05-03 14:51:45) [POST]
  Parameters: {"commit"=>"Create", "authenticity_token"=>"xf/qwdF0cBxr3/As9f6O73gL0DqroXK6eZF0dgDWEtI=", "static"=>{"skey"=>"1965", "stype"=>"graduates", "svalue"=>"199"}}
  [4;35;1mStatic Columns (3.2ms)[0m   [0mSHOW FIELDS FROM `statics`[0m
  [4;36;1mSQL (20.1ms)[0m   [0;1mBEGIN[0m
  [4;35;1mStatic Create (1.1ms)[0m   [0mINSERT INTO `statics` (`updated_at`, `skey`, `stype`, `svalue`, `created_at`) VALUES('2010-05-03 07:51:45', '1965', 'graduates', '199', '2010-05-03 07:51:45')[0m
  [4;36;1mSQL (5.6ms)[0m   [0;1mCOMMIT[0m
Redirected to http://localhost:3000/statics/10
Completed in 94ms (DB: 30) | 302 Found [http://localhost/statics]
  [4;35;1mSQL (0.3ms)[0m   [0mSET SQL_AUTO_IS_NULL=0[0m


Processing StaticsController#show (for 127.0.0.1 at 2010-05-03 14:51:45) [GET]
  Parameters: {"id"=>"10"}
  [4;36;1mStatic Columns (1.5ms)[0m   [0;1mSHOW FIELDS FROM `statics`[0m
  [4;35;1mStatic Load (0.6ms)[0m   [0mSELECT * FROM `statics` WHERE (`statics`.`id` = 10) [0m
Rendering template within layouts/statics
Rendering statics/show
Completed in 16ms (View: 4, DB: 2) | 200 OK [http://localhost/statics/10]
  [4;36;1mSQL (0.2ms)[0m   [0;1mSET SQL_AUTO_IS_NULL=0[0m


Processing StaticsController#index (for 127.0.0.1 at 2010-05-03 14:51:48) [GET]
  [4;35;1mStatic Load (0.5ms)[0m   [0mSELECT * FROM `statics` WHERE (stype = NULL) [0m
Rendering template within layouts/statics
Rendering statics/index
Completed in 14ms (View: 5, DB: 1) | 200 OK [http://localhost/]
  [4;36;1mSQL (0.4ms)[0m   [0;1mSET SQL_AUTO_IS_NULL=0[0m


Processing StaticsController#index (for 127.0.0.1 at 2010-05-03 14:52:29) [GET]
  [4;35;1mStatic Load (4.6ms)[0m   [0mSELECT * FROM `statics` WHERE (stype = NULL) [0m
Rendering template within layouts/statics
Rendering statics/index
Completed in 165ms (View: 149, DB: 5) | 200 OK [http://localhost/]
  [4;36;1mSQL (0.2ms)[0m   [0;1mSET SQL_AUTO_IS_NULL=0[0m


Processing StaticsController#index (for 127.0.0.1 at 2010-05-03 14:52:47) [GET]
  [4;35;1mStatic Load (6.0ms)[0m   [0mSELECT * FROM `statics` WHERE (stype = NULL) [0m
Rendering template within layouts/statics
Rendering statics/index
Completed in 24ms (View: 5, DB: 6) | 200 OK [http://localhost/]
  [4;36;1mSQL (0.1ms)[0m   [0;1mSET SQL_AUTO_IS_NULL=0[0m


Processing StaticsController#index (for 127.0.0.1 at 2010-05-03 14:53:30) [GET]
  [4;35;1mStatic Load (0.5ms)[0m   [0mSELECT * FROM `statics` WHERE (stype = 'graduates') [0m
  [4;36;1mStatic Columns (1.5ms)[0m   [0;1mSHOW FIELDS FROM `statics`[0m
Rendering template within layouts/statics
Rendering statics/index
Completed in 20ms (View: 5, DB: 2) | 200 OK [http://localhost/]
  [4;35;1mSQL (0.1ms)[0m   [0mSET SQL_AUTO_IS_NULL=0[0m


Processing StaticsController#index (for 127.0.0.1 at 2010-05-03 15:04:38) [GET]
  [4;36;1mStatic Load (0.5ms)[0m   [0;1mSELECT * FROM `statics` WHERE (stype = 'graduates') [0m
  [4;35;1mStatic Columns (2.1ms)[0m   [0mSHOW FIELDS FROM `statics`[0m
Rendering template within layouts/statics
Rendering statics/index
Completed in 23ms (View: 5, DB: 3) | 200 OK [http://localhost/]
  [4;36;1mSQL (0.2ms)[0m   [0;1mSET SQL_AUTO_IS_NULL=0[0m
  [4;35;1mSQL (0.4ms)[0m   [0mSHOW TABLES[0m
  [4;36;1mSQL (0.4ms)[0m   [0;1mSELECT version FROM schema_migrations[0m
Migrating to CreateTestDb (20100304170152)
  [4;35;1mSQL (47.1ms)[0m   [0mCREATE TABLE `mmfds` (`id` int(11) DEFAULT NULL auto_increment PRIMARY KEY, `year` int(11), `group` int(11), `firstname` varchar(255), `lastname` varchar(255), `middlename` varchar(255), `phone` varchar(255), `email` varchar(255), `url` varchar(255)) ENGINE=InnoDB[0m
  [4;36;1mSQL (0.5ms)[0m   [0;1mINSERT INTO schema_migrations (version) VALUES ('20100304170152')[0m
Migrating to CreateMexmats (20100309104649)
  [4;35;1mSQL (3.1ms)[0m   [0mCREATE TABLE `mexmats` (`id` int(11) DEFAULT NULL auto_increment PRIMARY KEY, `group` int(11), `year` int(11), `firstname` varchar(255), `lastname` varchar(255), `middlename` varchar(255), `created_at` datetime, `updated_at` datetime) ENGINE=InnoDB[0m
  [4;36;1mSQL (0.6ms)[0m   [0;1mINSERT INTO schema_migrations (version) VALUES ('20100309104649')[0m
Migrating to CreateStatics (20100501101010)
Migrating to AddColumnsToStatic (20100503073949)
  [4;36;1mSQL (0.2ms)[0m   [0;1mSET SQL_AUTO_IS_NULL=0[0m
  [4;35;1mSQL (0.4ms)[0m   [0mSHOW TABLES[0m
  [4;36;1mSQL (0.4ms)[0m   [0;1mSELECT version FROM schema_migrations[0m
Migrating to CreateTestDb (20100304170152)
Migrating to CreateMexmats (20100309104649)
Migrating to CreateStatics (20100501101010)
Migrating to AddColumnsToStatic (20100503073949)
  [4;35;1mSQL (0.4ms)[0m   [0mSHOW TABLES[0m
  [4;36;1mSQL (0.1ms)[0m   [0;1mSELECT version FROM schema_migrations[0m
  [4;35;1mSQL (0.3ms)[0m   [0mSHOW TABLES[0m
  [4;36;1mSQL (1.1ms)[0m   [0;1mSHOW FIELDS FROM `mexmats`[0m
  [4;35;1mSQL (1.1ms)[0m   [0mdescribe `mexmats`[0m
  [4;36;1mSQL (0.5ms)[0m   [0;1mSHOW KEYS FROM `mexmats`[0m
  [4;35;1mSQL (1.2ms)[0m   [0mSHOW FIELDS FROM `mmfds`[0m
  [4;36;1mSQL (1.1ms)[0m   [0;1mdescribe `mmfds`[0m
  [4;35;1mSQL (0.4ms)[0m   [0mSHOW KEYS FROM `mmfds`[0m
  [4;36;1mSQL (0.9ms)[0m   [0;1mSHOW FIELDS FROM `statics`[0m
  [4;35;1mSQL (0.9ms)[0m   [0mdescribe `statics`[0m
  [4;36;1mSQL (0.3ms)[0m   [0;1mSHOW KEYS FROM `statics`[0m
  [4;36;1mSQL (0.2ms)[0m   [0;1mSET SQL_AUTO_IS_NULL=0[0m
  [4;35;1mSQL (0.4ms)[0m   [0mSHOW TABLES[0m
  [4;36;1mSQL (0.2ms)[0m   [0;1mSELECT version FROM schema_migrations[0m
Migrating to CreateTestDb (20100304170152)
Migrating to CreateMexmats (20100309104649)
Migrating to CreateStatics (20100501101010)
Migrating to AddColumnsToStatic (20100503073949)
  [4;35;1mSQL (0.5ms)[0m   [0mSHOW TABLES[0m
  [4;36;1mSQL (0.2ms)[0m   [0;1mSELECT version FROM schema_migrations[0m
  [4;35;1mSQL (0.5ms)[0m   [0mSHOW TABLES[0m
  [4;36;1mSQL (1.5ms)[0m   [0;1mSHOW FIELDS FROM `mexmats`[0m
  [4;35;1mSQL (3.4ms)[0m   [0mdescribe `mexmats`[0m
  [4;36;1mSQL (1.6ms)[0m   [0;1mSHOW KEYS FROM `mexmats`[0m
  [4;35;1mSQL (1.2ms)[0m   [0mSHOW FIELDS FROM `mmfds`[0m
  [4;36;1mSQL (1.1ms)[0m   [0;1mdescribe `mmfds`[0m
  [4;35;1mSQL (0.4ms)[0m   [0mSHOW KEYS FROM `mmfds`[0m
  [4;36;1mSQL (12.2ms)[0m   [0;1mSHOW FIELDS FROM `statics`[0m
  [4;35;1mSQL (1.0ms)[0m   [0mdescribe `statics`[0m
  [4;36;1mSQL (0.4ms)[0m   [0;1mSHOW KEYS FROM `statics`[0m
  [4;36;1mSQL (0.2ms)[0m   [0;1mSET SQL_AUTO_IS_NULL=0[0m
  [4;35;1mSQL (0.4ms)[0m   [0mSHOW TABLES[0m
  [4;36;1mSQL (0.2ms)[0m   [0;1mSELECT version FROM schema_migrations[0m
Migrating to CreateTestDb (20100304170152)
Migrating to CreateMexmats (20100309104649)
Migrating to CreateStatics (20100501101010)
Migrating to AddColumnsToStatic (20100503073949)
  [4;35;1mSQL (0.4ms)[0m   [0mSHOW TABLES[0m
  [4;36;1mSQL (0.1ms)[0m   [0;1mSELECT version FROM schema_migrations[0m
  [4;35;1mSQL (0.3ms)[0m   [0mSHOW TABLES[0m
  [4;36;1mSQL (1.0ms)[0m   [0;1mSHOW FIELDS FROM `mexmats`[0m
  [4;35;1mSQL (1.0ms)[0m   [0mdescribe `mexmats`[0m
  [4;36;1mSQL (0.4ms)[0m   [0;1mSHOW KEYS FROM `mexmats`[0m
  [4;35;1mSQL (1.1ms)[0m   [0mSHOW FIELDS FROM `mmfds`[0m
  [4;36;1mSQL (1.1ms)[0m   [0;1mdescribe `mmfds`[0m
  [4;35;1mSQL (0.5ms)[0m   [0mSHOW KEYS FROM `mmfds`[0m
  [4;36;1mSQL (0.9ms)[0m   [0;1mSHOW FIELDS FROM `statics`[0m
  [4;35;1mSQL (0.9ms)[0m   [0mdescribe `statics`[0m
  [4;36;1mSQL (0.4ms)[0m   [0;1mSHOW KEYS FROM `statics`[0m
  [4;36;1mSQL (0.2ms)[0m   [0;1mSET SQL_AUTO_IS_NULL=0[0m
  [4;35;1mSQL (0.4ms)[0m   [0mSHOW TABLES[0m
  [4;36;1mSQL (35.0ms)[0m   [0;1mCREATE TABLE `schema_migrations` (`version` varchar(255) NOT NULL) ENGINE=InnoDB[0m
  [4;35;1mSQL (5.9ms)[0m   [0mCREATE UNIQUE INDEX `unique_schema_migrations` ON `schema_migrations` (`version`)[0m
  [4;36;1mSQL (0.4ms)[0m   [0;1mSHOW TABLES[0m
  [4;35;1mSQL (0.4ms)[0m   [0mSELECT version FROM schema_migrations[0m
Migrating to CreateTestDb (20100304170152)
  [4;36;1mSQL (3.1ms)[0m   [0;1mCREATE TABLE `mmfds` (`id` int(11) DEFAULT NULL auto_increment PRIMARY KEY, `year` int(11), `group` int(11), `firstname` varchar(255), `lastname` varchar(255), `middlename` varchar(255), `phone` varchar(255), `email` varchar(255), `url` varchar(255)) ENGINE=InnoDB[0m
  [4;35;1mSQL (0.6ms)[0m   [0mINSERT INTO schema_migrations (version) VALUES ('20100304170152')[0m
Migrating to CreateMexmats (20100309104649)
  [4;36;1mSQL (3.5ms)[0m   [0;1mCREATE TABLE `mexmats` (`id` int(11) DEFAULT NULL auto_increment PRIMARY KEY, `group` int(11), `year` int(11), `firstname` varchar(255), `lastname` varchar(255), `middlename` varchar(255), `created_at` datetime, `updated_at` datetime) ENGINE=InnoDB[0m
  [4;35;1mSQL (0.7ms)[0m   [0mINSERT INTO schema_migrations (version) VALUES ('20100309104649')[0m
Migrating to CreateStatics (20100501101010)
  [4;36;1mSQL (3.5ms)[0m   [0;1mCREATE TABLE `statics` (`id` int(11) DEFAULT NULL auto_increment PRIMARY KEY, `created_at` datetime, `updated_at` datetime) ENGINE=InnoDB[0m
  [4;35;1mSQL (0.6ms)[0m   [0mINSERT INTO schema_migrations (version) VALUES ('20100501101010')[0m
Migrating to AddColumnsToStatic (20100503073949)
  [4;36;1mSQL (7.1ms)[0m   [0;1mALTER TABLE `statics` ADD `skey` varchar(255)[0m
  [4;35;1mSQL (7.4ms)[0m   [0mALTER TABLE `statics` ADD `svalue` varchar(255)[0m
  [4;36;1mSQL (7.5ms)[0m   [0;1mALTER TABLE `statics` ADD `stype` varchar(255)[0m
  [4;35;1mSQL (0.6ms)[0m   [0mINSERT INTO schema_migrations (version) VALUES ('20100503073949')[0m
  [4;36;1mSQL (1.2ms)[0m   [0;1mSHOW TABLES[0m
  [4;35;1mSQL (0.4ms)[0m   [0mSELECT version FROM schema_migrations[0m
  [4;36;1mSQL (0.8ms)[0m   [0;1mSHOW TABLES[0m
  [4;35;1mSQL (2.0ms)[0m   [0mSHOW FIELDS FROM `mexmats`[0m
  [4;36;1mSQL (1.5ms)[0m   [0;1mdescribe `mexmats`[0m
  [4;35;1mSQL (0.7ms)[0m   [0mSHOW KEYS FROM `mexmats`[0m
  [4;36;1mSQL (1.4ms)[0m   [0;1mSHOW FIELDS FROM `mmfds`[0m
  [4;35;1mSQL (1.2ms)[0m   [0mdescribe `mmfds`[0m
  [4;36;1mSQL (0.4ms)[0m   [0;1mSHOW KEYS FROM `mmfds`[0m
  [4;35;1mSQL (1.1ms)[0m   [0mSHOW FIELDS FROM `statics`[0m
  [4;36;1mSQL (1.0ms)[0m   [0;1mdescribe `statics`[0m
  [4;35;1mSQL (0.5ms)[0m   [0mSHOW KEYS FROM `statics`[0m
/!\ FAILSAFE /!\  Tue May 04 04:12:25 +0700 2010
  Status: 500 Internal Server Error
  no such file to load -- mysql
    /usr/local/lib/site_ruby/1.8/rubygems/custom_require.rb:31:in `gem_original_require'
    /usr/local/lib/site_ruby/1.8/rubygems/custom_require.rb:31:in `require'
    /usr/lib/ruby/gems/1.8/gems/activesupport-2.3.5/lib/active_support/dependencies.rb:156:in `require'
    /usr/lib/ruby/gems/1.8/gems/activesupport-2.3.5/lib/active_support/dependencies.rb:521:in `new_constants_in'
    /usr/lib/ruby/gems/1.8/gems/activesupport-2.3.5/lib/active_support/dependencies.rb:156:in `require'
    /usr/lib/ruby/gems/1.8/gems/activesupport-2.3.5/lib/active_support/core_ext/kernel/requires.rb:7:in `require_library_or_gem'
    /usr/lib/ruby/gems/1.8/gems/activesupport-2.3.5/lib/active_support/core_ext/kernel/reporting.rb:11:in `silence_warnings'
    /usr/lib/ruby/gems/1.8/gems/activesupport-2.3.5/lib/active_support/core_ext/kernel/requires.rb:5:in `require_library_or_gem'
    /usr/lib/ruby/gems/1.8/gems/activerecord-2.3.5/lib/active_record/connection_adapters/mysql_adapter.rb:61:in `mysql_connection'
    /usr/lib/ruby/gems/1.8/gems/activerecord-2.3.5/lib/active_record/connection_adapters/abstract/connection_pool.rb:223:in `send'
    /usr/lib/ruby/gems/1.8/gems/activerecord-2.3.5/lib/active_record/connection_adapters/abstract/connection_pool.rb:223:in `new_connection'
    /usr/lib/ruby/gems/1.8/gems/activerecord-2.3.5/lib/active_record/connection_adapters/abstract/connection_pool.rb:245:in `checkout_new_connection'
    /usr/lib/ruby/gems/1.8/gems/activerecord-2.3.5/lib/active_record/connection_adapters/abstract/connection_pool.rb:188:in `checkout'
    /usr/lib/ruby/gems/1.8/gems/activerecord-2.3.5/lib/active_record/connection_adapters/abstract/connection_pool.rb:184:in `loop'
    /usr/lib/ruby/gems/1.8/gems/activerecord-2.3.5/lib/active_record/connection_adapters/abstract/connection_pool.rb:184:in `checkout'
    /usr/lib/ruby/1.8/monitor.rb:242:in `synchronize'
    /usr/lib/ruby/gems/1.8/gems/activerecord-2.3.5/lib/active_record/connection_adapters/abstract/connection_pool.rb:183:in `checkout'
    /usr/lib/ruby/gems/1.8/gems/activerecord-2.3.5/lib/active_record/connection_adapters/abstract/connection_pool.rb:98:in `connection'
    /usr/lib/ruby/gems/1.8/gems/activerecord-2.3.5/lib/active_record/connection_adapters/abstract/connection_pool.rb:326:in `retrieve_connection'
    /usr/lib/ruby/gems/1.8/gems/activerecord-2.3.5/lib/active_record/connection_adapters/abstract/connection_specification.rb:123:in `retrieve_connection'
    /usr/lib/ruby/gems/1.8/gems/activerecord-2.3.5/lib/active_record/connection_adapters/abstract/connection_specification.rb:115:in `connection'
    /usr/lib/ruby/gems/1.8/gems/activerecord-2.3.5/lib/active_record/query_cache.rb:9:in `cache'
    /usr/lib/ruby/gems/1.8/gems/activerecord-2.3.5/lib/active_record/query_cache.rb:28:in `call'
    /usr/lib/ruby/gems/1.8/gems/activerecord-2.3.5/lib/active_record/connection_adapters/abstract/connection_pool.rb:361:in `call'
    /usr/lib/ruby/gems/1.8/gems/actionpack-2.3.5/lib/action_controller/string_coercion.rb:25:in `call'
    /usr/lib/ruby/gems/1.8/gems/rack-1.0.1/lib/rack/head.rb:9:in `call'
    /usr/lib/ruby/gems/1.8/gems/rack-1.0.1/lib/rack/methodoverride.rb:24:in `call'
    /usr/lib/ruby/gems/1.8/gems/actionpack-2.3.5/lib/action_controller/params_parser.rb:15:in `call'
    /usr/lib/ruby/gems/1.8/gems/actionpack-2.3.5/lib/action_controller/session/cookie_store.rb:93:in `call'
    /usr/lib/ruby/gems/1.8/gems/actionpack-2.3.5/lib/action_controller/failsafe.rb:26:in `call'
    /usr/lib/ruby/gems/1.8/gems/rack-1.0.1/lib/rack/lock.rb:11:in `call'
    /usr/lib/ruby/gems/1.8/gems/rack-1.0.1/lib/rack/lock.rb:11:in `synchronize'
    /usr/lib/ruby/gems/1.8/gems/rack-1.0.1/lib/rack/lock.rb:11:in `call'
    /usr/lib/ruby/gems/1.8/gems/actionpack-2.3.5/lib/action_controller/dispatcher.rb:114:in `call'
    /usr/lib/ruby/gems/1.8/gems/actionpack-2.3.5/lib/action_controller/reloader.rb:34:in `run'
    /usr/lib/ruby/gems/1.8/gems/actionpack-2.3.5/lib/action_controller/dispatcher.rb:108:in `call'
    /usr/lib/ruby/gems/1.8/gems/rails-2.3.5/lib/rails/rack/static.rb:31:in `call'
    /usr/lib/ruby/gems/1.8/gems/rack-1.0.1/lib/rack/urlmap.rb:46:in `call'
    /usr/lib/ruby/gems/1.8/gems/rack-1.0.1/lib/rack/urlmap.rb:40:in `each'
    /usr/lib/ruby/gems/1.8/gems/rack-1.0.1/lib/rack/urlmap.rb:40:in `call'
    /usr/lib/ruby/gems/1.8/gems/rack-1.0.1/lib/rack/content_length.rb:13:in `call'
    /usr/lib/ruby/gems/1.8/gems/rack-1.0.1/lib/rack/handler/webrick.rb:50:in `service'
    /usr/lib/ruby/1.8/webrick/httpserver.rb:104:in `service'
    /usr/lib/ruby/1.8/webrick/httpserver.rb:65:in `run'
    /usr/lib/ruby/1.8/webrick/server.rb:173:in `start_thread'
    /usr/lib/ruby/1.8/webrick/server.rb:162:in `start'
    /usr/lib/ruby/1.8/webrick/server.rb:162:in `start_thread'
    /usr/lib/ruby/1.8/webrick/server.rb:95:in `start'
    /usr/lib/ruby/1.8/webrick/server.rb:92:in `each'
    /usr/lib/ruby/1.8/webrick/server.rb:92:in `start'
    /usr/lib/ruby/1.8/webrick/server.rb:23:in `start'
    /usr/lib/ruby/1.8/webrick/server.rb:82:in `start'
    /usr/lib/ruby/gems/1.8/gems/rack-1.0.1/lib/rack/handler/webrick.rb:14:in `run'
    /usr/lib/ruby/gems/1.8/gems/rails-2.3.5/lib/commands/server.rb:111
    /usr/local/lib/site_ruby/1.8/rubygems/custom_require.rb:31:in `gem_original_require'
    /usr/local/lib/site_ruby/1.8/rubygems/custom_require.rb:31:in `require'
    script/server:3
/!\ FAILSAFE /!\  Tue May 04 04:13:08 +0700 2010
  Status: 500 Internal Server Error
  no such file to load -- mysql
    /usr/local/lib/site_ruby/1.8/rubygems/custom_require.rb:31:in `gem_original_require'
    /usr/local/lib/site_ruby/1.8/rubygems/custom_require.rb:31:in `require'
    /usr/lib/ruby/gems/1.8/gems/activesupport-2.3.5/lib/active_support/dependencies.rb:156:in `require'
    /usr/lib/ruby/gems/1.8/gems/activesupport-2.3.5/lib/active_support/dependencies.rb:521:in `new_constants_in'
    /usr/lib/ruby/gems/1.8/gems/activesupport-2.3.5/lib/active_support/dependencies.rb:156:in `require'
    /usr/lib/ruby/gems/1.8/gems/activesupport-2.3.5/lib/active_support/core_ext/kernel/requires.rb:7:in `require_library_or_gem'
    /usr/lib/ruby/gems/1.8/gems/activesupport-2.3.5/lib/active_support/core_ext/kernel/reporting.rb:11:in `silence_warnings'
    /usr/lib/ruby/gems/1.8/gems/activesupport-2.3.5/lib/active_support/core_ext/kernel/requires.rb:5:in `require_library_or_gem'
    /usr/lib/ruby/gems/1.8/gems/activerecord-2.3.5/lib/active_record/connection_adapters/mysql_adapter.rb:61:in `mysql_connection'
    /usr/lib/ruby/gems/1.8/gems/activerecord-2.3.5/lib/active_record/connection_adapters/abstract/connection_pool.rb:223:in `send'
    /usr/lib/ruby/gems/1.8/gems/activerecord-2.3.5/lib/active_record/connection_adapters/abstract/connection_pool.rb:223:in `new_connection'
    /usr/lib/ruby/gems/1.8/gems/activerecord-2.3.5/lib/active_record/connection_adapters/abstract/connection_pool.rb:245:in `checkout_new_connection'
    /usr/lib/ruby/gems/1.8/gems/activerecord-2.3.5/lib/active_record/connection_adapters/abstract/connection_pool.rb:188:in `checkout'
    /usr/lib/ruby/gems/1.8/gems/activerecord-2.3.5/lib/active_record/connection_adapters/abstract/connection_pool.rb:184:in `loop'
    /usr/lib/ruby/gems/1.8/gems/activerecord-2.3.5/lib/active_record/connection_adapters/abstract/connection_pool.rb:184:in `checkout'
    /usr/lib/ruby/1.8/monitor.rb:242:in `synchronize'
    /usr/lib/ruby/gems/1.8/gems/activerecord-2.3.5/lib/active_record/connection_adapters/abstract/connection_pool.rb:183:in `checkout'
    /usr/lib/ruby/gems/1.8/gems/activerecord-2.3.5/lib/active_record/connection_adapters/abstract/connection_pool.rb:98:in `connection'
    /usr/lib/ruby/gems/1.8/gems/activerecord-2.3.5/lib/active_record/connection_adapters/abstract/connection_pool.rb:326:in `retrieve_connection'
    /usr/lib/ruby/gems/1.8/gems/activerecord-2.3.5/lib/active_record/connection_adapters/abstract/connection_specification.rb:123:in `retrieve_connection'
    /usr/lib/ruby/gems/1.8/gems/activerecord-2.3.5/lib/active_record/connection_adapters/abstract/connection_specification.rb:115:in `connection'
    /usr/lib/ruby/gems/1.8/gems/activerecord-2.3.5/lib/active_record/query_cache.rb:9:in `cache'
    /usr/lib/ruby/gems/1.8/gems/activerecord-2.3.5/lib/active_record/query_cache.rb:28:in `call'
    /usr/lib/ruby/gems/1.8/gems/activerecord-2.3.5/lib/active_record/connection_adapters/abstract/connection_pool.rb:361:in `call'
    /usr/lib/ruby/gems/1.8/gems/actionpack-2.3.5/lib/action_controller/string_coercion.rb:25:in `call'
    /usr/lib/ruby/gems/1.8/gems/rack-1.0.1/lib/rack/head.rb:9:in `call'
    /usr/lib/ruby/gems/1.8/gems/rack-1.0.1/lib/rack/methodoverride.rb:24:in `call'
    /usr/lib/ruby/gems/1.8/gems/actionpack-2.3.5/lib/action_controller/params_parser.rb:15:in `call'
    /usr/lib/ruby/gems/1.8/gems/actionpack-2.3.5/lib/action_controller/session/cookie_store.rb:93:in `call'
    /usr/lib/ruby/gems/1.8/gems/actionpack-2.3.5/lib/action_controller/failsafe.rb:26:in `call'
    /usr/lib/ruby/gems/1.8/gems/rack-1.0.1/lib/rack/lock.rb:11:in `call'
    /usr/lib/ruby/gems/1.8/gems/rack-1.0.1/lib/rack/lock.rb:11:in `synchronize'
    /usr/lib/ruby/gems/1.8/gems/rack-1.0.1/lib/rack/lock.rb:11:in `call'
    /usr/lib/ruby/gems/1.8/gems/actionpack-2.3.5/lib/action_controller/dispatcher.rb:114:in `call'
    /usr/lib/ruby/gems/1.8/gems/actionpack-2.3.5/lib/action_controller/reloader.rb:34:in `run'
    /usr/lib/ruby/gems/1.8/gems/actionpack-2.3.5/lib/action_controller/dispatcher.rb:108:in `call'
    /usr/lib/ruby/gems/1.8/gems/rails-2.3.5/lib/rails/rack/static.rb:31:in `call'
    /usr/lib/ruby/gems/1.8/gems/rack-1.0.1/lib/rack/urlmap.rb:46:in `call'
    /usr/lib/ruby/gems/1.8/gems/rack-1.0.1/lib/rack/urlmap.rb:40:in `each'
    /usr/lib/ruby/gems/1.8/gems/rack-1.0.1/lib/rack/urlmap.rb:40:in `call'
    /usr/lib/ruby/gems/1.8/gems/rails-2.3.5/lib/rails/rack/log_tailer.rb:17:in `call'
    /usr/lib/ruby/gems/1.8/gems/rack-1.0.1/lib/rack/content_length.rb:13:in `call'
    /usr/lib/ruby/gems/1.8/gems/rack-1.0.1/lib/rack/handler/webrick.rb:50:in `service'
    /usr/lib/ruby/1.8/webrick/httpserver.rb:104:in `service'
    /usr/lib/ruby/1.8/webrick/httpserver.rb:65:in `run'
    /usr/lib/ruby/1.8/webrick/server.rb:173:in `start_thread'
    /usr/lib/ruby/1.8/webrick/server.rb:162:in `start'
    /usr/lib/ruby/1.8/webrick/server.rb:162:in `start_thread'
    /usr/lib/ruby/1.8/webrick/server.rb:95:in `start'
    /usr/lib/ruby/1.8/webrick/server.rb:92:in `each'
    /usr/lib/ruby/1.8/webrick/server.rb:92:in `start'
    /usr/lib/ruby/1.8/webrick/server.rb:23:in `start'
    /usr/lib/ruby/1.8/webrick/server.rb:82:in `start'
    /usr/lib/ruby/gems/1.8/gems/rack-1.0.1/lib/rack/handler/webrick.rb:14:in `run'
    /usr/lib/ruby/gems/1.8/gems/rails-2.3.5/lib/commands/server.rb:111
    /usr/local/lib/site_ruby/1.8/rubygems/custom_require.rb:31:in `gem_original_require'
    /usr/local/lib/site_ruby/1.8/rubygems/custom_require.rb:31:in `require'
    script/server:3
  [4;36;1mSQL (65.1ms)[0m   [0;1mSET SQL_AUTO_IS_NULL=0[0m


Processing StaticsController#index (for 127.0.0.1 at 2010-05-05 05:33:27) [GET]
  [4;35;1mStatic Load (42.3ms)[0m   [0mSELECT * FROM `statics` WHERE (stype = 'graduates') [0m
Rendering template within layouts/statics
Rendering statics/index
Completed in 421ms (View: 367, DB: 107) | 200 OK [http://localhost/]
