This file contains any messages produced by compilers while
running configure, to aid debugging if configure makes a mistake.

It was created by Raptor RDF Parser configure 1.4.21, which was
generated by GNU Autoconf 2.65.  Invocation command line was

  $ ./configure 

## --------- ##
## Platform. ##
## --------- ##

hostname = spl-laptop
uname -m = x86_64
uname -r = 2.6.24-22-generic
uname -s = Linux
uname -v = #1 SMP Mon Nov 24 19:35:06 UTC 2008

/usr/bin/uname -p = unknown
/bin/uname -X     = unknown

/bin/arch              = unknown
/usr/bin/arch -k       = unknown
/usr/convex/getsysinfo = unknown
/usr/bin/hostinfo      = unknown
/bin/machine           = unknown
/usr/bin/oslevel       = unknown
/bin/universe          = unknown

PATH: /usr/local/sbin
PATH: /usr/local/bin
PATH: /usr/sbin
PATH: /usr/bin
PATH: /sbin
PATH: /bin
PATH: /usr/games


## ----------- ##
## Core tests. ##
## ----------- ##

configure:2731: checking for a BSD-compatible install
configure:2799: result: /usr/bin/install -c
configure:2810: checking whether build environment is sane
configure:2860: result: yes
configure:3001: checking for a thread-safe mkdir -p
configure:3040: result: /bin/mkdir -p
configure:3053: checking for gawk
configure:3083: result: no
configure:3053: checking for mawk
configure:3069: found /usr/bin/mawk
configure:3080: result: mawk
configure:3091: checking whether make sets $(MAKE)
configure:3113: result: yes
configure:3194: checking whether to enable maintainer-specific portions of Makefiles
configure:3203: result: no
configure:3255: checking build system type
configure:3269: result: x86_64-unknown-linux-gnu
configure:3289: checking host system type
configure:3302: result: x86_64-unknown-linux-gnu
configure:3322: checking whether build environment is sane
configure:3372: result: yes
configure:3422: checking for gcc
configure:3438: found /usr/bin/gcc
configure:3449: result: gcc
configure:3678: checking for C compiler version
configure:3687: gcc --version >&5
gcc (GCC) 4.2.4 (Ubuntu 4.2.4-1ubuntu3)
Copyright (C) 2007 Free Software Foundation, Inc.
This is free software; see the source for copying conditions.  There is NO
warranty; not even for MERCHANTABILITY or FITNESS FOR A PARTICULAR PURPOSE.

configure:3698: $? = 0
configure:3687: gcc -v >&5
Using built-in specs.
Target: x86_64-linux-gnu
Configured with: ../src/configure -v --enable-languages=c,c++,fortran,objc,obj-c++,treelang --prefix=/usr --enable-shared --with-system-zlib --libexecdir=/usr/lib --without-included-gettext --enable-threads=posix --enable-nls --with-gxx-include-dir=/usr/include/c++/4.2 --program-suffix=-4.2 --enable-clocale=gnu --enable-libstdcxx-debug --enable-objc-gc --enable-mpfr --enable-checking=release --build=x86_64-linux-gnu --host=x86_64-linux-gnu --target=x86_64-linux-gnu
Thread model: posix
gcc version 4.2.4 (Ubuntu 4.2.4-1ubuntu3)
configure:3698: $? = 0
configure:3687: gcc -V >&5
gcc: '-V' option must have argument
configure:3698: $? = 1
configure:3687: gcc -qversion >&5
gcc: unrecognized option '-qversion'
gcc: no input files
configure:3698: $? = 1
configure:3718: checking whether the C compiler works
configure:3740: gcc    conftest.c  >&5
configure:3744: $? = 0
configure:3793: result: yes
configure:3796: checking for C compiler default output file name
configure:3798: result: a.out
configure:3804: checking for suffix of executables
configure:3811: gcc -o conftest    conftest.c  >&5
configure:3815: $? = 0
configure:3837: result: 
configure:3859: checking whether we are cross compiling
configure:3867: gcc -o conftest    conftest.c  >&5
configure:3871: $? = 0
configure:3878: ./conftest
configure:3882: $? = 0
configure:3897: result: no
configure:3902: checking for suffix of object files
configure:3924: gcc -c   conftest.c >&5
configure:3928: $? = 0
configure:3949: result: o
configure:3953: checking whether we are using the GNU C compiler
configure:3972: gcc -c   conftest.c >&5
configure:3972: $? = 0
configure:3981: result: yes
configure:3990: checking whether gcc accepts -g
configure:4010: gcc -c -g  conftest.c >&5
configure:4010: $? = 0
configure:4051: result: yes
configure:4068: checking for gcc option to accept ISO C89
configure:4132: gcc  -c -g -O2  conftest.c >&5
configure:4132: $? = 0
configure:4145: result: none needed
configure:4176: checking for style of include used by make
configure:4204: result: GNU
configure:4229: checking dependency style of gcc
configure:4339: result: gcc3
configure:4355: checking whether gcc and cc understand -c and -o together
configure:4386: gcc -c conftest.c -o conftest2.o >&5
configure:4390: $? = 0
configure:4396: gcc -c conftest.c -o conftest2.o >&5
configure:4400: $? = 0
configure:4411: cc -c conftest.c >&5
configure:4415: $? = 0
configure:4423: cc -c conftest.c -o conftest2.o >&5
configure:4427: $? = 0
configure:4433: cc -c conftest.c -o conftest2.o >&5
configure:4437: $? = 0
configure:4455: result: yes
configure:4510: checking for a sed that does not truncate output
configure:4574: result: /bin/sed
configure:4592: checking for grep that handles long lines and -e
configure:4650: result: /bin/grep
configure:4655: checking for egrep
configure:4717: result: /bin/grep -E
configure:4722: checking for fgrep
configure:4784: result: /bin/grep -F
configure:4819: checking for ld used by gcc
configure:4886: result: /usr/bin/ld
configure:4893: checking if the linker (/usr/bin/ld) is GNU ld
configure:4908: result: yes
configure:4920: checking for BSD- or MS-compatible name lister (nm)
configure:4969: result: /usr/bin/nm -B
configure:5087: checking the name lister (/usr/bin/nm -B) interface
configure:5094: gcc -c -g -O2  conftest.c >&5
configure:5097: /usr/bin/nm -B "conftest.o"
configure:5100: output
0000000000000000 B some_variable
configure:5107: result: BSD nm
configure:5110: checking whether ln -s works
configure:5114: result: yes
configure:5122: checking the maximum length of command line arguments
configure:5242: result: 98304
configure:5259: checking whether the shell understands some XSI constructs
configure:5269: result: yes
configure:5273: checking whether the shell understands "+="
configure:5279: result: yes
configure:5314: checking for /usr/bin/ld option to reload object files
configure:5321: result: -r
configure:5390: checking for objdump
configure:5406: found /usr/bin/objdump
configure:5417: result: objdump
configure:5449: checking how to recognize dependent libraries
configure:5645: result: pass_all
configure:5705: checking for ar
configure:5721: found /usr/bin/ar
configure:5732: result: ar
configure:5810: checking for strip
configure:5826: found /usr/bin/strip
configure:5837: result: strip
configure:5909: checking for ranlib
configure:5925: found /usr/bin/ranlib
configure:5936: result: ranlib
configure:6026: checking command to parse /usr/bin/nm -B output from gcc object
configure:6144: gcc -c -g -O2  conftest.c >&5
configure:6147: $? = 0
configure:6151: /usr/bin/nm -B conftest.o \| sed -n -e 's/^.*[	 ]\([ABCDGIRSTW][ABCDGIRSTW]*\)[	 ][	 ]*\([_A-Za-z][_A-Za-z0-9]*\)$/\1 \2 \2/p' \> conftest.nm
configure:6154: $? = 0
configure:6208: gcc -o conftest -g -O2   conftest.c conftstm.o >&5
configure:6211: $? = 0
configure:6249: result: ok
configure:6345: gcc -c -g -O2  conftest.c >&5
configure:6348: $? = 0
configure:7058: checking how to run the C preprocessor
configure:7089: gcc -E  conftest.c
configure:7089: $? = 0
configure:7103: gcc -E  conftest.c
conftest.c:11:28: error: ac_nonexistent.h: No such file or directory
configure:7103: $? = 1
configure: failed program was:
| /* confdefs.h */
| #define PACKAGE_NAME "Raptor RDF Parser"
| #define PACKAGE_TARNAME "raptor"
| #define PACKAGE_VERSION "1.4.21"
| #define PACKAGE_STRING "Raptor RDF Parser 1.4.21"
| #define PACKAGE_BUGREPORT "http://bugs.librdf.org/"
| #define PACKAGE_URL ""
| #define PACKAGE "raptor"
| #define VERSION "1.4.21"
| /* end confdefs.h.  */
| #include <ac_nonexistent.h>
configure:7128: result: gcc -E
configure:7148: gcc -E  conftest.c
configure:7148: $? = 0
configure:7162: gcc -E  conftest.c
conftest.c:11:28: error: ac_nonexistent.h: No such file or directory
configure:7162: $? = 1
configure: failed program was:
| /* confdefs.h */
| #define PACKAGE_NAME "Raptor RDF Parser"
| #define PACKAGE_TARNAME "raptor"
| #define PACKAGE_VERSION "1.4.21"
| #define PACKAGE_STRING "Raptor RDF Parser 1.4.21"
| #define PACKAGE_BUGREPORT "http://bugs.librdf.org/"
| #define PACKAGE_URL ""
| #define PACKAGE "raptor"
| #define VERSION "1.4.21"
| /* end confdefs.h.  */
| #include <ac_nonexistent.h>
configure:7191: checking for ANSI C header files
configure:7211: gcc -c -g -O2  conftest.c >&5
configure:7211: $? = 0
configure:7284: gcc -o conftest -g -O2   conftest.c  >&5
configure:7284: $? = 0
configure:7284: ./conftest
configure:7284: $? = 0
configure:7295: result: yes
configure:7308: checking for sys/types.h
configure:7308: gcc -c -g -O2  conftest.c >&5
configure:7308: $? = 0
configure:7308: result: yes
configure:7308: checking for sys/stat.h
configure:7308: gcc -c -g -O2  conftest.c >&5
configure:7308: $? = 0
configure:7308: result: yes
configure:7308: checking for stdlib.h
configure:7308: gcc -c -g -O2  conftest.c >&5
configure:7308: $? = 0
configure:7308: result: yes
configure:7308: checking for string.h
configure:7308: gcc -c -g -O2  conftest.c >&5
configure:7308: $? = 0
configure:7308: result: yes
configure:7308: checking for memory.h
configure:7308: gcc -c -g -O2  conftest.c >&5
configure:7308: $? = 0
configure:7308: result: yes
configure:7308: checking for strings.h
configure:7308: gcc -c -g -O2  conftest.c >&5
configure:7308: $? = 0
configure:7308: result: yes
configure:7308: checking for inttypes.h
configure:7308: gcc -c -g -O2  conftest.c >&5
configure:7308: $? = 0
configure:7308: result: yes
configure:7308: checking for stdint.h
configure:7308: gcc -c -g -O2  conftest.c >&5
configure:7308: $? = 0
configure:7308: result: yes
configure:7308: checking for unistd.h
configure:7308: gcc -c -g -O2  conftest.c >&5
configure:7308: $? = 0
configure:7308: result: yes
configure:7323: checking for dlfcn.h
configure:7323: gcc -c -g -O2  conftest.c >&5
configure:7323: $? = 0
configure:7323: result: yes
configure:7507: checking for objdir
configure:7522: result: .libs
configure:7818: checking if gcc supports -fno-rtti -fno-exceptions
configure:7836: gcc -c -g -O2  -fno-rtti -fno-exceptions conftest.c >&5
cc1: warning: command line option "-fno-rtti" is valid for C++/ObjC++ but not for C
configure:7840: $? = 0
configure:7853: result: no
configure:7873: checking for gcc option to produce PIC
configure:8145: result: -fPIC -DPIC
configure:8157: checking if gcc PIC flag -fPIC -DPIC works
configure:8175: gcc -c -g -O2  -fPIC -DPIC -DPIC conftest.c >&5
configure:8179: $? = 0
configure:8192: result: yes
configure:8216: checking if gcc static flag -static works
configure:8244: result: yes
configure:8259: checking if gcc supports -c -o file.o
configure:8280: gcc -c -g -O2  -o out/conftest2.o conftest.c >&5
configure:8284: $? = 0
configure:8306: result: yes
configure:8314: checking if gcc supports -c -o file.o
configure:8361: result: yes
configure:8394: checking whether the gcc linker (/usr/bin/ld -m elf_x86_64) supports shared libraries
configure:9385: result: yes
configure:9422: checking whether -lc should be explicitly linked in
configure:9427: gcc -c -g -O2  conftest.c >&5
configure:9430: $? = 0
configure:9445: gcc -shared conftest.o  -v -Wl,-soname -Wl,conftest -o conftest 2\>\&1 \| /bin/grep  -lc  \>/dev/null 2\>\&1
configure:9448: $? = 0
configure:9460: result: no
configure:9624: checking dynamic linker characteristics
configure:10057: gcc -o conftest -g -O2   -Wl,-rpath -Wl,/foo conftest.c  >&5
configure:10057: $? = 0
configure:10287: result: GNU/Linux ld.so
configure:10389: checking how to hardcode library paths into programs
configure:10414: result: immediate
configure:10934: checking whether stripping libraries is possible
configure:10939: result: yes
configure:10974: checking if libtool supports shared libraries
configure:10976: result: yes
configure:10979: checking whether to build shared libraries
configure:11000: result: yes
configure:11003: checking whether to build static libraries
configure:11007: result: yes
configure:11043: checking whether ln -s works
configure:11047: result: yes
configure:11054: checking whether make sets $(MAKE)
configure:11076: result: yes
configure:11090: checking for flex
configure:11120: result: no
configure:11090: checking for lex
configure:11120: result: no
configure:11299: checking for bison
configure:11329: result: no
configure:11299: checking for byacc
configure:11329: result: no
configure:11362: checking for gnutar
configure:11392: result: no
configure:11362: checking for gtar
configure:11392: result: no
configure:11362: checking for tar
configure:11378: found /bin/tar
configure:11389: result: tar
configure:11404: checking for perl
configure:11420: found /usr/bin/perl
configure:11431: result: perl
configure:11511: checking for ANSI C header files
configure:11615: result: yes
configure:11626: checking errno.h usability
configure:11626: gcc -c -g -O2  conftest.c >&5
configure:11626: $? = 0
configure:11626: result: yes
configure:11626: checking errno.h presence
configure:11626: gcc -E  conftest.c
configure:11626: $? = 0
configure:11626: result: yes
configure:11626: checking for errno.h
configure:11626: result: yes
configure:11626: checking fcntl.h usability
configure:11626: gcc -c -g -O2  conftest.c >&5
configure:11626: $? = 0
configure:11626: result: yes
configure:11626: checking fcntl.h presence
configure:11626: gcc -E  conftest.c
configure:11626: $? = 0
configure:11626: result: yes
configure:11626: checking for fcntl.h
configure:11626: result: yes
configure:11626: checking for stdlib.h
configure:11626: result: yes
configure:11626: checking for unistd.h
configure:11626: result: yes
configure:11626: checking for string.h
configure:11626: result: yes
configure:11626: checking limits.h usability
configure:11626: gcc -c -g -O2  conftest.c >&5
configure:11626: $? = 0
configure:11626: result: yes
configure:11626: checking limits.h presence
configure:11626: gcc -E  conftest.c
configure:11626: $? = 0
configure:11626: result: yes
configure:11626: checking for limits.h
configure:11626: result: yes
configure:11626: checking math.h usability
configure:11626: gcc -c -g -O2  conftest.c >&5
configure:11626: $? = 0
configure:11626: result: yes
configure:11626: checking math.h presence
configure:11626: gcc -E  conftest.c
configure:11626: $? = 0
configure:11626: result: yes
configure:11626: checking for math.h
configure:11626: result: yes
configure:11626: checking dmalloc.h usability
configure:11626: gcc -c -g -O2  conftest.c >&5
conftest.c:64:21: error: dmalloc.h: No such file or directory
configure:11626: $? = 1
configure: failed program was:
| /* confdefs.h */
| #define PACKAGE_NAME "Raptor RDF Parser"
| #define PACKAGE_TARNAME "raptor"
| #define PACKAGE_VERSION "1.4.21"
| #define PACKAGE_STRING "Raptor RDF Parser 1.4.21"
| #define PACKAGE_BUGREPORT "http://bugs.librdf.org/"
| #define PACKAGE_URL ""
| #define PACKAGE "raptor"
| #define VERSION "1.4.21"
| #define STDC_HEADERS 1
| #define HAVE_SYS_TYPES_H 1
| #define HAVE_SYS_STAT_H 1
| #define HAVE_STDLIB_H 1
| #define HAVE_STRING_H 1
| #define HAVE_MEMORY_H 1
| #define HAVE_STRINGS_H 1
| #define HAVE_INTTYPES_H 1
| #define HAVE_STDINT_H 1
| #define HAVE_UNISTD_H 1
| #define HAVE_DLFCN_H 1
| #define LT_OBJDIR ".libs/"
| #define STDC_HEADERS 1
| #define HAVE_ERRNO_H 1
| #define HAVE_FCNTL_H 1
| #define HAVE_STDLIB_H 1
| #define HAVE_UNISTD_H 1
| #define HAVE_STRING_H 1
| #define HAVE_LIMITS_H 1
| #define HAVE_MATH_H 1
| /* end confdefs.h.  */
| #include <stdio.h>
| #ifdef HAVE_SYS_TYPES_H
| # include <sys/types.h>
| #endif
| #ifdef HAVE_SYS_STAT_H
| # include <sys/stat.h>
| #endif
| #ifdef STDC_HEADERS
| # include <stdlib.h>
| # include <stddef.h>
| #else
| # ifdef HAVE_STDLIB_H
| #  include <stdlib.h>
| # endif
| #endif
| #ifdef HAVE_STRING_H
| # if !defined STDC_HEADERS && defined HAVE_MEMORY_H
| #  include <memory.h>
| # endif
| # include <string.h>
| #endif
| #ifdef HAVE_STRINGS_H
| # include <strings.h>
| #endif
| #ifdef HAVE_INTTYPES_H
| # include <inttypes.h>
| #endif
| #ifdef HAVE_STDINT_H
| # include <stdint.h>
| #endif
| #ifdef HAVE_UNISTD_H
| # include <unistd.h>
| #endif
| #include <dmalloc.h>
configure:11626: result: no
configure:11626: checking dmalloc.h presence
configure:11626: gcc -E  conftest.c
conftest.c:31:21: error: dmalloc.h: No such file or directory
configure:11626: $? = 1
configure: failed program was:
| /* confdefs.h */
| #define PACKAGE_NAME "Raptor RDF Parser"
| #define PACKAGE_TARNAME "raptor"
| #define PACKAGE_VERSION "1.4.21"
| #define PACKAGE_STRING "Raptor RDF Parser 1.4.21"
| #define PACKAGE_BUGREPORT "http://bugs.librdf.org/"
| #define PACKAGE_URL ""
| #define PACKAGE "raptor"
| #define VERSION "1.4.21"
| #define STDC_HEADERS 1
| #define HAVE_SYS_TYPES_H 1
| #define HAVE_SYS_STAT_H 1
| #define HAVE_STDLIB_H 1
| #define HAVE_STRING_H 1
| #define HAVE_MEMORY_H 1
| #define HAVE_STRINGS_H 1
| #define HAVE_INTTYPES_H 1
| #define HAVE_STDINT_H 1
| #define HAVE_UNISTD_H 1
| #define HAVE_DLFCN_H 1
| #define LT_OBJDIR ".libs/"
| #define STDC_HEADERS 1
| #define HAVE_ERRNO_H 1
| #define HAVE_FCNTL_H 1
| #define HAVE_STDLIB_H 1
| #define HAVE_UNISTD_H 1
| #define HAVE_STRING_H 1
| #define HAVE_LIMITS_H 1
| #define HAVE_MATH_H 1
| /* end confdefs.h.  */
| #include <dmalloc.h>
configure:11626: result: no
configure:11626: checking for dmalloc.h
configure:11626: result: no
configure:11626: checking getopt.h usability
configure:11626: gcc -c -g -O2  conftest.c >&5
configure:11626: $? = 0
configure:11626: result: yes
configure:11626: checking getopt.h presence
configure:11626: gcc -E  conftest.c
configure:11626: $? = 0
configure:11626: result: yes
configure:11626: checking for getopt.h
configure:11626: result: yes
configure:11626: checking for sys/stat.h
configure:11626: result: yes
configure:11626: checking sys/param.h usability
configure:11626: gcc -c -g -O2  conftest.c >&5
configure:11626: $? = 0
configure:11626: result: yes
configure:11626: checking sys/param.h presence
configure:11626: gcc -E  conftest.c
configure:11626: $? = 0
configure:11626: result: yes
configure:11626: checking for sys/param.h
configure:11626: result: yes
configure:11626: checking sys/time.h usability
configure:11626: gcc -c -g -O2  conftest.c >&5
configure:11626: $? = 0
configure:11626: result: yes
configure:11626: checking sys/time.h presence
configure:11626: gcc -E  conftest.c
configure:11626: $? = 0
configure:11626: result: yes
configure:11626: checking for sys/time.h
configure:11626: result: yes
configure:11626: checking setjmp.h usability
configure:11626: gcc -c -g -O2  conftest.c >&5
configure:11626: $? = 0
configure:11626: result: yes
configure:11626: checking setjmp.h presence
configure:11626: gcc -E  conftest.c
configure:11626: $? = 0
configure:11626: result: yes
configure:11626: checking for setjmp.h
configure:11626: result: yes
configure:11637: checking whether time.h and sys/time.h may both be included
configure:11657: gcc -c -g -O2  conftest.c >&5
configure:11657: $? = 0
configure:11664: result: yes
configure:11674: checking for fetch.h
configure:11674: gcc -c -g -O2  conftest.c >&5
conftest.c:43:19: error: fetch.h: No such file or directory
configure:11674: $? = 1
configure: failed program was:
| /* confdefs.h */
| #define PACKAGE_NAME "Raptor RDF Parser"
| #define PACKAGE_TARNAME "raptor"
| #define PACKAGE_VERSION "1.4.21"
| #define PACKAGE_STRING "Raptor RDF Parser 1.4.21"
| #define PACKAGE_BUGREPORT "http://bugs.librdf.org/"
| #define PACKAGE_URL ""
| #define PACKAGE "raptor"
| #define VERSION "1.4.21"
| #define STDC_HEADERS 1
| #define HAVE_SYS_TYPES_H 1
| #define HAVE_SYS_STAT_H 1
| #define HAVE_STDLIB_H 1
| #define HAVE_STRING_H 1
| #define HAVE_MEMORY_H 1
| #define HAVE_STRINGS_H 1
| #define HAVE_INTTYPES_H 1
| #define HAVE_STDINT_H 1
| #define HAVE_UNISTD_H 1
| #define HAVE_DLFCN_H 1
| #define LT_OBJDIR ".libs/"
| #define STDC_HEADERS 1
| #define HAVE_ERRNO_H 1
| #define HAVE_FCNTL_H 1
| #define HAVE_STDLIB_H 1
| #define HAVE_UNISTD_H 1
| #define HAVE_STRING_H 1
| #define HAVE_LIMITS_H 1
| #define HAVE_MATH_H 1
| #define HAVE_GETOPT_H 1
| #define HAVE_SYS_STAT_H 1
| #define HAVE_SYS_PARAM_H 1
| #define HAVE_SYS_TIME_H 1
| #define HAVE_SETJMP_H 1
| #define TIME_WITH_SYS_TIME 1
| /* end confdefs.h.  */
| #include <stdio.h>
| #ifdef HAVE_SYS_PARAM_H
| #include <sys/param.h>
| #endif
| 
| 
| #include <fetch.h>
configure:11674: result: no
configure:11692: checking for an ANSI C-conforming const
configure:11757: gcc -c -g -O2  conftest.c >&5
configure:11757: $? = 0
configure:11764: result: yes
configure:11772: checking whether byte ordering is bigendian
configure:11787: gcc -c -g -O2  conftest.c >&5
conftest.c:38: error: expected '=', ',', ';', 'asm' or '__attribute__' before 'a'
configure:11787: $? = 1
configure: failed program was:
| /* confdefs.h */
| #define PACKAGE_NAME "Raptor RDF Parser"
| #define PACKAGE_TARNAME "raptor"
| #define PACKAGE_VERSION "1.4.21"
| #define PACKAGE_STRING "Raptor RDF Parser 1.4.21"
| #define PACKAGE_BUGREPORT "http://bugs.librdf.org/"
| #define PACKAGE_URL ""
| #define PACKAGE "raptor"
| #define VERSION "1.4.21"
| #define STDC_HEADERS 1
| #define HAVE_SYS_TYPES_H 1
| #define HAVE_SYS_STAT_H 1
| #define HAVE_STDLIB_H 1
| #define HAVE_STRING_H 1
| #define HAVE_MEMORY_H 1
| #define HAVE_STRINGS_H 1
| #define HAVE_INTTYPES_H 1
| #define HAVE_STDINT_H 1
| #define HAVE_UNISTD_H 1
| #define HAVE_DLFCN_H 1
| #define LT_OBJDIR ".libs/"
| #define STDC_HEADERS 1
| #define HAVE_ERRNO_H 1
| #define HAVE_FCNTL_H 1
| #define HAVE_STDLIB_H 1
| #define HAVE_UNISTD_H 1
| #define HAVE_STRING_H 1
| #define HAVE_LIMITS_H 1
| #define HAVE_MATH_H 1
| #define HAVE_GETOPT_H 1
| #define HAVE_SYS_STAT_H 1
| #define HAVE_SYS_PARAM_H 1
| #define HAVE_SYS_TIME_H 1
| #define HAVE_SETJMP_H 1
| #define TIME_WITH_SYS_TIME 1
| /* end confdefs.h.  */
| #ifndef __APPLE_CC__
| 	       not a universal capable compiler
| 	     #endif
| 	     typedef int dummy;
| 
configure:11832: gcc -c -g -O2  conftest.c >&5
configure:11832: $? = 0
configure:11850: gcc -c -g -O2  conftest.c >&5
conftest.c: In function 'main':
conftest.c:44: error: 'not' undeclared (first use in this function)
conftest.c:44: error: (Each undeclared identifier is reported only once
conftest.c:44: error: for each function it appears in.)
conftest.c:44: error: expected ';' before 'big'
configure:11850: $? = 1
configure: failed program was:
| /* confdefs.h */
| #define PACKAGE_NAME "Raptor RDF Parser"
| #define PACKAGE_TARNAME "raptor"
| #define PACKAGE_VERSION "1.4.21"
| #define PACKAGE_STRING "Raptor RDF Parser 1.4.21"
| #define PACKAGE_BUGREPORT "http://bugs.librdf.org/"
| #define PACKAGE_URL ""
| #define PACKAGE "raptor"
| #define VERSION "1.4.21"
| #define STDC_HEADERS 1
| #define HAVE_SYS_TYPES_H 1
| #define HAVE_SYS_STAT_H 1
| #define HAVE_STDLIB_H 1
| #define HAVE_STRING_H 1
| #define HAVE_MEMORY_H 1
| #define HAVE_STRINGS_H 1
| #define HAVE_INTTYPES_H 1
| #define HAVE_STDINT_H 1
| #define HAVE_UNISTD_H 1
| #define HAVE_DLFCN_H 1
| #define LT_OBJDIR ".libs/"
| #define STDC_HEADERS 1
| #define HAVE_ERRNO_H 1
| #define HAVE_FCNTL_H 1
| #define HAVE_STDLIB_H 1
| #define HAVE_UNISTD_H 1
| #define HAVE_STRING_H 1
| #define HAVE_LIMITS_H 1
| #define HAVE_MATH_H 1
| #define HAVE_GETOPT_H 1
| #define HAVE_SYS_STAT_H 1
| #define HAVE_SYS_PARAM_H 1
| #define HAVE_SYS_TIME_H 1
| #define HAVE_SETJMP_H 1
| #define TIME_WITH_SYS_TIME 1
| /* end confdefs.h.  */
| #include <sys/types.h>
| 		#include <sys/param.h>
| 
| int
| main ()
| {
| #if BYTE_ORDER != BIG_ENDIAN
| 		 not big endian
| 		#endif
| 
|   ;
|   return 0;
| }
configure:11978: result: no
configure:11997: checking for u8
configure:11997: gcc -c -g -O2  conftest.c >&5
conftest.c: In function 'main':
conftest.c:73: error: 'u8' undeclared (first use in this function)
conftest.c:73: error: (Each undeclared identifier is reported only once
conftest.c:73: error: for each function it appears in.)
configure:11997: $? = 1
configure: failed program was:
| /* confdefs.h */
| #define PACKAGE_NAME "Raptor RDF Parser"
| #define PACKAGE_TARNAME "raptor"
| #define PACKAGE_VERSION "1.4.21"
| #define PACKAGE_STRING "Raptor RDF Parser 1.4.21"
| #define PACKAGE_BUGREPORT "http://bugs.librdf.org/"
| #define PACKAGE_URL ""
| #define PACKAGE "raptor"
| #define VERSION "1.4.21"
| #define STDC_HEADERS 1
| #define HAVE_SYS_TYPES_H 1
| #define HAVE_SYS_STAT_H 1
| #define HAVE_STDLIB_H 1
| #define HAVE_STRING_H 1
| #define HAVE_MEMORY_H 1
| #define HAVE_STRINGS_H 1
| #define HAVE_INTTYPES_H 1
| #define HAVE_STDINT_H 1
| #define HAVE_UNISTD_H 1
| #define HAVE_DLFCN_H 1
| #define LT_OBJDIR ".libs/"
| #define STDC_HEADERS 1
| #define HAVE_ERRNO_H 1
| #define HAVE_FCNTL_H 1
| #define HAVE_STDLIB_H 1
| #define HAVE_UNISTD_H 1
| #define HAVE_STRING_H 1
| #define HAVE_LIMITS_H 1
| #define HAVE_MATH_H 1
| #define HAVE_GETOPT_H 1
| #define HAVE_SYS_STAT_H 1
| #define HAVE_SYS_PARAM_H 1
| #define HAVE_SYS_TIME_H 1
| #define HAVE_SETJMP_H 1
| #define TIME_WITH_SYS_TIME 1
| /* end confdefs.h.  */
| #include <stdio.h>
| #ifdef HAVE_SYS_TYPES_H
| # include <sys/types.h>
| #endif
| #ifdef HAVE_SYS_STAT_H
| # include <sys/stat.h>
| #endif
| #ifdef STDC_HEADERS
| # include <stdlib.h>
| # include <stddef.h>
| #else
| # ifdef HAVE_STDLIB_H
| #  include <stdlib.h>
| # endif
| #endif
| #ifdef HAVE_STRING_H
| # if !defined STDC_HEADERS && defined HAVE_MEMORY_H
| #  include <memory.h>
| # endif
| # include <string.h>
| #endif
| #ifdef HAVE_STRINGS_H
| # include <strings.h>
| #endif
| #ifdef HAVE_INTTYPES_H
| # include <inttypes.h>
| #endif
| #ifdef HAVE_STDINT_H
| # include <stdint.h>
| #endif
| #ifdef HAVE_UNISTD_H
| # include <unistd.h>
| #endif
| int
| main ()
| {
| if (sizeof (u8))
| 	 return 0;
|   ;
|   return 0;
| }
configure:11997: result: no
configure:12007: checking for u16
configure:12007: gcc -c -g -O2  conftest.c >&5
conftest.c: In function 'main':
conftest.c:73: error: 'u16' undeclared (first use in this function)
conftest.c:73: error: (Each undeclared identifier is reported only once
conftest.c:73: error: for each function it appears in.)
configure:12007: $? = 1
configure: failed program was:
| /* confdefs.h */
| #define PACKAGE_NAME "Raptor RDF Parser"
| #define PACKAGE_TARNAME "raptor"
| #define PACKAGE_VERSION "1.4.21"
| #define PACKAGE_STRING "Raptor RDF Parser 1.4.21"
| #define PACKAGE_BUGREPORT "http://bugs.librdf.org/"
| #define PACKAGE_URL ""
| #define PACKAGE "raptor"
| #define VERSION "1.4.21"
| #define STDC_HEADERS 1
| #define HAVE_SYS_TYPES_H 1
| #define HAVE_SYS_STAT_H 1
| #define HAVE_STDLIB_H 1
| #define HAVE_STRING_H 1
| #define HAVE_MEMORY_H 1
| #define HAVE_STRINGS_H 1
| #define HAVE_INTTYPES_H 1
| #define HAVE_STDINT_H 1
| #define HAVE_UNISTD_H 1
| #define HAVE_DLFCN_H 1
| #define LT_OBJDIR ".libs/"
| #define STDC_HEADERS 1
| #define HAVE_ERRNO_H 1
| #define HAVE_FCNTL_H 1
| #define HAVE_STDLIB_H 1
| #define HAVE_UNISTD_H 1
| #define HAVE_STRING_H 1
| #define HAVE_LIMITS_H 1
| #define HAVE_MATH_H 1
| #define HAVE_GETOPT_H 1
| #define HAVE_SYS_STAT_H 1
| #define HAVE_SYS_PARAM_H 1
| #define HAVE_SYS_TIME_H 1
| #define HAVE_SETJMP_H 1
| #define TIME_WITH_SYS_TIME 1
| /* end confdefs.h.  */
| #include <stdio.h>
| #ifdef HAVE_SYS_TYPES_H
| # include <sys/types.h>
| #endif
| #ifdef HAVE_SYS_STAT_H
| # include <sys/stat.h>
| #endif
| #ifdef STDC_HEADERS
| # include <stdlib.h>
| # include <stddef.h>
| #else
| # ifdef HAVE_STDLIB_H
| #  include <stdlib.h>
| # endif
| #endif
| #ifdef HAVE_STRING_H
| # if !defined STDC_HEADERS && defined HAVE_MEMORY_H
| #  include <memory.h>
| # endif
| # include <string.h>
| #endif
| #ifdef HAVE_STRINGS_H
| # include <strings.h>
| #endif
| #ifdef HAVE_INTTYPES_H
| # include <inttypes.h>
| #endif
| #ifdef HAVE_STDINT_H
| # include <stdint.h>
| #endif
| #ifdef HAVE_UNISTD_H
| # include <unistd.h>
| #endif
| int
| main ()
| {
| if (sizeof (u16))
| 	 return 0;
|   ;
|   return 0;
| }
configure:12007: result: no
configure:12022: checking size of unsigned char
configure:12027: gcc -o conftest -g -O2   conftest.c  >&5
configure:12027: $? = 0
configure:12027: ./conftest
configure:12027: $? = 0
configure:12042: result: 1
configure:12056: checking size of unsigned short
configure:12061: gcc -o conftest -g -O2   conftest.c  >&5
configure:12061: $? = 0
configure:12061: ./conftest
configure:12061: $? = 0
configure:12076: result: 2
configure:12090: checking size of unsigned int
configure:12095: gcc -o conftest -g -O2   conftest.c  >&5
configure:12095: $? = 0
configure:12095: ./conftest
configure:12095: $? = 0
configure:12110: result: 4
configure:12124: checking size of unsigned long
configure:12129: gcc -o conftest -g -O2   conftest.c  >&5
configure:12129: $? = 0
configure:12129: ./conftest
configure:12129: $? = 0
configure:12144: result: 8
configure:12229: checking for gettimeofday
configure:12229: gcc -o conftest -g -O2   conftest.c  >&5
configure:12229: $? = 0
configure:12229: result: yes
configure:12229: checking for getopt
configure:12229: gcc -o conftest -g -O2   conftest.c  >&5
configure:12229: $? = 0
configure:12229: result: yes
configure:12229: checking for getopt_long
configure:12229: gcc -o conftest -g -O2   conftest.c  >&5
configure:12229: $? = 0
configure:12229: result: yes
configure:12229: checking for stricmp
configure:12229: gcc -o conftest -g -O2   conftest.c  >&5
/tmp/cc8yOl5i.o: In function `main':
/home/spl/prog/mmfdstat/tmp/raptor-1.4.21/conftest.c:82: undefined reference to `stricmp'
collect2: ld returned 1 exit status
configure:12229: $? = 1
configure: failed program was:
| /* confdefs.h */
| #define PACKAGE_NAME "Raptor RDF Parser"
| #define PACKAGE_TARNAME "raptor"
| #define PACKAGE_VERSION "1.4.21"
| #define PACKAGE_STRING "Raptor RDF Parser 1.4.21"
| #define PACKAGE_BUGREPORT "http://bugs.librdf.org/"
| #define PACKAGE_URL ""
| #define PACKAGE "raptor"
| #define VERSION "1.4.21"
| #define STDC_HEADERS 1
| #define HAVE_SYS_TYPES_H 1
| #define HAVE_SYS_STAT_H 1
| #define HAVE_STDLIB_H 1
| #define HAVE_STRING_H 1
| #define HAVE_MEMORY_H 1
| #define HAVE_STRINGS_H 1
| #define HAVE_INTTYPES_H 1
| #define HAVE_STDINT_H 1
| #define HAVE_UNISTD_H 1
| #define HAVE_DLFCN_H 1
| #define LT_OBJDIR ".libs/"
| #define STDC_HEADERS 1
| #define HAVE_ERRNO_H 1
| #define HAVE_FCNTL_H 1
| #define HAVE_STDLIB_H 1
| #define HAVE_UNISTD_H 1
| #define HAVE_STRING_H 1
| #define HAVE_LIMITS_H 1
| #define HAVE_MATH_H 1
| #define HAVE_GETOPT_H 1
| #define HAVE_SYS_STAT_H 1
| #define HAVE_SYS_PARAM_H 1
| #define HAVE_SYS_TIME_H 1
| #define HAVE_SETJMP_H 1
| #define TIME_WITH_SYS_TIME 1
| #define SIZEOF_UNSIGNED_CHAR 1
| #define SIZEOF_UNSIGNED_SHORT 2
| #define SIZEOF_UNSIGNED_INT 4
| #define SIZEOF_UNSIGNED_LONG 8
| #define RAPTOR_VERSION_MAJOR 1
| #define RAPTOR_VERSION_MINOR 4
| #define RAPTOR_VERSION_RELEASE 21
| #define RAPTOR_VERSION_DECIMAL 10421
| #define HAVE_GETTIMEOFDAY 1
| #define HAVE_GETOPT 1
| #define HAVE_GETOPT_LONG 1
| /* end confdefs.h.  */
| /* Define stricmp to an innocuous variant, in case <limits.h> declares stricmp.
|    For example, HP-UX 11i <limits.h> declares gettimeofday.  */
| #define stricmp innocuous_stricmp
| 
| /* System header to define __stub macros and hopefully few prototypes,
|     which can conflict with char stricmp (); below.
|     Prefer <limits.h> to <assert.h> if __STDC__ is defined, since
|     <limits.h> exists even on freestanding compilers.  */
| 
| #ifdef __STDC__
| # include <limits.h>
| #else
| # include <assert.h>
| #endif
| 
| #undef stricmp
| 
| /* Override any GCC internal prototype to avoid an error.
|    Use char because int might match the return type of a GCC
|    builtin and then its argument prototype would still apply.  */
| #ifdef __cplusplus
| extern "C"
| #endif
| char stricmp ();
| /* The GNU C library defines this for functions which it implements
|     to always fail with ENOSYS.  Some functions are actually named
|     something starting with __ and the normal name is an alias.  */
| #if defined __stub_stricmp || defined __stub___stricmp
| choke me
| #endif
| 
| int
| main ()
| {
| return stricmp ();
|   ;
|   return 0;
| }
configure:12229: result: no
configure:12229: checking for strcasecmp
configure:12229: gcc -o conftest -g -O2   conftest.c  >&5
conftest.c:71: warning: conflicting types for built-in function 'strcasecmp'
configure:12229: $? = 0
configure:12229: result: yes
configure:12229: checking for vsnprintf
configure:12229: gcc -o conftest -g -O2   conftest.c  >&5
conftest.c:72: warning: conflicting types for built-in function 'vsnprintf'
configure:12229: $? = 0
configure:12229: result: yes
configure:12229: checking for isascii
configure:12229: gcc -o conftest -g -O2   conftest.c  >&5
conftest.c:73: warning: conflicting types for built-in function 'isascii'
configure:12229: $? = 0
configure:12229: result: yes
configure:12229: checking for setjmp
configure:12229: gcc -o conftest -g -O2   conftest.c  >&5
configure:12229: $? = 0
configure:12229: result: yes
configure:12258: checking whether need to declare optind
configure:12273: gcc -o conftest -g -O2   conftest.c  >&5
configure:12273: $? = 0
configure:12274: result: no
configure:12289: checking vsnprintf has C99 compatible return value
configure:12314: gcc -o conftest -g -O2   conftest.c  >&5
configure:12314: $? = 0
configure:12314: ./conftest
configure:12314: $? = 1
configure: program exited with status 1
configure: failed program was:
| /* confdefs.h */
| #define PACKAGE_NAME "Raptor RDF Parser"
| #define PACKAGE_TARNAME "raptor"
| #define PACKAGE_VERSION "1.4.21"
| #define PACKAGE_STRING "Raptor RDF Parser 1.4.21"
| #define PACKAGE_BUGREPORT "http://bugs.librdf.org/"
| #define PACKAGE_URL ""
| #define PACKAGE "raptor"
| #define VERSION "1.4.21"
| #define STDC_HEADERS 1
| #define HAVE_SYS_TYPES_H 1
| #define HAVE_SYS_STAT_H 1
| #define HAVE_STDLIB_H 1
| #define HAVE_STRING_H 1
| #define HAVE_MEMORY_H 1
| #define HAVE_STRINGS_H 1
| #define HAVE_INTTYPES_H 1
| #define HAVE_STDINT_H 1
| #define HAVE_UNISTD_H 1
| #define HAVE_DLFCN_H 1
| #define LT_OBJDIR ".libs/"
| #define STDC_HEADERS 1
| #define HAVE_ERRNO_H 1
| #define HAVE_FCNTL_H 1
| #define HAVE_STDLIB_H 1
| #define HAVE_UNISTD_H 1
| #define HAVE_STRING_H 1
| #define HAVE_LIMITS_H 1
| #define HAVE_MATH_H 1
| #define HAVE_GETOPT_H 1
| #define HAVE_SYS_STAT_H 1
| #define HAVE_SYS_PARAM_H 1
| #define HAVE_SYS_TIME_H 1
| #define HAVE_SETJMP_H 1
| #define TIME_WITH_SYS_TIME 1
| #define SIZEOF_UNSIGNED_CHAR 1
| #define SIZEOF_UNSIGNED_SHORT 2
| #define SIZEOF_UNSIGNED_INT 4
| #define SIZEOF_UNSIGNED_LONG 8
| #define RAPTOR_VERSION_MAJOR 1
| #define RAPTOR_VERSION_MINOR 4
| #define RAPTOR_VERSION_RELEASE 21
| #define RAPTOR_VERSION_DECIMAL 10421
| #define HAVE_GETTIMEOFDAY 1
| #define HAVE_GETOPT 1
| #define HAVE_GETOPT_LONG 1
| #define HAVE_STRCASECMP 1
| #define HAVE_VSNPRINTF 1
| #define HAVE_ISASCII 1
| #define HAVE_SETJMP 1
| /* end confdefs.h.  */
| #include <stdarg.h>
| int is_c99(char *s, ...) {
|   char buffer[32];
|   va_list args;
|   int r;
|   va_start(args, s);
|   r = vsnprintf(buffer, 5, s, args);
|   va_end(args);
| 
|   return (r == 7);
| }
| 
| int main(int argc, char* argv) {
|   return is_c99("1234567");
| }
configure:12321: result: yes
configure:12338: checking whether have trunc in libm
configure:12353: gcc -o conftest -g -O2   conftest.c  -lm >&5
conftest.c: In function 'main':
conftest.c:59: warning: incompatible implicit declaration of built-in function 'trunc'
configure:12353: $? = 0
configure:12354: result: yes
configure:12367: checking whether have round in libm
configure:12382: gcc -o conftest -g -O2   conftest.c  -lm >&5
conftest.c: In function 'main':
conftest.c:60: warning: incompatible implicit declaration of built-in function 'round'
configure:12382: $? = 0
configure:12383: result: yes
configure:12404: checking for special C compiler options needed for large files
configure:12449: result: no
configure:12455: checking for _FILE_OFFSET_BITS value needed for large files
configure:12480: gcc -c -g -O2  conftest.c >&5
configure:12480: $? = 0
configure:12512: result: no
configure:12619: checking for expat sources
configure:12638: result: no
configure:12657: checking expat.h usability
configure:12657: gcc -c -g -O2  conftest.c >&5
configure:12657: $? = 0
configure:12657: result: yes
configure:12657: checking expat.h presence
configure:12657: gcc -E  conftest.c
configure:12657: $? = 0
configure:12657: result: yes
configure:12657: checking for expat.h
configure:12657: result: yes
configure:12657: checking xmlparse.h usability
configure:12657: gcc -c -g -O2  conftest.c >&5
conftest.c:89:22: error: xmlparse.h: No such file or directory
configure:12657: $? = 1
configure: failed program was:
| /* confdefs.h */
| #define PACKAGE_NAME "Raptor RDF Parser"
| #define PACKAGE_TARNAME "raptor"
| #define PACKAGE_VERSION "1.4.21"
| #define PACKAGE_STRING "Raptor RDF Parser 1.4.21"
| #define PACKAGE_BUGREPORT "http://bugs.librdf.org/"
| #define PACKAGE_URL ""
| #define PACKAGE "raptor"
| #define VERSION "1.4.21"
| #define STDC_HEADERS 1
| #define HAVE_SYS_TYPES_H 1
| #define HAVE_SYS_STAT_H 1
| #define HAVE_STDLIB_H 1
| #define HAVE_STRING_H 1
| #define HAVE_MEMORY_H 1
| #define HAVE_STRINGS_H 1
| #define HAVE_INTTYPES_H 1
| #define HAVE_STDINT_H 1
| #define HAVE_UNISTD_H 1
| #define HAVE_DLFCN_H 1
| #define LT_OBJDIR ".libs/"
| #define STDC_HEADERS 1
| #define HAVE_ERRNO_H 1
| #define HAVE_FCNTL_H 1
| #define HAVE_STDLIB_H 1
| #define HAVE_UNISTD_H 1
| #define HAVE_STRING_H 1
| #define HAVE_LIMITS_H 1
| #define HAVE_MATH_H 1
| #define HAVE_GETOPT_H 1
| #define HAVE_SYS_STAT_H 1
| #define HAVE_SYS_PARAM_H 1
| #define HAVE_SYS_TIME_H 1
| #define HAVE_SETJMP_H 1
| #define TIME_WITH_SYS_TIME 1
| #define SIZEOF_UNSIGNED_CHAR 1
| #define SIZEOF_UNSIGNED_SHORT 2
| #define SIZEOF_UNSIGNED_INT 4
| #define SIZEOF_UNSIGNED_LONG 8
| #define RAPTOR_VERSION_MAJOR 1
| #define RAPTOR_VERSION_MINOR 4
| #define RAPTOR_VERSION_RELEASE 21
| #define RAPTOR_VERSION_DECIMAL 10421
| #define HAVE_GETTIMEOFDAY 1
| #define HAVE_GETOPT 1
| #define HAVE_GETOPT_LONG 1
| #define HAVE_STRCASECMP 1
| #define HAVE_VSNPRINTF 1
| #define HAVE_ISASCII 1
| #define HAVE_SETJMP 1
| #define HAVE_C99_VSNPRINTF 1
| #define HAVE_TRUNC 1
| #define HAVE_ROUND 1
| #define HAVE_EXPAT_H 1
| /* end confdefs.h.  */
| #include <stdio.h>
| #ifdef HAVE_SYS_TYPES_H
| # include <sys/types.h>
| #endif
| #ifdef HAVE_SYS_STAT_H
| # include <sys/stat.h>
| #endif
| #ifdef STDC_HEADERS
| # include <stdlib.h>
| # include <stddef.h>
| #else
| # ifdef HAVE_STDLIB_H
| #  include <stdlib.h>
| # endif
| #endif
| #ifdef HAVE_STRING_H
| # if !defined STDC_HEADERS && defined HAVE_MEMORY_H
| #  include <memory.h>
| # endif
| # include <string.h>
| #endif
| #ifdef HAVE_STRINGS_H
| # include <strings.h>
| #endif
| #ifdef HAVE_INTTYPES_H
| # include <inttypes.h>
| #endif
| #ifdef HAVE_STDINT_H
| # include <stdint.h>
| #endif
| #ifdef HAVE_UNISTD_H
| # include <unistd.h>
| #endif
| #include <xmlparse.h>
configure:12657: result: no
configure:12657: checking xmlparse.h presence
configure:12657: gcc -E  conftest.c
conftest.c:56:22: error: xmlparse.h: No such file or directory
configure:12657: $? = 1
configure: failed program was:
| /* confdefs.h */
| #define PACKAGE_NAME "Raptor RDF Parser"
| #define PACKAGE_TARNAME "raptor"
| #define PACKAGE_VERSION "1.4.21"
| #define PACKAGE_STRING "Raptor RDF Parser 1.4.21"
| #define PACKAGE_BUGREPORT "http://bugs.librdf.org/"
| #define PACKAGE_URL ""
| #define PACKAGE "raptor"
| #define VERSION "1.4.21"
| #define STDC_HEADERS 1
| #define HAVE_SYS_TYPES_H 1
| #define HAVE_SYS_STAT_H 1
| #define HAVE_STDLIB_H 1
| #define HAVE_STRING_H 1
| #define HAVE_MEMORY_H 1
| #define HAVE_STRINGS_H 1
| #define HAVE_INTTYPES_H 1
| #define HAVE_STDINT_H 1
| #define HAVE_UNISTD_H 1
| #define HAVE_DLFCN_H 1
| #define LT_OBJDIR ".libs/"
| #define STDC_HEADERS 1
| #define HAVE_ERRNO_H 1
| #define HAVE_FCNTL_H 1
| #define HAVE_STDLIB_H 1
| #define HAVE_UNISTD_H 1
| #define HAVE_STRING_H 1
| #define HAVE_LIMITS_H 1
| #define HAVE_MATH_H 1
| #define HAVE_GETOPT_H 1
| #define HAVE_SYS_STAT_H 1
| #define HAVE_SYS_PARAM_H 1
| #define HAVE_SYS_TIME_H 1
| #define HAVE_SETJMP_H 1
| #define TIME_WITH_SYS_TIME 1
| #define SIZEOF_UNSIGNED_CHAR 1
| #define SIZEOF_UNSIGNED_SHORT 2
| #define SIZEOF_UNSIGNED_INT 4
| #define SIZEOF_UNSIGNED_LONG 8
| #define RAPTOR_VERSION_MAJOR 1
| #define RAPTOR_VERSION_MINOR 4
| #define RAPTOR_VERSION_RELEASE 21
| #define RAPTOR_VERSION_DECIMAL 10421
| #define HAVE_GETTIMEOFDAY 1
| #define HAVE_GETOPT 1
| #define HAVE_GETOPT_LONG 1
| #define HAVE_STRCASECMP 1
| #define HAVE_VSNPRINTF 1
| #define HAVE_ISASCII 1
| #define HAVE_SETJMP 1
| #define HAVE_C99_VSNPRINTF 1
| #define HAVE_TRUNC 1
| #define HAVE_ROUND 1
| #define HAVE_EXPAT_H 1
| /* end confdefs.h.  */
| #include <xmlparse.h>
configure:12657: result: no
configure:12657: checking for xmlparse.h
configure:12657: result: no
configure:12670: checking for main in -lxmltok
configure:12689: gcc -o conftest -g -O2   conftest.c -lxmltok   >&5
/usr/bin/ld: cannot find -lxmltok
collect2: ld returned 1 exit status
configure:12689: $? = 1
configure: failed program was:
| /* confdefs.h */
| #define PACKAGE_NAME "Raptor RDF Parser"
| #define PACKAGE_TARNAME "raptor"
| #define PACKAGE_VERSION "1.4.21"
| #define PACKAGE_STRING "Raptor RDF Parser 1.4.21"
| #define PACKAGE_BUGREPORT "http://bugs.librdf.org/"
| #define PACKAGE_URL ""
| #define PACKAGE "raptor"
| #define VERSION "1.4.21"
| #define STDC_HEADERS 1
| #define HAVE_SYS_TYPES_H 1
| #define HAVE_SYS_STAT_H 1
| #define HAVE_STDLIB_H 1
| #define HAVE_STRING_H 1
| #define HAVE_MEMORY_H 1
| #define HAVE_STRINGS_H 1
| #define HAVE_INTTYPES_H 1
| #define HAVE_STDINT_H 1
| #define HAVE_UNISTD_H 1
| #define HAVE_DLFCN_H 1
| #define LT_OBJDIR ".libs/"
| #define STDC_HEADERS 1
| #define HAVE_ERRNO_H 1
| #define HAVE_FCNTL_H 1
| #define HAVE_STDLIB_H 1
| #define HAVE_UNISTD_H 1
| #define HAVE_STRING_H 1
| #define HAVE_LIMITS_H 1
| #define HAVE_MATH_H 1
| #define HAVE_GETOPT_H 1
| #define HAVE_SYS_STAT_H 1
| #define HAVE_SYS_PARAM_H 1
| #define HAVE_SYS_TIME_H 1
| #define HAVE_SETJMP_H 1
| #define TIME_WITH_SYS_TIME 1
| #define SIZEOF_UNSIGNED_CHAR 1
| #define SIZEOF_UNSIGNED_SHORT 2
| #define SIZEOF_UNSIGNED_INT 4
| #define SIZEOF_UNSIGNED_LONG 8
| #define RAPTOR_VERSION_MAJOR 1
| #define RAPTOR_VERSION_MINOR 4
| #define RAPTOR_VERSION_RELEASE 21
| #define RAPTOR_VERSION_DECIMAL 10421
| #define HAVE_GETTIMEOFDAY 1
| #define HAVE_GETOPT 1
| #define HAVE_GETOPT_LONG 1
| #define HAVE_STRCASECMP 1
| #define HAVE_VSNPRINTF 1
| #define HAVE_ISASCII 1
| #define HAVE_SETJMP 1
| #define HAVE_C99_VSNPRINTF 1
| #define HAVE_TRUNC 1
| #define HAVE_ROUND 1
| #define HAVE_EXPAT_H 1
| /* end confdefs.h.  */
| 
| 
| int
| main ()
| {
| return main ();
|   ;
|   return 0;
| }
configure:12698: result: no
configure:12708: checking for XML_ParserCreate in -lxmlparse
configure:12733: gcc -o conftest -g -O2   conftest.c -lxmlparse -lxmltok  >&5
/usr/bin/ld: cannot find -lxmlparse
collect2: ld returned 1 exit status
configure:12733: $? = 1
configure: failed program was:
| /* confdefs.h */
| #define PACKAGE_NAME "Raptor RDF Parser"
| #define PACKAGE_TARNAME "raptor"
| #define PACKAGE_VERSION "1.4.21"
| #define PACKAGE_STRING "Raptor RDF Parser 1.4.21"
| #define PACKAGE_BUGREPORT "http://bugs.librdf.org/"
| #define PACKAGE_URL ""
| #define PACKAGE "raptor"
| #define VERSION "1.4.21"
| #define STDC_HEADERS 1
| #define HAVE_SYS_TYPES_H 1
| #define HAVE_SYS_STAT_H 1
| #define HAVE_STDLIB_H 1
| #define HAVE_STRING_H 1
| #define HAVE_MEMORY_H 1
| #define HAVE_STRINGS_H 1
| #define HAVE_INTTYPES_H 1
| #define HAVE_STDINT_H 1
| #define HAVE_UNISTD_H 1
| #define HAVE_DLFCN_H 1
| #define LT_OBJDIR ".libs/"
| #define STDC_HEADERS 1
| #define HAVE_ERRNO_H 1
| #define HAVE_FCNTL_H 1
| #define HAVE_STDLIB_H 1
| #define HAVE_UNISTD_H 1
| #define HAVE_STRING_H 1
| #define HAVE_LIMITS_H 1
| #define HAVE_MATH_H 1
| #define HAVE_GETOPT_H 1
| #define HAVE_SYS_STAT_H 1
| #define HAVE_SYS_PARAM_H 1
| #define HAVE_SYS_TIME_H 1
| #define HAVE_SETJMP_H 1
| #define TIME_WITH_SYS_TIME 1
| #define SIZEOF_UNSIGNED_CHAR 1
| #define SIZEOF_UNSIGNED_SHORT 2
| #define SIZEOF_UNSIGNED_INT 4
| #define SIZEOF_UNSIGNED_LONG 8
| #define RAPTOR_VERSION_MAJOR 1
| #define RAPTOR_VERSION_MINOR 4
| #define RAPTOR_VERSION_RELEASE 21
| #define RAPTOR_VERSION_DECIMAL 10421
| #define HAVE_GETTIMEOFDAY 1
| #define HAVE_GETOPT 1
| #define HAVE_GETOPT_LONG 1
| #define HAVE_STRCASECMP 1
| #define HAVE_VSNPRINTF 1
| #define HAVE_ISASCII 1
| #define HAVE_SETJMP 1
| #define HAVE_C99_VSNPRINTF 1
| #define HAVE_TRUNC 1
| #define HAVE_ROUND 1
| #define HAVE_EXPAT_H 1
| /* end confdefs.h.  */
| 
| /* Override any GCC internal prototype to avoid an error.
|    Use char because int might match the return type of a GCC
|    builtin and then its argument prototype would still apply.  */
| #ifdef __cplusplus
| extern "C"
| #endif
| char XML_ParserCreate ();
| int
| main ()
| {
| return XML_ParserCreate ();
|   ;
|   return 0;
| }
configure:12742: result: no
configure:12752: checking for XML_ParserCreate in -lexpat
configure:12777: gcc -o conftest -g -O2   conftest.c -lexpat   >&5
configure:12777: $? = 0
configure:12786: result: yes
configure:12796: checking for working expat in libxmlparse and libxmltok
configure:12830: result: no
configure:12836: checking for working expat in libexpat
configure:12848: gcc -o conftest -g -O2   conftest.c  -lexpat >&5
configure:12848: $? = 0
configure:12848: ./conftest
configure:12848: $? = 0
configure:12863: result: yes
configure:12866: checking for expat support of UTF-8 BOM
configure:12910: gcc -o conftest -g -O2   conftest.c  -lexpat >&5
configure:12910: $? = 0
configure:12910: ./conftest
configure:12910: $? = 0
configure:12911: result: yes
configure:12967: checking for xml2-config
configure:12983: found /usr/bin/xml2-config
configure:12994: result: xml2-config
configure:13034: checking for xslt-config
configure:13050: found /usr/bin/xslt-config
configure:13061: result: xslt-config
configure:13101: checking for curl-config
configure:13131: result: no
configure:13150: checking using Unicode NFC checking
configure:13152: result: yes
configure:13176: checking for libxml sources
configure:13183: result: no
configure:13190: checking for xmlCreatePushParserCtxt
configure:13190: gcc -o conftest -g -O2   conftest.c  -lxml2 >&5
configure:13190: $? = 0
configure:13190: result: yes
configure:13197: checking for system (GNOME) libxml library
configure:13206: result: yes - version 2.6.31
configure:13221: checking libxml/nanohttp.h usability
configure:13221: gcc -c -g -O2 -I/usr/include/libxml2  conftest.c >&5
configure:13221: $? = 0
configure:13221: result: yes
configure:13221: checking libxml/nanohttp.h presence
configure:13221: gcc -E -I/usr/include/libxml2  conftest.c
configure:13221: $? = 0
configure:13221: result: yes
configure:13221: checking for libxml/nanohttp.h
configure:13221: result: yes
configure:13233: checking libxml/parser.h usability
configure:13233: gcc -c -g -O2 -I/usr/include/libxml2  conftest.c >&5
configure:13233: $? = 0
configure:13233: result: yes
configure:13233: checking libxml/parser.h presence
configure:13233: gcc -E -I/usr/include/libxml2  conftest.c
configure:13233: $? = 0
configure:13233: result: yes
configure:13233: checking for libxml/parser.h
configure:13233: result: yes
configure:13246: checking for libxml/hash.h
configure:13246: gcc -c -g -O2 -I/usr/include/libxml2  conftest.c >&5
configure:13246: $? = 0
configure:13246: result: yes
configure:13246: checking for libxml/SAX2.h
configure:13246: gcc -c -g -O2 -I/usr/include/libxml2  conftest.c >&5
configure:13246: $? = 0
configure:13246: result: yes
configure:13268: checking if libxml xmlEntity has name_length field
configure:13285: gcc -o conftest -g -O2 -I/usr/include/libxml2   conftest.c  -lxml2 >&5
conftest.c: In function 'main':
conftest.c:68: error: 'xmlEntity' has no member named 'name_length'
configure:13285: $? = 1
configure: failed program was:
| /* confdefs.h */
| #define PACKAGE_NAME "Raptor RDF Parser"
| #define PACKAGE_TARNAME "raptor"
| #define PACKAGE_VERSION "1.4.21"
| #define PACKAGE_STRING "Raptor RDF Parser 1.4.21"
| #define PACKAGE_BUGREPORT "http://bugs.librdf.org/"
| #define PACKAGE_URL ""
| #define PACKAGE "raptor"
| #define VERSION "1.4.21"
| #define STDC_HEADERS 1
| #define HAVE_SYS_TYPES_H 1
| #define HAVE_SYS_STAT_H 1
| #define HAVE_STDLIB_H 1
| #define HAVE_STRING_H 1
| #define HAVE_MEMORY_H 1
| #define HAVE_STRINGS_H 1
| #define HAVE_INTTYPES_H 1
| #define HAVE_STDINT_H 1
| #define HAVE_UNISTD_H 1
| #define HAVE_DLFCN_H 1
| #define LT_OBJDIR ".libs/"
| #define STDC_HEADERS 1
| #define HAVE_ERRNO_H 1
| #define HAVE_FCNTL_H 1
| #define HAVE_STDLIB_H 1
| #define HAVE_UNISTD_H 1
| #define HAVE_STRING_H 1
| #define HAVE_LIMITS_H 1
| #define HAVE_MATH_H 1
| #define HAVE_GETOPT_H 1
| #define HAVE_SYS_STAT_H 1
| #define HAVE_SYS_PARAM_H 1
| #define HAVE_SYS_TIME_H 1
| #define HAVE_SETJMP_H 1
| #define TIME_WITH_SYS_TIME 1
| #define SIZEOF_UNSIGNED_CHAR 1
| #define SIZEOF_UNSIGNED_SHORT 2
| #define SIZEOF_UNSIGNED_INT 4
| #define SIZEOF_UNSIGNED_LONG 8
| #define RAPTOR_VERSION_MAJOR 1
| #define RAPTOR_VERSION_MINOR 4
| #define RAPTOR_VERSION_RELEASE 21
| #define RAPTOR_VERSION_DECIMAL 10421
| #define HAVE_GETTIMEOFDAY 1
| #define HAVE_GETOPT 1
| #define HAVE_GETOPT_LONG 1
| #define HAVE_STRCASECMP 1
| #define HAVE_VSNPRINTF 1
| #define HAVE_ISASCII 1
| #define HAVE_SETJMP 1
| #define HAVE_C99_VSNPRINTF 1
| #define HAVE_TRUNC 1
| #define HAVE_ROUND 1
| #define HAVE_EXPAT_H 1
| #define HAVE_LIBXML_NANOHTTP_H 1
| #define HAVE_LIBXML_PARSER_H 1
| #define HAVE_LIBXML_HASH_H 1
| #define HAVE_LIBXML_SAX2_H 1
| /* end confdefs.h.  */
| 
| #ifdef HAVE_LIBXML_PARSER_H
| #include <libxml/parser.h>
| #endif
| 
| int
| main ()
| {
| xmlEntity foo; foo.name_length=0
|   ;
|   return 0;
| }
configure:13292: result: no
configure:13298: checking if libxml xmlEntity has etype field
configure:13315: gcc -o conftest -g -O2 -I/usr/include/libxml2   conftest.c  -lxml2 >&5
configure:13315: $? = 0
configure:13316: result: yes
configure:13328: checking if libxml xmlSAXHandler has initialized field
configure:13345: gcc -o conftest -g -O2 -I/usr/include/libxml2   conftest.c  -lxml2 >&5
configure:13345: $? = 0
configure:13346: result: yes
configure:13358: checking if libxml xmlSAXHandler has externalSubset field
configure:13375: gcc -o conftest -g -O2 -I/usr/include/libxml2   conftest.c  -lxml2 >&5
configure:13375: $? = 0
configure:13376: result: yes
configure:13391: checking for xmlSAX2InternalSubset
configure:13391: gcc -o conftest -g -O2 -I/usr/include/libxml2   conftest.c  -lxml2 >&5
configure:13391: $? = 0
configure:13391: result: yes
configure:13391: checking for xmlCtxtUseOptions
configure:13391: gcc -o conftest -g -O2 -I/usr/include/libxml2   conftest.c  -lxml2 >&5
configure:13391: $? = 0
configure:13391: result: yes
configure:13402: checking if libxml has parser option XML_PARSE_NONET
configure:13419: gcc -o conftest -g -O2 -I/usr/include/libxml2   conftest.c  -lxml2 >&5
configure:13419: $? = 0
configure:13420: result: yes
configure:13433: checking libxml/HTMLparser.h usability
configure:13433: gcc -c -g -O2 -I/usr/include/libxml2  conftest.c >&5
configure:13433: $? = 0
configure:13433: result: yes
configure:13433: checking libxml/HTMLparser.h presence
configure:13433: gcc -E -I/usr/include/libxml2  conftest.c
configure:13433: $? = 0
configure:13433: result: yes
configure:13433: checking for libxml/HTMLparser.h
configure:13433: result: yes
configure:13443: checking if libxml has parser option HTML_PARSE_NONET
configure:13460: gcc -o conftest -g -O2 -I/usr/include/libxml2   conftest.c  -lxml2 >&5
configure:13460: $? = 0
configure:13461: result: yes
configure:13484: checking for xsltSaveResultToString
configure:13484: gcc -o conftest -g -O2   conftest.c  -L/usr/lib -lxslt -lxml2 >&5
configure:13484: $? = 0
configure:13484: result: yes
configure:13491: checking for system libxslt library
configure:13499: result: yes - version 1.1.22
configure:13511: checking for xsltInit
configure:13511: gcc -o conftest -g -O2 -I/usr/include/libxml2   conftest.c  -L/usr/lib -lxslt -lxml2 >&5
configure:13511: $? = 0
configure:13511: result: yes
configure:13519: checking libxslt/xslt.h usability
configure:13519: gcc -c -g -O2 -I/usr/include/libxml2  conftest.c >&5
configure:13519: $? = 0
configure:13519: result: yes
configure:13519: checking libxslt/xslt.h presence
configure:13519: gcc -E -I/usr/include/libxml2  conftest.c
configure:13519: $? = 0
configure:13519: result: yes
configure:13519: checking for libxslt/xslt.h
configure:13519: result: yes
configure:13608: checking XML parser to use
configure:13626: result:  libxml(system)
configure:13648: checking GRDDL parser requirements
configure:13651: result: yes
configure:13693: checking RDF parsers required
configure:13702: result: all
configure:13875: checking RDF serializers required
configure:13884: result: all
configure:14001: checking XML names version
configure:14016: result: 1.0
configure:14167: checking WWW libraries available
configure:14183: result:  libxml(system 2.6.31)
configure:14187: checking WWW library to use
configure:14207: result: libxml(system 2.6.31)
configure:14236: checking libinn.h usability
configure:14236: gcc -c -g -O2  conftest.c >&5
conftest.c:121:20: error: libinn.h: No such file or directory
configure:14236: $? = 1
configure: failed program was:
| /* confdefs.h */
| #define PACKAGE_NAME "Raptor RDF Parser"
| #define PACKAGE_TARNAME "raptor"
| #define PACKAGE_VERSION "1.4.21"
| #define PACKAGE_STRING "Raptor RDF Parser 1.4.21"
| #define PACKAGE_BUGREPORT "http://bugs.librdf.org/"
| #define PACKAGE_URL ""
| #define PACKAGE "raptor"
| #define VERSION "1.4.21"
| #define STDC_HEADERS 1
| #define HAVE_SYS_TYPES_H 1
| #define HAVE_SYS_STAT_H 1
| #define HAVE_STDLIB_H 1
| #define HAVE_STRING_H 1
| #define HAVE_MEMORY_H 1
| #define HAVE_STRINGS_H 1
| #define HAVE_INTTYPES_H 1
| #define HAVE_STDINT_H 1
| #define HAVE_UNISTD_H 1
| #define HAVE_DLFCN_H 1
| #define LT_OBJDIR ".libs/"
| #define STDC_HEADERS 1
| #define HAVE_ERRNO_H 1
| #define HAVE_FCNTL_H 1
| #define HAVE_STDLIB_H 1
| #define HAVE_UNISTD_H 1
| #define HAVE_STRING_H 1
| #define HAVE_LIMITS_H 1
| #define HAVE_MATH_H 1
| #define HAVE_GETOPT_H 1
| #define HAVE_SYS_STAT_H 1
| #define HAVE_SYS_PARAM_H 1
| #define HAVE_SYS_TIME_H 1
| #define HAVE_SETJMP_H 1
| #define TIME_WITH_SYS_TIME 1
| #define SIZEOF_UNSIGNED_CHAR 1
| #define SIZEOF_UNSIGNED_SHORT 2
| #define SIZEOF_UNSIGNED_INT 4
| #define SIZEOF_UNSIGNED_LONG 8
| #define RAPTOR_VERSION_MAJOR 1
| #define RAPTOR_VERSION_MINOR 4
| #define RAPTOR_VERSION_RELEASE 21
| #define RAPTOR_VERSION_DECIMAL 10421
| #define HAVE_GETTIMEOFDAY 1
| #define HAVE_GETOPT 1
| #define HAVE_GETOPT_LONG 1
| #define HAVE_STRCASECMP 1
| #define HAVE_VSNPRINTF 1
| #define HAVE_ISASCII 1
| #define HAVE_SETJMP 1
| #define HAVE_C99_VSNPRINTF 1
| #define HAVE_TRUNC 1
| #define HAVE_ROUND 1
| #define HAVE_EXPAT_H 1
| #define HAVE_LIBXML_NANOHTTP_H 1
| #define HAVE_LIBXML_PARSER_H 1
| #define HAVE_LIBXML_HASH_H 1
| #define HAVE_LIBXML_SAX2_H 1
| #define RAPTOR_LIBXML_ENTITY_ETYPE 1
| #define RAPTOR_LIBXML_XMLSAXHANDLER_INITIALIZED 1
| #define RAPTOR_LIBXML_XMLSAXHANDLER_EXTERNALSUBSET 1
| #define HAVE_XMLSAX2INTERNALSUBSET 1
| #define HAVE_XMLCTXTUSEOPTIONS 1
| #define RAPTOR_LIBXML_XML_PARSE_NONET 1
| #define HAVE_LIBXML_HTMLPARSER_H 1
| #define RAPTOR_LIBXML_HTML_PARSE_NONET 1
| #define HAVE_LIBXSLT_XSLT_H 1
| #define RAPTOR_XML_LIBXML 1
| #define RAPTOR_PARSER_RDFXML 1
| #define RAPTOR_PARSER_NTRIPLES 1
| #define RAPTOR_PARSER_TURTLE 1
| #define RAPTOR_PARSER_TRIG 1
| #define RAPTOR_PARSER_GUESS 1
| #define RAPTOR_PARSER_RSS 1
| #define RAPTOR_PARSER_RDFA 1
| #define RAPTOR_PARSER_GRDDL 1
| #define RAPTOR_SERIALIZER_RDFXML 1
| #define RAPTOR_SERIALIZER_RDFXML_ABBREV 1
| #define RAPTOR_SERIALIZER_TURTLE 1
| #define RAPTOR_SERIALIZER_NTRIPLES 1
| #define RAPTOR_SERIALIZER_RSS_1_0 1
| #define RAPTOR_SERIALIZER_DOT 1
| #define RAPTOR_SERIALIZER_JSON 1
| #define RAPTOR_SERIALIZER_ATOM 1
| #define RAPTOR_NFC_CHECK 1
| #define RAPTOR_WWW_LIBXML 1
| /* end confdefs.h.  */
| #include <stdio.h>
| #ifdef HAVE_SYS_TYPES_H
| # include <sys/types.h>
| #endif
| #ifdef HAVE_SYS_STAT_H
| # include <sys/stat.h>
| #endif
| #ifdef STDC_HEADERS
| # include <stdlib.h>
| # include <stddef.h>
| #else
| # ifdef HAVE_STDLIB_H
| #  include <stdlib.h>
| # endif
| #endif
| #ifdef HAVE_STRING_H
| # if !defined STDC_HEADERS && defined HAVE_MEMORY_H
| #  include <memory.h>
| # endif
| # include <string.h>
| #endif
| #ifdef HAVE_STRINGS_H
| # include <strings.h>
| #endif
| #ifdef HAVE_INTTYPES_H
| # include <inttypes.h>
| #endif
| #ifdef HAVE_STDINT_H
| # include <stdint.h>
| #endif
| #ifdef HAVE_UNISTD_H
| # include <unistd.h>
| #endif
| #include <libinn.h>
configure:14236: result: no
configure:14236: checking libinn.h presence
configure:14236: gcc -E  conftest.c
conftest.c:88:20: error: libinn.h: No such file or directory
configure:14236: $? = 1
configure: failed program was:
| /* confdefs.h */
| #define PACKAGE_NAME "Raptor RDF Parser"
| #define PACKAGE_TARNAME "raptor"
| #define PACKAGE_VERSION "1.4.21"
| #define PACKAGE_STRING "Raptor RDF Parser 1.4.21"
| #define PACKAGE_BUGREPORT "http://bugs.librdf.org/"
| #define PACKAGE_URL ""
| #define PACKAGE "raptor"
| #define VERSION "1.4.21"
| #define STDC_HEADERS 1
| #define HAVE_SYS_TYPES_H 1
| #define HAVE_SYS_STAT_H 1
| #define HAVE_STDLIB_H 1
| #define HAVE_STRING_H 1
| #define HAVE_MEMORY_H 1
| #define HAVE_STRINGS_H 1
| #define HAVE_INTTYPES_H 1
| #define HAVE_STDINT_H 1
| #define HAVE_UNISTD_H 1
| #define HAVE_DLFCN_H 1
| #define LT_OBJDIR ".libs/"
| #define STDC_HEADERS 1
| #define HAVE_ERRNO_H 1
| #define HAVE_FCNTL_H 1
| #define HAVE_STDLIB_H 1
| #define HAVE_UNISTD_H 1
| #define HAVE_STRING_H 1
| #define HAVE_LIMITS_H 1
| #define HAVE_MATH_H 1
| #define HAVE_GETOPT_H 1
| #define HAVE_SYS_STAT_H 1
| #define HAVE_SYS_PARAM_H 1
| #define HAVE_SYS_TIME_H 1
| #define HAVE_SETJMP_H 1
| #define TIME_WITH_SYS_TIME 1
| #define SIZEOF_UNSIGNED_CHAR 1
| #define SIZEOF_UNSIGNED_SHORT 2
| #define SIZEOF_UNSIGNED_INT 4
| #define SIZEOF_UNSIGNED_LONG 8
| #define RAPTOR_VERSION_MAJOR 1
| #define RAPTOR_VERSION_MINOR 4
| #define RAPTOR_VERSION_RELEASE 21
| #define RAPTOR_VERSION_DECIMAL 10421
| #define HAVE_GETTIMEOFDAY 1
| #define HAVE_GETOPT 1
| #define HAVE_GETOPT_LONG 1
| #define HAVE_STRCASECMP 1
| #define HAVE_VSNPRINTF 1
| #define HAVE_ISASCII 1
| #define HAVE_SETJMP 1
| #define HAVE_C99_VSNPRINTF 1
| #define HAVE_TRUNC 1
| #define HAVE_ROUND 1
| #define HAVE_EXPAT_H 1
| #define HAVE_LIBXML_NANOHTTP_H 1
| #define HAVE_LIBXML_PARSER_H 1
| #define HAVE_LIBXML_HASH_H 1
| #define HAVE_LIBXML_SAX2_H 1
| #define RAPTOR_LIBXML_ENTITY_ETYPE 1
| #define RAPTOR_LIBXML_XMLSAXHANDLER_INITIALIZED 1
| #define RAPTOR_LIBXML_XMLSAXHANDLER_EXTERNALSUBSET 1
| #define HAVE_XMLSAX2INTERNALSUBSET 1
| #define HAVE_XMLCTXTUSEOPTIONS 1
| #define RAPTOR_LIBXML_XML_PARSE_NONET 1
| #define HAVE_LIBXML_HTMLPARSER_H 1
| #define RAPTOR_LIBXML_HTML_PARSE_NONET 1
| #define HAVE_LIBXSLT_XSLT_H 1
| #define RAPTOR_XML_LIBXML 1
| #define RAPTOR_PARSER_RDFXML 1
| #define RAPTOR_PARSER_NTRIPLES 1
| #define RAPTOR_PARSER_TURTLE 1
| #define RAPTOR_PARSER_TRIG 1
| #define RAPTOR_PARSER_GUESS 1
| #define RAPTOR_PARSER_RSS 1
| #define RAPTOR_PARSER_RDFA 1
| #define RAPTOR_PARSER_GRDDL 1
| #define RAPTOR_SERIALIZER_RDFXML 1
| #define RAPTOR_SERIALIZER_RDFXML_ABBREV 1
| #define RAPTOR_SERIALIZER_TURTLE 1
| #define RAPTOR_SERIALIZER_NTRIPLES 1
| #define RAPTOR_SERIALIZER_RSS_1_0 1
| #define RAPTOR_SERIALIZER_DOT 1
| #define RAPTOR_SERIALIZER_JSON 1
| #define RAPTOR_SERIALIZER_ATOM 1
| #define RAPTOR_NFC_CHECK 1
| #define RAPTOR_WWW_LIBXML 1
| /* end confdefs.h.  */
| #include <libinn.h>
configure:14236: result: no
configure:14236: checking for libinn.h
configure:14236: result: no
configure:14332: checking date parsing source
configure:14346: result: raptor parsedate
configure:14465: checking using dmalloc library
configure:14478: result: no
configure:14492: checking using memory signing
configure:14494: result: no
configure:14615: checking for pkg-config
configure:14633: found /usr/bin/pkg-config
configure:14645: result: /usr/bin/pkg-config
configure:14670: checking pkg-config is at least version 0.9.0
configure:14673: result: yes
configure:14686: checking for gtkdoc-check
configure:14719: result: no
configure:14728: checking for gtkdoc-rebase
configure:14761: result: no
configure:14772: checking for gtkdoc-mkpdf
configure:14805: result: no
configure:14843: checking whether to build gtk-doc documentation
configure:14845: result: no
configure:15157: creating ./config.status

## ---------------------- ##
## Running config.status. ##
## ---------------------- ##

This file was extended by Raptor RDF Parser config.status 1.4.21, which was
generated by GNU Autoconf 2.65.  Invocation command line was

  CONFIG_FILES    = 
  CONFIG_HEADERS  = 
  CONFIG_LINKS    = 
  CONFIG_COMMANDS = 
  $ ./config.status 

on spl-laptop

config.status:1245: creating Makefile
config.status:1245: creating raptor.spec
config.status:1245: creating raptor.rdf
config.status:1245: creating data/Makefile
config.status:1245: creating docs/Makefile
config.status:1245: creating docs/version.xml
config.status:1245: creating examples/Makefile
config.status:1245: creating src/Makefile
config.status:1245: creating tests/Makefile
config.status:1245: creating tests/feeds/Makefile
config.status:1245: creating tests/grddl/Makefile
config.status:1245: creating tests/ntriples/Makefile
config.status:1245: creating tests/rdfa/Makefile
config.status:1245: creating tests/rdfxml/Makefile
config.status:1245: creating tests/turtle/Makefile
config.status:1245: creating tests/trig/Makefile
config.status:1245: creating utils/Makefile
config.status:1245: creating win32/Makefile
config.status:1245: creating librdfa/Makefile
config.status:1245: creating raptor.pc
config.status:1245: creating src/raptor-config
config.status:1245: creating raptor-src-config
config.status:1245: creating src/raptor_config.h
config.status:1465: executing depfiles commands
config.status:1465: executing libtool commands
configure:17392: result:
Raptor build summary:
  RDF parsers available     : rdfxml ntriples turtle trig guess rss-tag-soup rdfa grddl
  RDF parsers enabled       : rdfxml ntriples turtle trig guess rss-tag-soup rdfa grddl
  RDF serializers available : rdfxml rdfxml-abbrev turtle ntriples rss-1.0 dot json atom
  RDF serializers enabled   : rdfxml rdfxml-abbrev turtle ntriples rss-1.0 dot json atom
  XML parser                : libxml(system 2.6.31)
  WWW library               : libxml(system 2.6.31)


## ---------------- ##
## Cache variables. ##
## ---------------- ##

ac_cv_build=x86_64-unknown-linux-gnu
ac_cv_c_bigendian=no
ac_cv_c_compiler_gnu=yes
ac_cv_c_const=yes
ac_cv_env_CC_set=
ac_cv_env_CC_value=
ac_cv_env_CFLAGS_set=
ac_cv_env_CFLAGS_value=
ac_cv_env_CPPFLAGS_set=
ac_cv_env_CPPFLAGS_value=
ac_cv_env_CPP_set=
ac_cv_env_CPP_value=
ac_cv_env_LDFLAGS_set=
ac_cv_env_LDFLAGS_value=
ac_cv_env_LIBS_set=
ac_cv_env_LIBS_value=
ac_cv_env_PKG_CONFIG_set=
ac_cv_env_PKG_CONFIG_value=
ac_cv_env_YACC_set=
ac_cv_env_YACC_value=
ac_cv_env_YFLAGS_set=
ac_cv_env_YFLAGS_value=
ac_cv_env_build_alias_set=
ac_cv_env_build_alias_value=
ac_cv_env_host_alias_set=
ac_cv_env_host_alias_value=
ac_cv_env_target_alias_set=
ac_cv_env_target_alias_value=
ac_cv_func_getopt=yes
ac_cv_func_getopt_long=yes
ac_cv_func_gettimeofday=yes
ac_cv_func_isascii=yes
ac_cv_func_setjmp=yes
ac_cv_func_strcasecmp=yes
ac_cv_func_stricmp=no
ac_cv_func_vsnprintf=yes
ac_cv_func_xmlCreatePushParserCtxt=yes
ac_cv_func_xmlCtxtUseOptions=yes
ac_cv_func_xmlSAX2InternalSubset=yes
ac_cv_func_xsltInit=yes
ac_cv_func_xsltSaveResultToString=yes
ac_cv_header_dlfcn_h=yes
ac_cv_header_dmalloc_h=no
ac_cv_header_errno_h=yes
ac_cv_header_expat_h=yes
ac_cv_header_fcntl_h=yes
ac_cv_header_fetch_h=no
ac_cv_header_getopt_h=yes
ac_cv_header_inttypes_h=yes
ac_cv_header_libinn_h=no
ac_cv_header_libxml_HTMLparser_h=yes
ac_cv_header_libxml_SAX2_h=yes
ac_cv_header_libxml_hash_h=yes
ac_cv_header_libxml_nanohttp_h=yes
ac_cv_header_libxml_parser_h=yes
ac_cv_header_libxslt_xslt_h=yes
ac_cv_header_limits_h=yes
ac_cv_header_math_h=yes
ac_cv_header_memory_h=yes
ac_cv_header_setjmp_h=yes
ac_cv_header_stdc=yes
ac_cv_header_stdint_h=yes
ac_cv_header_stdlib_h=yes
ac_cv_header_string_h=yes
ac_cv_header_strings_h=yes
ac_cv_header_sys_param_h=yes
ac_cv_header_sys_stat_h=yes
ac_cv_header_sys_time_h=yes
ac_cv_header_sys_types_h=yes
ac_cv_header_time=yes
ac_cv_header_unistd_h=yes
ac_cv_header_xmlparse_h=no
ac_cv_host=x86_64-unknown-linux-gnu
ac_cv_lib_expat_XML_ParserCreate=yes
ac_cv_lib_xmlparse_XML_ParserCreate=no
ac_cv_lib_xmltok_main=no
ac_cv_objext=o
ac_cv_path_EGREP='/bin/grep -E'
ac_cv_path_FGREP='/bin/grep -F'
ac_cv_path_GREP=/bin/grep
ac_cv_path_SED=/bin/sed
ac_cv_path_ac_pt_PKG_CONFIG=/usr/bin/pkg-config
ac_cv_path_install='/usr/bin/install -c'
ac_cv_path_mkdir=/bin/mkdir
ac_cv_prog_AWK=mawk
ac_cv_prog_CPP='gcc -E'
ac_cv_prog_PERL=perl
ac_cv_prog_TAR=tar
ac_cv_prog_XML_CONFIG=xml2-config
ac_cv_prog_XSLT_CONFIG=xslt-config
ac_cv_prog_ac_ct_AR=ar
ac_cv_prog_ac_ct_CC=gcc
ac_cv_prog_ac_ct_OBJDUMP=objdump
ac_cv_prog_ac_ct_RANLIB=ranlib
ac_cv_prog_ac_ct_STRIP=strip
ac_cv_prog_cc_c89=
ac_cv_prog_cc_g=yes
ac_cv_prog_cc_gcc_c_o=yes
ac_cv_prog_make_make_set=yes
ac_cv_sizeof_unsigned_char=1
ac_cv_sizeof_unsigned_int=4
ac_cv_sizeof_unsigned_long=8
ac_cv_sizeof_unsigned_short=2
ac_cv_sys_file_offset_bits=no
ac_cv_sys_largefile_CC=no
ac_cv_type_u16=no
ac_cv_type_u8=no
am_cv_CC_dependencies_compiler_type=gcc3
lt_cv_deplibs_check_method=pass_all
lt_cv_file_magic_cmd='$MAGIC_CMD'
lt_cv_file_magic_test_file=
lt_cv_ld_reload_flag=-r
lt_cv_nm_interface='BSD nm'
lt_cv_objdir=.libs
lt_cv_path_LD=/usr/bin/ld
lt_cv_path_NM='/usr/bin/nm -B'
lt_cv_prog_compiler_c_o=yes
lt_cv_prog_compiler_pic_works=yes
lt_cv_prog_compiler_rtti_exceptions=no
lt_cv_prog_compiler_static_works=yes
lt_cv_prog_gnu_ld=yes
lt_cv_sys_global_symbol_pipe='sed -n -e '\''s/^.*[	 ]\([ABCDGIRSTW][ABCDGIRSTW]*\)[	 ][	 ]*\([_A-Za-z][_A-Za-z0-9]*\)$/\1 \2 \2/p'\'''
lt_cv_sys_global_symbol_to_c_name_address='sed -n -e '\''s/^: \([^ ]*\) $/  {\"\1\", (void *) 0},/p'\'' -e '\''s/^[ABCDGIRSTW]* \([^ ]*\) \([^ ]*\)$/  {"\2", (void *) \&\2},/p'\'''
lt_cv_sys_global_symbol_to_c_name_address_lib_prefix='sed -n -e '\''s/^: \([^ ]*\) $/  {\"\1\", (void *) 0},/p'\'' -e '\''s/^[ABCDGIRSTW]* \([^ ]*\) \(lib[^ ]*\)$/  {"\2", (void *) \&\2},/p'\'' -e '\''s/^[ABCDGIRSTW]* \([^ ]*\) \([^ ]*\)$/  {"lib\2", (void *) \&\2},/p'\'''
lt_cv_sys_global_symbol_to_cdecl='sed -n -e '\''s/^T .* \(.*\)$/extern int \1();/p'\'' -e '\''s/^[ABCDGIRSTW]* .* \(.*\)$/extern char \1;/p'\'''
lt_cv_sys_max_cmd_len=98304

## ----------------- ##
## Output variables. ##
## ----------------- ##

ACLOCAL='${SHELL} /home/spl/prog/mmfdstat/tmp/raptor-1.4.21/build/missing --run aclocal-1.11'
AMDEPBACKSLASH='\'
AMDEP_FALSE='#'
AMDEP_TRUE=''
AMTAR='${SHELL} /home/spl/prog/mmfdstat/tmp/raptor-1.4.21/build/missing --run tar'
AM_BACKSLASH='\'
AM_DEFAULT_VERBOSITY='1'
AR='ar'
AUTOCONF='${SHELL} /home/spl/prog/mmfdstat/tmp/raptor-1.4.21/build/missing --run autoconf'
AUTOHEADER='${SHELL} /home/spl/prog/mmfdstat/tmp/raptor-1.4.21/build/missing --run autoheader'
AUTOMAKE='${SHELL} /home/spl/prog/mmfdstat/tmp/raptor-1.4.21/build/missing --run automake-1.11'
AWK='mawk'
CC='gcc'
CCDEPMODE='depmode=gcc3'
CFLAGS='-g -O2'
CPP='gcc -E'
CPPFLAGS='-DRAPTOR_INTERNAL=1 -DRAPTOR_V2_EXPERIMENTAL=1 -I/usr/include/libxml2 -I/usr/include/libxml2 '
CURL_CONFIG=''
CYGPATH_W='echo'
DEFS='-DHAVE_CONFIG_H'
DEPDIR='.deps'
DSYMUTIL=''
DUMPBIN=''
ECHO='echo'
ECHO_C=''
ECHO_N='-n'
ECHO_T=''
EGREP='/bin/grep -E'
ENABLE_GTK_DOC_FALSE=''
ENABLE_GTK_DOC_TRUE='#'
EXEEXT=''
FGREP='/bin/grep -F'
GETOPT_FALSE=''
GETOPT_TRUE='#'
GREP='/bin/grep'
GTKDOC_CHECK=''
GTKDOC_MKPDF=''
GTKDOC_REBASE='true'
GTK_DOC_BUILD_HTML_FALSE='#'
GTK_DOC_BUILD_HTML_TRUE=''
GTK_DOC_BUILD_PDF_FALSE=''
GTK_DOC_BUILD_PDF_TRUE='#'
GTK_DOC_USE_LIBTOOL_FALSE='#'
GTK_DOC_USE_LIBTOOL_TRUE=''
GTK_DOC_USE_REBASE_FALSE='#'
GTK_DOC_USE_REBASE_TRUE=''
HTML_DIR='${datadir}/gtk-doc/html'
INSTALL_DATA='${INSTALL} -m 644'
INSTALL_PROGRAM='${INSTALL}'
INSTALL_SCRIPT='${INSTALL}'
INSTALL_STRIP_PROGRAM='$(install_sh) -c -s'
LD='/usr/bin/ld -m elf_x86_64'
LDFLAGS=''
LEX=':'
LEXLIB=''
LEX_OUTPUT_ROOT=''
LIBOBJS=' ${LIBOBJDIR}raptor_www_libxml$U.o'
LIBRDFA_FALSE='#'
LIBRDFA_TRUE=''
LIBS=''
LIBTOOL='$(SHELL) $(top_builddir)/libtool'
LIPO=''
LN_S='ln -s'
LTLIBOBJS=' ${LIBOBJDIR}raptor_www_libxml$U.lo'
MAINT='#'
MAINTAINER_MODE_FALSE=''
MAINTAINER_MODE_TRUE='#'
MAKEINFO='${SHELL} /home/spl/prog/mmfdstat/tmp/raptor-1.4.21/build/missing --run makeinfo'
MEM=''
MEM_LIBS=''
MKDIR_P='/bin/mkdir -p'
NM='/usr/bin/nm -B'
NMEDIT=''
OBJDUMP='objdump'
OBJEXT='o'
OTOOL64=''
OTOOL=''
PACKAGE='raptor'
PACKAGE_BUGREPORT='http://bugs.librdf.org/'
PACKAGE_NAME='Raptor RDF Parser'
PACKAGE_STRING='Raptor RDF Parser 1.4.21'
PACKAGE_TARNAME='raptor'
PACKAGE_URL=''
PACKAGE_VERSION='1.4.21'
PARSEDATE_FALSE='#'
PARSEDATE_TRUE=''
PATH_SEPARATOR=':'
PERL='perl'
PKG_CONFIG='/usr/bin/pkg-config'
RANLIB='ranlib'
RAPTOR_LDFLAGS=' -lm -lxml2 -L/usr/lib -lxslt -lxml2'
RAPTOR_LIBTOOLLIBS='libraptor.la'
RAPTOR_LIBTOOL_VERSION='3:0:2'
RAPTOR_NFC_CHECK_FALSE='#'
RAPTOR_NFC_CHECK_TRUE=''
RAPTOR_PARSERS=' rdfxml ntriples turtle trig guess rss-tag-soup rdfa grddl'
RAPTOR_PARSER_GRDDL_FALSE='#'
RAPTOR_PARSER_GRDDL_TRUE=''
RAPTOR_PARSER_GUESS_FALSE='#'
RAPTOR_PARSER_GUESS_TRUE=''
RAPTOR_PARSER_N3_FALSE=''
RAPTOR_PARSER_N3_TRUE='#'
RAPTOR_PARSER_NTRIPLES_FALSE='#'
RAPTOR_PARSER_NTRIPLES_TRUE=''
RAPTOR_PARSER_RDFA_FALSE='#'
RAPTOR_PARSER_RDFA_TRUE=''
RAPTOR_PARSER_RDFXML_FALSE='#'
RAPTOR_PARSER_RDFXML_TRUE=''
RAPTOR_PARSER_RSS_FALSE='#'
RAPTOR_PARSER_RSS_TRUE=''
RAPTOR_PARSER_TRIG_FALSE='#'
RAPTOR_PARSER_TRIG_TRUE=''
RAPTOR_PARSER_TURTLE_FALSE='#'
RAPTOR_PARSER_TURTLE_TRUE=''
RAPTOR_RSS_COMMON_FALSE='#'
RAPTOR_RSS_COMMON_TRUE=''
RAPTOR_SERIALIZERS=' rdfxml rdfxml-abbrev turtle ntriples rss-1.0 dot json atom'
RAPTOR_SERIALIZER_ATOM_FALSE='#'
RAPTOR_SERIALIZER_ATOM_TRUE=''
RAPTOR_SERIALIZER_DOT_FALSE='#'
RAPTOR_SERIALIZER_DOT_TRUE=''
RAPTOR_SERIALIZER_JSON_FALSE='#'
RAPTOR_SERIALIZER_JSON_TRUE=''
RAPTOR_SERIALIZER_NTRIPLES_FALSE='#'
RAPTOR_SERIALIZER_NTRIPLES_TRUE=''
RAPTOR_SERIALIZER_RDFXML_ABBREV_FALSE='#'
RAPTOR_SERIALIZER_RDFXML_ABBREV_TRUE=''
RAPTOR_SERIALIZER_RDFXML_FALSE='#'
RAPTOR_SERIALIZER_RDFXML_TRUE=''
RAPTOR_SERIALIZER_RSS_1_0_FALSE='#'
RAPTOR_SERIALIZER_RSS_1_0_TRUE=''
RAPTOR_SERIALIZER_TURTLE_FALSE='#'
RAPTOR_SERIALIZER_TURTLE_TRUE=''
RAPTOR_VERSION_DECIMAL='10421'
RAPTOR_WWW_LIBRARY='libxml'
RAPTOR_XML_EXPAT_FALSE=''
RAPTOR_XML_EXPAT_TRUE='#'
RAPTOR_XML_LIBXML_FALSE='#'
RAPTOR_XML_LIBXML_TRUE=''
RAPTOR_XML_PARSER='libxml'
RELEASE_VERSION_FALSE=''
RELEASE_VERSION_TRUE='#'
RPM_RELEASE='SNAP'
SED='/bin/sed'
SET_MAKE=''
SHELL='/bin/bash'
STRCASECMP_FALSE='#'
STRCASECMP_TRUE=''
STRIP='strip'
TAR='tar'
VERSION='1.4.21'
XML_CONFIG='xml2-config'
XSLT_CONFIG='xslt-config'
YACC='yacc'
YFLAGS=''
abs_top_builddir='/home/spl/prog/mmfdstat/tmp/raptor-1.4.21'
abs_top_srcdir='/home/spl/prog/mmfdstat/tmp/raptor-1.4.21'
ac_ct_CC='gcc'
ac_ct_DUMPBIN=''
am__EXEEXT_FALSE=''
am__EXEEXT_TRUE='#'
am__fastdepCC_FALSE='#'
am__fastdepCC_TRUE=''
am__include='include'
am__isrc=''
am__leading_dot='.'
am__quote=''
am__tar='${AMTAR} chof - "$$tardir"'
am__untar='${AMTAR} xf -'
bindir='${exec_prefix}/bin'
build='x86_64-unknown-linux-gnu'
build_alias=''
build_cpu='x86_64'
build_os='linux-gnu'
build_vendor='unknown'
datadir='${datarootdir}'
datarootdir='${prefix}/share'
docdir='${datarootdir}/doc/${PACKAGE_TARNAME}'
dvidir='${docdir}'
exec_prefix='${prefix}'
host='x86_64-unknown-linux-gnu'
host_alias=''
host_cpu='x86_64'
host_os='linux-gnu'
host_vendor='unknown'
htmldir='${docdir}'
includedir='${prefix}/include'
infodir='${datarootdir}/info'
install_sh='${SHELL} /home/spl/prog/mmfdstat/tmp/raptor-1.4.21/build/install-sh'
libdir='${exec_prefix}/lib'
libexecdir='${exec_prefix}/libexec'
localedir='${datarootdir}/locale'
localstatedir='${prefix}/var'
lt_ECHO='echo'
mandir='${datarootdir}/man'
mkdir_p='/bin/mkdir -p'
oldincludedir='/usr/include'
pdfdir='${docdir}'
prefix='/usr/local'
program_transform_name='s,x,x,'
psdir='${docdir}'
sbindir='${exec_prefix}/sbin'
sharedstatedir='${prefix}/com'
sysconfdir='${prefix}/etc'
target_alias=''

## ----------- ##
## confdefs.h. ##
## ----------- ##

/* confdefs.h */
#define PACKAGE_NAME "Raptor RDF Parser"
#define PACKAGE_TARNAME "raptor"
#define PACKAGE_VERSION "1.4.21"
#define PACKAGE_STRING "Raptor RDF Parser 1.4.21"
#define PACKAGE_BUGREPORT "http://bugs.librdf.org/"
#define PACKAGE_URL ""
#define PACKAGE "raptor"
#define VERSION "1.4.21"
#define STDC_HEADERS 1
#define HAVE_SYS_TYPES_H 1
#define HAVE_SYS_STAT_H 1
#define HAVE_STDLIB_H 1
#define HAVE_STRING_H 1
#define HAVE_MEMORY_H 1
#define HAVE_STRINGS_H 1
#define HAVE_INTTYPES_H 1
#define HAVE_STDINT_H 1
#define HAVE_UNISTD_H 1
#define HAVE_DLFCN_H 1
#define LT_OBJDIR ".libs/"
#define STDC_HEADERS 1
#define HAVE_ERRNO_H 1
#define HAVE_FCNTL_H 1
#define HAVE_STDLIB_H 1
#define HAVE_UNISTD_H 1
#define HAVE_STRING_H 1
#define HAVE_LIMITS_H 1
#define HAVE_MATH_H 1
#define HAVE_GETOPT_H 1
#define HAVE_SYS_STAT_H 1
#define HAVE_SYS_PARAM_H 1
#define HAVE_SYS_TIME_H 1
#define HAVE_SETJMP_H 1
#define TIME_WITH_SYS_TIME 1
#define SIZEOF_UNSIGNED_CHAR 1
#define SIZEOF_UNSIGNED_SHORT 2
#define SIZEOF_UNSIGNED_INT 4
#define SIZEOF_UNSIGNED_LONG 8
#define RAPTOR_VERSION_MAJOR 1
#define RAPTOR_VERSION_MINOR 4
#define RAPTOR_VERSION_RELEASE 21
#define RAPTOR_VERSION_DECIMAL 10421
#define HAVE_GETTIMEOFDAY 1
#define HAVE_GETOPT 1
#define HAVE_GETOPT_LONG 1
#define HAVE_STRCASECMP 1
#define HAVE_VSNPRINTF 1
#define HAVE_ISASCII 1
#define HAVE_SETJMP 1
#define HAVE_C99_VSNPRINTF 1
#define HAVE_TRUNC 1
#define HAVE_ROUND 1
#define HAVE_EXPAT_H 1
#define HAVE_LIBXML_NANOHTTP_H 1
#define HAVE_LIBXML_PARSER_H 1
#define HAVE_LIBXML_HASH_H 1
#define HAVE_LIBXML_SAX2_H 1
#define RAPTOR_LIBXML_ENTITY_ETYPE 1
#define RAPTOR_LIBXML_XMLSAXHANDLER_INITIALIZED 1
#define RAPTOR_LIBXML_XMLSAXHANDLER_EXTERNALSUBSET 1
#define HAVE_XMLSAX2INTERNALSUBSET 1
#define HAVE_XMLCTXTUSEOPTIONS 1
#define RAPTOR_LIBXML_XML_PARSE_NONET 1
#define HAVE_LIBXML_HTMLPARSER_H 1
#define RAPTOR_LIBXML_HTML_PARSE_NONET 1
#define HAVE_LIBXSLT_XSLT_H 1
#define RAPTOR_XML_LIBXML 1
#define RAPTOR_PARSER_RDFXML 1
#define RAPTOR_PARSER_NTRIPLES 1
#define RAPTOR_PARSER_TURTLE 1
#define RAPTOR_PARSER_TRIG 1
#define RAPTOR_PARSER_GUESS 1
#define RAPTOR_PARSER_RSS 1
#define RAPTOR_PARSER_RDFA 1
#define RAPTOR_PARSER_GRDDL 1
#define RAPTOR_SERIALIZER_RDFXML 1
#define RAPTOR_SERIALIZER_RDFXML_ABBREV 1
#define RAPTOR_SERIALIZER_TURTLE 1
#define RAPTOR_SERIALIZER_NTRIPLES 1
#define RAPTOR_SERIALIZER_RSS_1_0 1
#define RAPTOR_SERIALIZER_DOT 1
#define RAPTOR_SERIALIZER_JSON 1
#define RAPTOR_SERIALIZER_ATOM 1
#define RAPTOR_NFC_CHECK 1
#define RAPTOR_WWW_LIBXML 1
#define HAVE_RAPTOR_PARSE_DATE 1

configure: exit 0
